<?xml version="1.0" encoding="utf-8"?>
<TestRun id="7edd9f4f-01eb-4ba4-9f22-0b4dc3604b0b" name="@vase 2026-08-27 18:44:52" xmlns="http://microsoft.com/schemas/VisualStudio/TeamTest/2010">
  <Times creation="2026-08-27T18:44:52.4758070+02:00" queuing="2026-08-27T18:44:52.4758070+02:00" start="2026-08-27T18:44:51.8963670+02:00" finish="2026-08-27T18:44:54.0318770+02:00" />
  <TestSettings name="default" id="e7c3e9a7-2c91-4966-b903-0ba0723562e7">
    <Deployment runDeploymentRoot="_vase_2026-08-27_18_44_52" />
  </TestSettings>
  <Results>
    <UnitTestResult executionId="de64bb70-e147-40db-954f-dabc9e088fa2" testId="347f06e7-354b-a49a-14b8-8e8569b81c43" testName="Contract.Conformance.TextValidationVectors" computerName="vase" duration="00:00:00.0349106" startTime="2026-08-27T18:44:52.3675240+02:00" endTime="2026-08-27T18:44:52.4051340+02:00" testType="13cdc9d9-ddb5-4fa4-a97d-d965ccfc6d4b" outcome="Passed" testListId="8c84fa94-04c1-424b-9868-57a2d4851a1d" relativeResultsDirectory="de64bb70-e147-40db-954f-dabc9e088fa2" />
    <UnitTestResult executionId="e78890df-ca04-4e5f-8c6a-2c35791d4515" testId="287bd12e-4254-e8a8-506a-d5f0035bad48" testName="Contract.Performance.DatabaseFailureIsControlled" computerName="vase" duration="00:00:00.1695737" startTime="2026-08-27T18:44:52.6977320+02:00" endTime="2026-08-27T18:44:52.8669420+02:00" testType="13cdc9d9-ddb5-4fa4-a97d-d965ccfc6d4b" outcome="Passed" testListId="8c84fa94-04c1-424b-9868-57a2d4851a1d" relativeResultsDirectory="e78890df-ca04-4e5f-8c6a-2c35791d4515" />
    <UnitTestResult executionId="2a4ff471-4f3a-4a73-ae72-9c177e06bd99" testId="0920e41b-4e9c-9be7-021d-6012776b6669" testName="LegoCatalog.App.Tests.RuntimeIdentityConfigurationTests.MissingRuntimeIdentityVariableFailsFast(variableName: &quot;DEPLOYMENT_ENVIRONMENT&quot;)" computerName="vase" duration="00:00:00.0001519" startTime="2026-08-27T18:44:52.4018530+02:00" endTime="2026-08-27T18:44:52.4018760+02:00" testType="13cdc9d9-ddb5-4fa4-a97d-d965ccfc6d4b" outcome="Passed" testListId="8c84fa94-04c1-424b-9868-57a2d4851a1d" relativeResultsDirectory="2a4ff471-4f3a-4a73-ae72-9c177e06bd99" />
    <UnitTestResult executionId="5cfa7a34-8184-4128-89a2-f85abd0d876f" testId="b9189df8-f5c1-d3b4-8fcf-da4c9f5db27f" testName="LegoCatalog.App.Tests.RuntimeIdentityConfigurationTests.DeploymentEnvironmentRejectsValuesOtherThanLab" computerName="vase" duration="00:00:00.0003786" startTime="2026-08-27T18:44:52.4019270+02:00" endTime="2026-08-27T18:44:52.4019490+02:00" testType="13cdc9d9-ddb5-4fa4-a97d-d965ccfc6d4b" outcome="Passed" testListId="8c84fa94-04c1-424b-9868-57a2d4851a1d" relativeResultsDirectory="5cfa7a34-8184-4128-89a2-f85abd0d876f" />
    <UnitTestResult executionId="dc353953-f837-4ccc-aafa-599d4415829f" testId="60c4a015-1fbb-72c9-1adc-f85dc7044551" testName="LegoCatalog.App.Tests.ImageSecurityTests.RejectsNonCanonicalImageKeys(key: &quot;%2e%2e%2fcatalog.json&quot;)" computerName="vase" duration="00:00:00.0000007" startTime="2026-08-27T18:44:52.3996720+02:00" endTime="2026-08-27T18:44:52.3997020+02:00" testType="13cdc9d9-ddb5-4fa4-a97d-d965ccfc6d4b" outcome="Passed" testListId="8c84fa94-04c1-424b-9868-57a2d4851a1d" relativeResultsDirectory="dc353953-f837-4ccc-aafa-599d4415829f" />
    <UnitTestResult executionId="a56d15dc-123a-4a95-9674-87f5529ef038" testId="74893996-9bd9-bda1-c5f4-7451c2767f2c" testName="Contract.Performance.MissingKeyReturnsUnauthorized" computerName="vase" duration="00:00:00.3264866" startTime="2026-08-27T18:44:52.3683040+02:00" endTime="2026-08-27T18:44:52.6969580+02:00" testType="13cdc9d9-ddb5-4fa4-a97d-d965ccfc6d4b" outcome="Passed" testListId="8c84fa94-04c1-424b-9868-57a2d4851a1d" relativeResultsDirectory="a56d15dc-123a-4a95-9674-87f5529ef038" />
    <UnitTestResult executionId="74b8f2fb-0729-4560-bcfc-7de077497931" testId="e917e6db-3b58-4c59-e46e-869efff25bdf" testName="Contract.Performance.InvalidWorkFactorsFailStartup" computerName="vase" duration="00:00:00.0002193" startTime="2026-08-27T18:44:52.6971110+02:00" endTime="2026-08-27T18:44:52.6976650+02:00" testType="13cdc9d9-ddb5-4fa4-a97d-d965ccfc6d4b" outcome="Passed" testListId="8c84fa94-04c1-424b-9868-57a2d4851a1d" relativeResultsDirectory="74b8f2fb-0729-4560-bcfc-7de077497931" />
    <UnitTestResult executionId="bfb0e9ce-89de-49b0-a591-a70afd088d75" testId="09d3d0d4-81d2-a68b-b01a-34756b48a6bc" testName="LegoCatalog.App.Tests.OriginalRequestTargetMiddlewareTests.UnsafeOriginalTargetsReturnNotFound(rawTarget: &quot;/images/%252e%252e%252fhealthz&quot;)" computerName="vase" duration="00:00:00.0002505" startTime="2026-08-27T18:44:52.4006320+02:00" endTime="2026-08-27T18:44:52.4006540+02:00" testType="13cdc9d9-ddb5-4fa4-a97d-d965ccfc6d4b" outcome="Passed" testListId="8c84fa94-04c1-424b-9868-57a2d4851a1d" relativeResultsDirectory="bfb0e9ce-89de-49b0-a591-a70afd088d75" />
    <UnitTestResult executionId="8291e0ac-ccfe-4fdc-86cc-5a58b0e15126" testId="959a6fbf-41d5-f526-c12a-b5e9d4349af8" testName="Contract.Catalog.FigureIdentityIsCanonical" computerName="vase" duration="00:00:00.1297902" startTime="2026-08-27T18:44:53.8580090+02:00" endTime="2026-08-27T18:44:53.9878580+02:00" testType="13cdc9d9-ddb5-4fa4-a97d-d965ccfc6d4b" outcome="Passed" testListId="8c84fa94-04c1-424b-9868-57a2d4851a1d" relativeResultsDirectory="8291e0ac-ccfe-4fdc-86cc-5a58b0e15126" />
    <UnitTestResult executionId="006fd6bf-5d70-4d96-a918-e39d8d3b67db" testId="6d6ea39e-a65f-13f6-17b9-d8860817fcb0" testName="Contract.Catalog.AliasesAreRejectedBeforeRouting" computerName="vase" duration="00:00:00.1424002" startTime="2026-08-27T18:44:53.7153730+02:00" endTime="2026-08-27T18:44:53.8578510+02:00" testType="13cdc9d9-ddb5-4fa4-a97d-d965ccfc6d4b" outcome="Passed" testListId="8c84fa94-04c1-424b-9868-57a2d4851a1d" relativeResultsDirectory="006fd6bf-5d70-4d96-a918-e39d8d3b67db" />
    <UnitTestResult executionId="86e3e76e-0585-47ea-9883-948ad7db6c04" testId="e79834cc-771d-3e79-df91-8b6c66880c61" testName="LegoCatalog.App.Tests.ImageSecurityTests.RejectsNonCanonicalImageKeys(key: &quot;10000000-0000-4000-8000-000000000001.PNG&quot;)" computerName="vase" duration="00:00:00.0000727" startTime="2026-08-27T18:44:52.3792370+02:00" endTime="2026-08-27T18:44:52.3792740+02:00" testType="13cdc9d9-ddb5-4fa4-a97d-d965ccfc6d4b" outcome="Passed" testListId="8c84fa94-04c1-424b-9868-57a2d4851a1d" relativeResultsDirectory="86e3e76e-0585-47ea-9883-948ad7db6c04" />
    <UnitTestResult executionId="fe5da1f0-ab70-4ba2-bbdd-a61e989d7709" testId="ce72d6b1-2d59-9b88-6ff5-6840f9c2d727" testName="Contract.Performance.InvalidKeyReturnsUnauthorized" computerName="vase" duration="00:00:00.1574861" startTime="2026-08-27T18:44:52.8671370+02:00" endTime="2026-08-27T18:44:53.0246350+02:00" testType="13cdc9d9-ddb5-4fa4-a97d-d965ccfc6d4b" outcome="Passed" testListId="8c84fa94-04c1-424b-9868-57a2d4851a1d" relativeResultsDirectory="fe5da1f0-ab70-4ba2-bbdd-a61e989d7709" />
    <UnitTestResult executionId="48326e61-2879-42ef-a50e-271acd6e2664" testId="c7f06be5-955e-e07e-1597-a8e0de33df2a" testName="Contract.Health.ReadinessReportsImportFailure" computerName="vase" duration="00:00:00.1343668" startTime="2026-08-27T18:44:52.8612440+02:00" endTime="2026-08-27T18:44:52.9956750+02:00" testType="13cdc9d9-ddb5-4fa4-a97d-d965ccfc6d4b" outcome="Passed" testListId="8c84fa94-04c1-424b-9868-57a2d4851a1d" relativeResultsDirectory="48326e61-2879-42ef-a50e-271acd6e2664" />
    <UnitTestResult executionId="5e798b36-fa41-4f69-84c7-2c8807f8c21f" testId="04822bb5-d811-f8c3-c3f6-f0b3667d2f98" testName="Contract.Health.LivenessSurvivesDatabaseOutage" computerName="vase" duration="00:00:00.1639431" startTime="2026-08-27T18:44:52.6976330+02:00" endTime="2026-08-27T18:44:52.8611200+02:00" testType="13cdc9d9-ddb5-4fa4-a97d-d965ccfc6d4b" outcome="Passed" testListId="8c84fa94-04c1-424b-9868-57a2d4851a1d" relativeResultsDirectory="5e798b36-fa41-4f69-84c7-2c8807f8c21f" />
    <UnitTestResult executionId="014968c3-986a-4023-8c59-617a124986f9" testId="9987e4d3-1fdb-d9c3-4313-bba3b71a7d46" testName="LegoCatalog.App.Tests.RuntimeIdentityConfigurationTests.SuppliedRuntimeIdentityVariablesReachTheOptions" computerName="vase" duration="00:00:00.0005760" startTime="2026-08-27T18:44:52.4019990+02:00" endTime="2026-08-27T18:44:52.4020210+02:00" testType="13cdc9d9-ddb5-4fa4-a97d-d965ccfc6d4b" outcome="Passed" testListId="8c84fa94-04c1-424b-9868-57a2d4851a1d" relativeResultsDirectory="014968c3-986a-4023-8c59-617a124986f9" />
    <UnitTestResult executionId="53c5c375-9e75-4090-a46f-f7705b59f991" testId="87f87a4a-5207-63d4-1fee-c1fa9c75fb4c" testName="Contract.Health.ReadinessFailsDuringDatabaseOutage" computerName="vase" duration="00:00:00.3265504" startTime="2026-08-27T18:44:52.3682500+02:00" endTime="2026-08-27T18:44:52.6971470+02:00" testType="13cdc9d9-ddb5-4fa4-a97d-d965ccfc6d4b" outcome="Passed" testListId="8c84fa94-04c1-424b-9868-57a2d4851a1d" relativeResultsDirectory="53c5c375-9e75-4090-a46f-f7705b59f991" />
    <UnitTestResult executionId="e30bcbbe-5765-445c-b2c0-7ae873f99af3" testId="da7eb108-9b0b-2fc3-192c-a2ac5c1dab43" testName="Contract.Conformance.NormalizationVectors" computerName="vase" duration="00:00:00.0006217" startTime="2026-08-27T18:44:52.4071050+02:00" endTime="2026-08-27T18:44:52.4076810+02:00" testType="13cdc9d9-ddb5-4fa4-a97d-d965ccfc6d4b" outcome="Passed" testListId="8c84fa94-04c1-424b-9868-57a2d4851a1d" relativeResultsDirectory="e30bcbbe-5765-445c-b2c0-7ae873f99af3" />
    <UnitTestResult executionId="9a1d4d8d-9ea7-49f9-91d9-49ffda69f33b" testId="7cef10a2-cdd6-976e-1d6c-f38fe9376522" testName="LegoCatalog.App.Tests.OriginalRequestTargetMiddlewareTests.CanonicalOriginalTargetContinues" computerName="vase" duration="00:00:00.0003562" startTime="2026-08-27T18:44:52.4016670+02:00" endTime="2026-08-27T18:44:52.4016900+02:00" testType="13cdc9d9-ddb5-4fa4-a97d-d965ccfc6d4b" outcome="Passed" testListId="8c84fa94-04c1-424b-9868-57a2d4851a1d" relativeResultsDirectory="9a1d4d8d-9ea7-49f9-91d9-49ffda69f33b" />
    <UnitTestResult executionId="4011568f-5fd2-4b5a-ad18-47fce29f2923" testId="c778810e-d991-3441-cfb0-317d277265e8" testName="LegoCatalog.App.Tests.ConformanceVectorTests.IdentityMatchesSharedVectors" computerName="vase" duration="00:00:00.0018269" startTime="2026-08-27T18:44:52.4056220+02:00" endTime="2026-08-27T18:44:52.4070090+02:00" testType="13cdc9d9-ddb5-4fa4-a97d-d965ccfc6d4b" outcome="Passed" testListId="8c84fa94-04c1-424b-9868-57a2d4851a1d" relativeResultsDirectory="4011568f-5fd2-4b5a-ad18-47fce29f2923" />
    <UnitTestResult executionId="ccfba56a-0445-4472-8edd-864643ab8c07" testId="9219702c-374a-96fd-55b2-70c5a209956b" testName="LegoCatalog.App.Tests.ConformanceVectorTests.UnicodeCategoryAndWholeDocumentValidationAreStable" computerName="vase" duration="00:00:00.0086836" startTime="2026-08-27T18:44:52.4077570+02:00" endTime="2026-08-27T18:44:52.4174900+02:00" testType="13cdc9d9-ddb5-4fa4-a97d-d965ccfc6d4b" outcome="Passed" testListId="8c84fa94-04c1-424b-9868-57a2d4851a1d" relativeResultsDirectory="ccfba56a-0445-4472-8edd-864643ab8c07" />
    <UnitTestResult executionId="b2434f75-5c8d-41b4-9af1-b09d46ce3690" testId="7990c44b-1aba-5f5e-c6a3-494f35781c9b" testName="LegoCatalog.App.Tests.OriginalRequestTargetMiddlewareTests.UnsafeOriginalTargetsReturnNotFound(rawTarget: &quot;/images/%2e%2e%2fhealthz&quot;)" computerName="vase" duration="00:00:00.0000122" startTime="2026-08-27T18:44:52.4005700+02:00" endTime="2026-08-27T18:44:52.4005920+02:00" testType="13cdc9d9-ddb5-4fa4-a97d-d965ccfc6d4b" outcome="Passed" testListId="8c84fa94-04c1-424b-9868-57a2d4851a1d" relativeResultsDirectory="b2434f75-5c8d-41b4-9af1-b09d46ce3690" />
    <UnitTestResult executionId="acb709a6-18a6-44fe-a450-e1ebff03afa9" testId="0a59c264-124f-7e68-9678-9efc22ccdcfd" testName="LegoCatalog.App.Tests.RuntimeIdentityConfigurationTests.MissingRuntimeIdentityVariableFailsFast(variableName: &quot;CONTAINER_APP_REVISION&quot;)" computerName="vase" duration="00:00:00.0229352" startTime="2026-08-27T18:44:52.3682820+02:00" endTime="2026-08-27T18:44:52.4017560+02:00" testType="13cdc9d9-ddb5-4fa4-a97d-d965ccfc6d4b" outcome="Passed" testListId="8c84fa94-04c1-424b-9868-57a2d4851a1d" relativeResultsDirectory="acb709a6-18a6-44fe-a450-e1ebff03afa9" />
    <UnitTestResult executionId="fc7ec9b6-4aea-45fa-846a-4d7593648251" testId="1eeea80c-ed54-c6b3-f3c4-6a53f0c987ee" testName="Contract.Catalog.StartupImportIsIdempotent" computerName="vase" duration="00:00:00.1657161" startTime="2026-08-27T18:44:53.5494040+02:00" endTime="2026-08-27T18:44:53.7151910+02:00" testType="13cdc9d9-ddb5-4fa4-a97d-d965ccfc6d4b" outcome="Passed" testListId="8c84fa94-04c1-424b-9868-57a2d4851a1d" relativeResultsDirectory="fc7ec9b6-4aea-45fa-846a-4d7593648251" />
    <UnitTestResult executionId="1c7af3c8-50ee-4a2f-8eb0-2dc341a32f99" testId="c57e55de-dfd0-4eda-c65b-4f51a726e921" testName="Contract.Catalog.SearchMatchesNameOnly" computerName="vase" duration="00:00:00.1407102" startTime="2026-08-27T18:44:53.4089310+02:00" endTime="2026-08-27T18:44:53.5492910+02:00" testType="13cdc9d9-ddb5-4fa4-a97d-d965ccfc6d4b" outcome="Passed" testListId="8c84fa94-04c1-424b-9868-57a2d4851a1d" relativeResultsDirectory="1c7af3c8-50ee-4a2f-8eb0-2dc341a32f99" />
    <UnitTestResult executionId="25580cd1-f2ac-49c7-8459-0ed718df2b2f" testId="bc28be9d-d770-4cb9-de19-2f48105347db" testName="Contract.Performance.TimeoutIsControlled" computerName="vase" duration="00:00:00.1133820" startTime="2026-08-27T18:44:53.0248330+02:00" endTime="2026-08-27T18:44:53.1383050+02:00" testType="13cdc9d9-ddb5-4fa4-a97d-d965ccfc6d4b" outcome="Passed" testListId="8c84fa94-04c1-424b-9868-57a2d4851a1d" relativeResultsDirectory="25580cd1-f2ac-49c7-8459-0ed718df2b2f" />
    <UnitTestResult executionId="5b66af9a-54a0-48e2-b12b-61b337cdee46" testId="ea3dea5f-bb79-1842-0534-55a262ba1cf0" testName="Contract.Telemetry.FinalResponseStatus" computerName="vase" duration="00:00:00.0021700" startTime="2026-08-27T18:44:52.4271420+02:00" endTime="2026-08-27T18:44:52.4292750+02:00" testType="13cdc9d9-ddb5-4fa4-a97d-d965ccfc6d4b" outcome="Passed" testListId="8c84fa94-04c1-424b-9868-57a2d4851a1d" relativeResultsDirectory="5b66af9a-54a0-48e2-b12b-61b337cdee46" />
    <UnitTestResult executionId="dea8545e-803d-4d36-86b8-f8eeacd11256" testId="1401504c-503a-c88d-9f98-075f7d04bbd2" testName="LegoCatalog.App.Tests.RuntimeIdentityConfigurationTests.MissingRuntimeIdentityVariableFailsFast(variableName: &quot;OTEL_SERVICE_VERSION&quot;)" computerName="vase" duration="00:00:00.0004648" startTime="2026-08-27T18:44:52.4017940+02:00" endTime="2026-08-27T18:44:52.4018160+02:00" testType="13cdc9d9-ddb5-4fa4-a97d-d965ccfc6d4b" outcome="Passed" testListId="8c84fa94-04c1-424b-9868-57a2d4851a1d" relativeResultsDirectory="dea8545e-803d-4d36-86b8-f8eeacd11256" />
    <UnitTestResult executionId="1d766fe1-d95a-435c-860b-5bd6e2f2d5d2" testId="d99169db-fb06-6269-0859-dd931e552ed3" testName="LegoCatalog.App.Tests.ImageSecurityTests.AcceptsCanonicalImageKey" computerName="vase" duration="00:00:00.0000573" startTime="2026-08-27T18:44:52.3998080+02:00" endTime="2026-08-27T18:44:52.3998320+02:00" testType="13cdc9d9-ddb5-4fa4-a97d-d965ccfc6d4b" outcome="Passed" testListId="8c84fa94-04c1-424b-9868-57a2d4851a1d" relativeResultsDirectory="1d766fe1-d95a-435c-860b-5bd6e2f2d5d2" />
    <UnitTestResult executionId="9c28249e-655f-45fa-bb37-2415ecfe0ad5" testId="c6860731-5bff-268b-83db-16ea5ae163bc" testName="LegoCatalog.App.Tests.ImageSecurityTests.RejectsNonCanonicalImageKeys(key: &quot;not-a-uuid.png&quot;)" computerName="vase" duration="00:00:00.0027520" startTime="2026-08-27T18:44:52.3682710+02:00" endTime="2026-08-27T18:44:52.3740010+02:00" testType="13cdc9d9-ddb5-4fa4-a97d-d965ccfc6d4b" outcome="Passed" testListId="8c84fa94-04c1-424b-9868-57a2d4851a1d" relativeResultsDirectory="9c28249e-655f-45fa-bb37-2415ecfe0ad5" />
    <UnitTestResult executionId="89d3a272-a6ec-4784-bb9e-9f32dcb99592" testId="a06a349f-6beb-d046-2d80-cadcbaa1d0d1" testName="Contract.Catalog.CategoryFilterAcceptsSlugAndName" computerName="vase" duration="00:00:01.0380818" startTime="2026-08-27T18:44:52.3683230+02:00" endTime="2026-08-27T18:44:53.4084120+02:00" testType="13cdc9d9-ddb5-4fa4-a97d-d965ccfc6d4b" outcome="Passed" testListId="8c84fa94-04c1-424b-9868-57a2d4851a1d" relativeResultsDirectory="89d3a272-a6ec-4784-bb9e-9f32dcb99592" />
    <UnitTestResult executionId="dc993874-9ef1-4b14-92af-b856ac64c0a8" testId="ccbfbc7f-e808-6140-944f-d2dbce389070" testName="LegoCatalog.App.Tests.TelemetryContractTests.QueryTraceMetricAndFailureLogUseFrozenNames" computerName="vase" duration="00:00:00.0050850" startTime="2026-08-27T18:44:52.4220240+02:00" endTime="2026-08-27T18:44:52.4270610+02:00" testType="13cdc9d9-ddb5-4fa4-a97d-d965ccfc6d4b" outcome="Passed" testListId="8c84fa94-04c1-424b-9868-57a2d4851a1d" relativeResultsDirectory="dc993874-9ef1-4b14-92af-b856ac64c0a8" />
    <UnitTestResult executionId="db55da46-9ba3-425c-a64a-d67de324b14f" testId="0d9d7505-43c8-572b-ed8c-2b0b3bea890c" testName="Contract.Telemetry.RejectedDocumentIncrementsOnce" computerName="vase" duration="00:00:00.0477721" startTime="2026-08-27T18:44:52.3997400+02:00" endTime="2026-08-27T18:44:52.4219290+02:00" testType="13cdc9d9-ddb5-4fa4-a97d-d965ccfc6d4b" outcome="Passed" testListId="8c84fa94-04c1-424b-9868-57a2d4851a1d" relativeResultsDirectory="db55da46-9ba3-425c-a64a-d67de324b14f" />
    <UnitTestResult executionId="4eec7bd6-7a49-4840-8764-e04d9f54dd29" testId="0a704e87-6e0f-336c-73ff-eb2178156d56" testName="LegoCatalog.App.Tests.TelemetryContractTests.ResourceIdentityUsesFrozenValues" computerName="vase" duration="00:00:00.0036487" startTime="2026-08-27T18:44:52.3683130+02:00" endTime="2026-08-27T18:44:52.3780000+02:00" testType="13cdc9d9-ddb5-4fa4-a97d-d965ccfc6d4b" outcome="Passed" testListId="8c84fa94-04c1-424b-9868-57a2d4851a1d" relativeResultsDirectory="4eec7bd6-7a49-4840-8764-e04d9f54dd29" />
    <UnitTestResult executionId="ecddc530-01d3-4e08-bea1-d0706c4db100" testId="92f06ffb-04b2-b3c0-826a-7c097094788e" testName="LegoCatalog.App.Tests.ImageSecurityTests.RejectsNonCanonicalImageKeys(key: &quot;../catalog.json&quot;)" computerName="vase" duration="00:00:00.0000032" startTime="2026-08-27T18:44:52.3989490+02:00" endTime="2026-08-27T18:44:52.3989920+02:00" testType="13cdc9d9-ddb5-4fa4-a97d-d965ccfc6d4b" outcome="Passed" testListId="8c84fa94-04c1-424b-9868-57a2d4851a1d" relativeResultsDirectory="ecddc530-01d3-4e08-bea1-d0706c4db100" />
    <UnitTestResult executionId="ed3bc1bb-698a-4da7-86ec-1e169c1b4eef" testId="7e105409-5092-f4b5-a946-d80c90814fb6" testName="Contract.Performance.MissingWorkFactorUsesDefault" computerName="vase" duration="00:00:00.0000489" startTime="2026-08-27T18:44:52.8670440+02:00" endTime="2026-08-27T18:44:52.8670720+02:00" testType="13cdc9d9-ddb5-4fa4-a97d-d965ccfc6d4b" outcome="Passed" testListId="8c84fa94-04c1-424b-9868-57a2d4851a1d" relativeResultsDirectory="ed3bc1bb-698a-4da7-86ec-1e169c1b4eef" />
    <UnitTestResult executionId="1e86ca4f-4ec0-46ea-a382-ae5637a31ab9" testId="3593e72f-ee96-de7e-9a41-1fb1d0ff118b" testName="LegoCatalog.App.Tests.ImageSecurityTests.RejectsNonCanonicalImageKeys(key: &quot;..\\catalog.json&quot;)" computerName="vase" duration="00:00:00.0000012" startTime="2026-08-27T18:44:52.3991330+02:00" endTime="2026-08-27T18:44:52.3995670+02:00" testType="13cdc9d9-ddb5-4fa4-a97d-d965ccfc6d4b" outcome="Passed" testListId="8c84fa94-04c1-424b-9868-57a2d4851a1d" relativeResultsDirectory="1e86ca4f-4ec0-46ea-a382-ae5637a31ab9" />
    <UnitTestResult executionId="51f8101f-c293-4aff-9599-47681b9395f5" testId="5d9bcb17-6ac3-3dc5-70b8-0f65f574adc6" testName="LegoCatalog.App.Tests.OriginalRequestTargetMiddlewareTests.UnsafeOriginalTargetsReturnNotFound(rawTarget: &quot;/images\\..\\healthz&quot;)" computerName="vase" duration="00:00:00.0000035" startTime="2026-08-27T18:44:52.4015270+02:00" endTime="2026-08-27T18:44:52.4015500+02:00" testType="13cdc9d9-ddb5-4fa4-a97d-d965ccfc6d4b" outcome="Passed" testListId="8c84fa94-04c1-424b-9868-57a2d4851a1d" relativeResultsDirectory="51f8101f-c293-4aff-9599-47681b9395f5" />
    <UnitTestResult executionId="6f6fb639-2a9e-475b-b35e-5fa28f25f19c" testId="129e97c3-419b-4133-ca44-86260927d19c" testName="LegoCatalog.App.Tests.OriginalRequestTargetMiddlewareTests.UnsafeOriginalTargetsReturnNotFound(rawTarget: &quot;/images/../healthz&quot;)" computerName="vase" duration="00:00:00.0000041" startTime="2026-08-27T18:44:52.4015880+02:00" endTime="2026-08-27T18:44:52.4016100+02:00" testType="13cdc9d9-ddb5-4fa4-a97d-d965ccfc6d4b" outcome="Passed" testListId="8c84fa94-04c1-424b-9868-57a2d4851a1d" relativeResultsDirectory="6f6fb639-2a9e-475b-b35e-5fa28f25f19c" />
    <UnitTestResult executionId="62413009-a54d-40e9-a5bd-ca438469d408" testId="1a54dd62-47b6-c650-73b4-989fb68119dc" testName="LegoCatalog.App.Tests.OriginalRequestTargetMiddlewareTests.UnsafeOriginalTargetsReturnNotFound(rawTarget: &quot;/images/%2e%2e%5chealthz&quot;)" computerName="vase" duration="00:00:00.0131317" startTime="2026-08-27T18:44:52.3682930+02:00" endTime="2026-08-27T18:44:52.4004400+02:00" testType="13cdc9d9-ddb5-4fa4-a97d-d965ccfc6d4b" outcome="Passed" testListId="8c84fa94-04c1-424b-9868-57a2d4851a1d" relativeResultsDirectory="62413009-a54d-40e9-a5bd-ca438469d408" />
    <UnitTestResult executionId="17d707ca-0d1f-4f4b-9fc2-0d516d4083db" testId="4656b6b0-80fb-06bb-23cf-e8ca170a697f" testName="Contract.Performance.BoundsAreAccepted" computerName="vase" duration="00:00:00.0000664" startTime="2026-08-27T18:44:53.0247400+02:00" endTime="2026-08-27T18:44:53.0247760+02:00" testType="13cdc9d9-ddb5-4fa4-a97d-d965ccfc6d4b" outcome="Passed" testListId="8c84fa94-04c1-424b-9868-57a2d4851a1d" relativeResultsDirectory="17d707ca-0d1f-4f4b-9fc2-0d516d4083db" />
    <UnitTestResult executionId="17ff788f-6fa8-453d-a740-f4b479e29f66" testId="c7cc7c3b-cea9-43f9-0b3c-c029397c31e5" testName="LegoCatalog.App.Tests.OriginalRequestTargetMiddlewareTests.UnsafeOriginalTargetsReturnNotFound(rawTarget: &quot;/perftest%5ccatalog&quot;)" computerName="vase" duration="00:00:00.0000081" startTime="2026-08-27T18:44:52.4014510+02:00" endTime="2026-08-27T18:44:52.4014790+02:00" testType="13cdc9d9-ddb5-4fa4-a97d-d965ccfc6d4b" outcome="Passed" testListId="8c84fa94-04c1-424b-9868-57a2d4851a1d" relativeResultsDirectory="17ff788f-6fa8-453d-a740-f4b479e29f66" />
    <UnitTestResult executionId="be5cd5b8-c5f0-4ed9-9abe-1add485110f9" testId="5e8b2e4c-5ad2-d057-04e4-377f92350cad" testName="LegoCatalog.App.Tests.OriginalRequestTargetMiddlewareTests.UnsafeOriginalTargetsReturnNotFound(rawTarget: &quot;/perftest\\catalog&quot;)" computerName="vase" duration="00:00:00.0000939" startTime="2026-08-27T18:44:52.4005010+02:00" endTime="2026-08-27T18:44:52.4005260+02:00" testType="13cdc9d9-ddb5-4fa4-a97d-d965ccfc6d4b" outcome="Passed" testListId="8c84fa94-04c1-424b-9868-57a2d4851a1d" relativeResultsDirectory="be5cd5b8-c5f0-4ed9-9abe-1add485110f9" />
  </Results>
  <TestDefinitions>
    <UnitTest name="Contract.Telemetry.RejectedDocumentIncrementsOnce" storage="/users/mimarusa/documents/prj/_copilot_/copilot-worktrees/microhack-appinnovation/michalmar-refactored-waddle/dotnet/tests/legocatalog.app.tests/bin/debug/net10.0/legocatalog.app.tests.dll" id="0d9d7505-43c8-572b-ed8c-2b0b3bea890c">
      <Execution id="db55da46-9ba3-425c-a64a-d67de324b14f" />
      <TestMethod codeBase="/Users/mimarusa/Documents/PRJ/_COPILOT_/copilot-worktrees/MicroHack-AppInnovation/michalmar-refactored-waddle/dotnet/tests/LegoCatalog.App.Tests/bin/Debug/net10.0/LegoCatalog.App.Tests.dll" adapterTypeName="executor://xunit/VsTestRunner3/netcore/" className="LegoCatalog.App.Tests.TelemetryContractTests" name="RejectedDocumentRecordsExactlyOneRejectedUnit" />
    </UnitTest>
    <UnitTest name="LegoCatalog.App.Tests.ImageSecurityTests.RejectsNonCanonicalImageKeys(key: &quot;not-a-uuid.png&quot;)" storage="/users/mimarusa/documents/prj/_copilot_/copilot-worktrees/microhack-appinnovation/michalmar-refactored-waddle/dotnet/tests/legocatalog.app.tests/bin/debug/net10.0/legocatalog.app.tests.dll" id="c6860731-5bff-268b-83db-16ea5ae163bc">
      <Execution id="9c28249e-655f-45fa-bb37-2415ecfe0ad5" />
      <TestMethod codeBase="/Users/mimarusa/Documents/PRJ/_COPILOT_/copilot-worktrees/MicroHack-AppInnovation/michalmar-refactored-waddle/dotnet/tests/LegoCatalog.App.Tests/bin/Debug/net10.0/LegoCatalog.App.Tests.dll" adapterTypeName="executor://xunit/VsTestRunner3/netcore/" className="LegoCatalog.App.Tests.ImageSecurityTests" name="RejectsNonCanonicalImageKeys" />
    </UnitTest>
    <UnitTest name="Contract.Health.ReadinessFailsDuringDatabaseOutage" storage="/users/mimarusa/documents/prj/_copilot_/copilot-worktrees/microhack-appinnovation/michalmar-refactored-waddle/dotnet/tests/legocatalog.app.tests/bin/debug/net10.0/legocatalog.app.tests.dll" id="87f87a4a-5207-63d4-1fee-c1fa9c75fb4c">
      <Execution id="53c5c375-9e75-4090-a46f-f7705b59f991" />
      <TestMethod codeBase="/Users/mimarusa/Documents/PRJ/_COPILOT_/copilot-worktrees/MicroHack-AppInnovation/michalmar-refactored-waddle/dotnet/tests/LegoCatalog.App.Tests/bin/Debug/net10.0/LegoCatalog.App.Tests.dll" adapterTypeName="executor://xunit/VsTestRunner3/netcore/" className="LegoCatalog.App.Tests.HealthContractTests" name="ReadinessFailsDuringDatabaseOutage" />
    </UnitTest>
    <UnitTest name="LegoCatalog.App.Tests.ConformanceVectorTests.IdentityMatchesSharedVectors" storage="/users/mimarusa/documents/prj/_copilot_/copilot-worktrees/microhack-appinnovation/michalmar-refactored-waddle/dotnet/tests/legocatalog.app.tests/bin/debug/net10.0/legocatalog.app.tests.dll" id="c778810e-d991-3441-cfb0-317d277265e8">
      <Execution id="4011568f-5fd2-4b5a-ad18-47fce29f2923" />
      <TestMethod codeBase="/Users/mimarusa/Documents/PRJ/_COPILOT_/copilot-worktrees/MicroHack-AppInnovation/michalmar-refactored-waddle/dotnet/tests/LegoCatalog.App.Tests/bin/Debug/net10.0/LegoCatalog.App.Tests.dll" adapterTypeName="executor://xunit/VsTestRunner3/netcore/" className="LegoCatalog.App.Tests.ConformanceVectorTests" name="IdentityMatchesSharedVectors" />
    </UnitTest>
    <UnitTest name="LegoCatalog.App.Tests.RuntimeIdentityConfigurationTests.MissingRuntimeIdentityVariableFailsFast(variableName: &quot;CONTAINER_APP_REVISION&quot;)" storage="/users/mimarusa/documents/prj/_copilot_/copilot-worktrees/microhack-appinnovation/michalmar-refactored-waddle/dotnet/tests/legocatalog.app.tests/bin/debug/net10.0/legocatalog.app.tests.dll" id="0a59c264-124f-7e68-9678-9efc22ccdcfd">
      <Execution id="acb709a6-18a6-44fe-a450-e1ebff03afa9" />
      <TestMethod codeBase="/Users/mimarusa/Documents/PRJ/_COPILOT_/copilot-worktrees/MicroHack-AppInnovation/michalmar-refactored-waddle/dotnet/tests/LegoCatalog.App.Tests/bin/Debug/net10.0/LegoCatalog.App.Tests.dll" adapterTypeName="executor://xunit/VsTestRunner3/netcore/" className="LegoCatalog.App.Tests.RuntimeIdentityConfigurationTests" name="MissingRuntimeIdentityVariableFailsFast" />
    </UnitTest>
    <UnitTest name="Contract.Performance.InvalidWorkFactorsFailStartup" storage="/users/mimarusa/documents/prj/_copilot_/copilot-worktrees/microhack-appinnovation/michalmar-refactored-waddle/dotnet/tests/legocatalog.app.tests/bin/debug/net10.0/legocatalog.app.tests.dll" id="e917e6db-3b58-4c59-e46e-869efff25bdf">
      <Execution id="74b8f2fb-0729-4560-bcfc-7de077497931" />
      <TestMethod codeBase="/Users/mimarusa/Documents/PRJ/_COPILOT_/copilot-worktrees/MicroHack-AppInnovation/michalmar-refactored-waddle/dotnet/tests/LegoCatalog.App.Tests/bin/Debug/net10.0/LegoCatalog.App.Tests.dll" adapterTypeName="executor://xunit/VsTestRunner3/netcore/" className="LegoCatalog.App.Tests.PerformanceContractTests" name="InvalidWorkFactorsFailStartup" />
    </UnitTest>
    <UnitTest name="Contract.Performance.DatabaseFailureIsControlled" storage="/users/mimarusa/documents/prj/_copilot_/copilot-worktrees/microhack-appinnovation/michalmar-refactored-waddle/dotnet/tests/legocatalog.app.tests/bin/debug/net10.0/legocatalog.app.tests.dll" id="287bd12e-4254-e8a8-506a-d5f0035bad48">
      <Execution id="e78890df-ca04-4e5f-8c6a-2c35791d4515" />
      <TestMethod codeBase="/Users/mimarusa/Documents/PRJ/_COPILOT_/copilot-worktrees/MicroHack-AppInnovation/michalmar-refactored-waddle/dotnet/tests/LegoCatalog.App.Tests/bin/Debug/net10.0/LegoCatalog.App.Tests.dll" adapterTypeName="executor://xunit/VsTestRunner3/netcore/" className="LegoCatalog.App.Tests.PerformanceContractTests" name="DatabaseFailureIsControlled" />
    </UnitTest>
    <UnitTest name="Contract.Performance.TimeoutIsControlled" storage="/users/mimarusa/documents/prj/_copilot_/copilot-worktrees/microhack-appinnovation/michalmar-refactored-waddle/dotnet/tests/legocatalog.app.tests/bin/debug/net10.0/legocatalog.app.tests.dll" id="bc28be9d-d770-4cb9-de19-2f48105347db">
      <Execution id="25580cd1-f2ac-49c7-8459-0ed718df2b2f" />
      <TestMethod codeBase="/Users/mimarusa/Documents/PRJ/_COPILOT_/copilot-worktrees/MicroHack-AppInnovation/michalmar-refactored-waddle/dotnet/tests/LegoCatalog.App.Tests/bin/Debug/net10.0/LegoCatalog.App.Tests.dll" adapterTypeName="executor://xunit/VsTestRunner3/netcore/" className="LegoCatalog.App.Tests.PerformanceContractTests" name="TimeoutIsControlled" />
    </UnitTest>
    <UnitTest name="LegoCatalog.App.Tests.OriginalRequestTargetMiddlewareTests.UnsafeOriginalTargetsReturnNotFound(rawTarget: &quot;/perftest\\catalog&quot;)" storage="/users/mimarusa/documents/prj/_copilot_/copilot-worktrees/microhack-appinnovation/michalmar-refactored-waddle/dotnet/tests/legocatalog.app.tests/bin/debug/net10.0/legocatalog.app.tests.dll" id="5e8b2e4c-5ad2-d057-04e4-377f92350cad">
      <Execution id="be5cd5b8-c5f0-4ed9-9abe-1add485110f9" />
      <TestMethod codeBase="/Users/mimarusa/Documents/PRJ/_COPILOT_/copilot-worktrees/MicroHack-AppInnovation/michalmar-refactored-waddle/dotnet/tests/LegoCatalog.App.Tests/bin/Debug/net10.0/LegoCatalog.App.Tests.dll" adapterTypeName="executor://xunit/VsTestRunner3/netcore/" className="LegoCatalog.App.Tests.OriginalRequestTargetMiddlewareTests" name="UnsafeOriginalTargetsReturnNotFound" />
    </UnitTest>
    <UnitTest name="Contract.Performance.MissingWorkFactorUsesDefault" storage="/users/mimarusa/documents/prj/_copilot_/copilot-worktrees/microhack-appinnovation/michalmar-refactored-waddle/dotnet/tests/legocatalog.app.tests/bin/debug/net10.0/legocatalog.app.tests.dll" id="7e105409-5092-f4b5-a946-d80c90814fb6">
      <Execution id="ed3bc1bb-698a-4da7-86ec-1e169c1b4eef" />
      <TestMethod codeBase="/Users/mimarusa/Documents/PRJ/_COPILOT_/copilot-worktrees/MicroHack-AppInnovation/michalmar-refactored-waddle/dotnet/tests/LegoCatalog.App.Tests/bin/Debug/net10.0/LegoCatalog.App.Tests.dll" adapterTypeName="executor://xunit/VsTestRunner3/netcore/" className="LegoCatalog.App.Tests.PerformanceContractTests" name="MissingWorkFactorUsesDefault" />
    </UnitTest>
    <UnitTest name="Contract.Performance.MissingKeyReturnsUnauthorized" storage="/users/mimarusa/documents/prj/_copilot_/copilot-worktrees/microhack-appinnovation/michalmar-refactored-waddle/dotnet/tests/legocatalog.app.tests/bin/debug/net10.0/legocatalog.app.tests.dll" id="74893996-9bd9-bda1-c5f4-7451c2767f2c">
      <Execution id="a56d15dc-123a-4a95-9674-87f5529ef038" />
      <TestMethod codeBase="/Users/mimarusa/Documents/PRJ/_COPILOT_/copilot-worktrees/MicroHack-AppInnovation/michalmar-refactored-waddle/dotnet/tests/LegoCatalog.App.Tests/bin/Debug/net10.0/LegoCatalog.App.Tests.dll" adapterTypeName="executor://xunit/VsTestRunner3/netcore/" className="LegoCatalog.App.Tests.PerformanceContractTests" name="MissingKeyReturnsUnauthorized" />
    </UnitTest>
    <UnitTest name="LegoCatalog.App.Tests.ImageSecurityTests.RejectsNonCanonicalImageKeys(key: &quot;%2e%2e%2fcatalog.json&quot;)" storage="/users/mimarusa/documents/prj/_copilot_/copilot-worktrees/microhack-appinnovation/michalmar-refactored-waddle/dotnet/tests/legocatalog.app.tests/bin/debug/net10.0/legocatalog.app.tests.dll" id="60c4a015-1fbb-72c9-1adc-f85dc7044551">
      <Execution id="dc353953-f837-4ccc-aafa-599d4415829f" />
      <TestMethod codeBase="/Users/mimarusa/Documents/PRJ/_COPILOT_/copilot-worktrees/MicroHack-AppInnovation/michalmar-refactored-waddle/dotnet/tests/LegoCatalog.App.Tests/bin/Debug/net10.0/LegoCatalog.App.Tests.dll" adapterTypeName="executor://xunit/VsTestRunner3/netcore/" className="LegoCatalog.App.Tests.ImageSecurityTests" name="RejectsNonCanonicalImageKeys" />
    </UnitTest>
    <UnitTest name="LegoCatalog.App.Tests.OriginalRequestTargetMiddlewareTests.UnsafeOriginalTargetsReturnNotFound(rawTarget: &quot;/images/%2e%2e%2fhealthz&quot;)" storage="/users/mimarusa/documents/prj/_copilot_/copilot-worktrees/microhack-appinnovation/michalmar-refactored-waddle/dotnet/tests/legocatalog.app.tests/bin/debug/net10.0/legocatalog.app.tests.dll" id="7990c44b-1aba-5f5e-c6a3-494f35781c9b">
      <Execution id="b2434f75-5c8d-41b4-9af1-b09d46ce3690" />
      <TestMethod codeBase="/Users/mimarusa/Documents/PRJ/_COPILOT_/copilot-worktrees/MicroHack-AppInnovation/michalmar-refactored-waddle/dotnet/tests/LegoCatalog.App.Tests/bin/Debug/net10.0/LegoCatalog.App.Tests.dll" adapterTypeName="executor://xunit/VsTestRunner3/netcore/" className="LegoCatalog.App.Tests.OriginalRequestTargetMiddlewareTests" name="UnsafeOriginalTargetsReturnNotFound" />
    </UnitTest>
    <UnitTest name="LegoCatalog.App.Tests.OriginalRequestTargetMiddlewareTests.UnsafeOriginalTargetsReturnNotFound(rawTarget: &quot;/images/%2e%2e%5chealthz&quot;)" storage="/users/mimarusa/documents/prj/_copilot_/copilot-worktrees/microhack-appinnovation/michalmar-refactored-waddle/dotnet/tests/legocatalog.app.tests/bin/debug/net10.0/legocatalog.app.tests.dll" id="1a54dd62-47b6-c650-73b4-989fb68119dc">
      <Execution id="62413009-a54d-40e9-a5bd-ca438469d408" />
      <TestMethod codeBase="/Users/mimarusa/Documents/PRJ/_COPILOT_/copilot-worktrees/MicroHack-AppInnovation/michalmar-refactored-waddle/dotnet/tests/LegoCatalog.App.Tests/bin/Debug/net10.0/LegoCatalog.App.Tests.dll" adapterTypeName="executor://xunit/VsTestRunner3/netcore/" className="LegoCatalog.App.Tests.OriginalRequestTargetMiddlewareTests" name="UnsafeOriginalTargetsReturnNotFound" />
    </UnitTest>
    <UnitTest name="Contract.Performance.BoundsAreAccepted" storage="/users/mimarusa/documents/prj/_copilot_/copilot-worktrees/microhack-appinnovation/michalmar-refactored-waddle/dotnet/tests/legocatalog.app.tests/bin/debug/net10.0/legocatalog.app.tests.dll" id="4656b6b0-80fb-06bb-23cf-e8ca170a697f">
      <Execution id="17d707ca-0d1f-4f4b-9fc2-0d516d4083db" />
      <TestMethod codeBase="/Users/mimarusa/Documents/PRJ/_COPILOT_/copilot-worktrees/MicroHack-AppInnovation/michalmar-refactored-waddle/dotnet/tests/LegoCatalog.App.Tests/bin/Debug/net10.0/LegoCatalog.App.Tests.dll" adapterTypeName="executor://xunit/VsTestRunner3/netcore/" className="LegoCatalog.App.Tests.PerformanceContractTests" name="BoundsAreAccepted" />
    </UnitTest>
    <UnitTest name="Contract.Health.LivenessSurvivesDatabaseOutage" storage="/users/mimarusa/documents/prj/_copilot_/copilot-worktrees/microhack-appinnovation/michalmar-refactored-waddle/dotnet/tests/legocatalog.app.tests/bin/debug/net10.0/legocatalog.app.tests.dll" id="04822bb5-d811-f8c3-c3f6-f0b3667d2f98">
      <Execution id="5e798b36-fa41-4f69-84c7-2c8807f8c21f" />
      <TestMethod codeBase="/Users/mimarusa/Documents/PRJ/_COPILOT_/copilot-worktrees/MicroHack-AppInnovation/michalmar-refactored-waddle/dotnet/tests/LegoCatalog.App.Tests/bin/Debug/net10.0/LegoCatalog.App.Tests.dll" adapterTypeName="executor://xunit/VsTestRunner3/netcore/" className="LegoCatalog.App.Tests.HealthContractTests" name="LivenessSurvivesDatabaseOutage" />
    </UnitTest>
    <UnitTest name="LegoCatalog.App.Tests.ConformanceVectorTests.UnicodeCategoryAndWholeDocumentValidationAreStable" storage="/users/mimarusa/documents/prj/_copilot_/copilot-worktrees/microhack-appinnovation/michalmar-refactored-waddle/dotnet/tests/legocatalog.app.tests/bin/debug/net10.0/legocatalog.app.tests.dll" id="9219702c-374a-96fd-55b2-70c5a209956b">
      <Execution id="ccfba56a-0445-4472-8edd-864643ab8c07" />
      <TestMethod codeBase="/Users/mimarusa/Documents/PRJ/_COPILOT_/copilot-worktrees/MicroHack-AppInnovation/michalmar-refactored-waddle/dotnet/tests/LegoCatalog.App.Tests/bin/Debug/net10.0/LegoCatalog.App.Tests.dll" adapterTypeName="executor://xunit/VsTestRunner3/netcore/" className="LegoCatalog.App.Tests.ConformanceVectorTests" name="UnicodeCategoryAndWholeDocumentValidationAreStable" />
    </UnitTest>
    <UnitTest name="LegoCatalog.App.Tests.ImageSecurityTests.AcceptsCanonicalImageKey" storage="/users/mimarusa/documents/prj/_copilot_/copilot-worktrees/microhack-appinnovation/michalmar-refactored-waddle/dotnet/tests/legocatalog.app.tests/bin/debug/net10.0/legocatalog.app.tests.dll" id="d99169db-fb06-6269-0859-dd931e552ed3">
      <Execution id="1d766fe1-d95a-435c-860b-5bd6e2f2d5d2" />
      <TestMethod codeBase="/Users/mimarusa/Documents/PRJ/_COPILOT_/copilot-worktrees/MicroHack-AppInnovation/michalmar-refactored-waddle/dotnet/tests/LegoCatalog.App.Tests/bin/Debug/net10.0/LegoCatalog.App.Tests.dll" adapterTypeName="executor://xunit/VsTestRunner3/netcore/" className="LegoCatalog.App.Tests.ImageSecurityTests" name="AcceptsCanonicalImageKey" />
    </UnitTest>
    <UnitTest name="LegoCatalog.App.Tests.OriginalRequestTargetMiddlewareTests.CanonicalOriginalTargetContinues" storage="/users/mimarusa/documents/prj/_copilot_/copilot-worktrees/microhack-appinnovation/michalmar-refactored-waddle/dotnet/tests/legocatalog.app.tests/bin/debug/net10.0/legocatalog.app.tests.dll" id="7cef10a2-cdd6-976e-1d6c-f38fe9376522">
      <Execution id="9a1d4d8d-9ea7-49f9-91d9-49ffda69f33b" />
      <TestMethod codeBase="/Users/mimarusa/Documents/PRJ/_COPILOT_/copilot-worktrees/MicroHack-AppInnovation/michalmar-refactored-waddle/dotnet/tests/LegoCatalog.App.Tests/bin/Debug/net10.0/LegoCatalog.App.Tests.dll" adapterTypeName="executor://xunit/VsTestRunner3/netcore/" className="LegoCatalog.App.Tests.OriginalRequestTargetMiddlewareTests" name="CanonicalOriginalTargetContinues" />
    </UnitTest>
    <UnitTest name="LegoCatalog.App.Tests.ImageSecurityTests.RejectsNonCanonicalImageKeys(key: &quot;..\\catalog.json&quot;)" storage="/users/mimarusa/documents/prj/_copilot_/copilot-worktrees/microhack-appinnovation/michalmar-refactored-waddle/dotnet/tests/legocatalog.app.tests/bin/debug/net10.0/legocatalog.app.tests.dll" id="3593e72f-ee96-de7e-9a41-1fb1d0ff118b">
      <Execution id="1e86ca4f-4ec0-46ea-a382-ae5637a31ab9" />
      <TestMethod codeBase="/Users/mimarusa/Documents/PRJ/_COPILOT_/copilot-worktrees/MicroHack-AppInnovation/michalmar-refactored-waddle/dotnet/tests/LegoCatalog.App.Tests/bin/Debug/net10.0/LegoCatalog.App.Tests.dll" adapterTypeName="executor://xunit/VsTestRunner3/netcore/" className="LegoCatalog.App.Tests.ImageSecurityTests" name="RejectsNonCanonicalImageKeys" />
    </UnitTest>
    <UnitTest name="LegoCatalog.App.Tests.TelemetryContractTests.QueryTraceMetricAndFailureLogUseFrozenNames" storage="/users/mimarusa/documents/prj/_copilot_/copilot-worktrees/microhack-appinnovation/michalmar-refactored-waddle/dotnet/tests/legocatalog.app.tests/bin/debug/net10.0/legocatalog.app.tests.dll" id="ccbfbc7f-e808-6140-944f-d2dbce389070">
      <Execution id="dc993874-9ef1-4b14-92af-b856ac64c0a8" />
      <TestMethod codeBase="/Users/mimarusa/Documents/PRJ/_COPILOT_/copilot-worktrees/MicroHack-AppInnovation/michalmar-refactored-waddle/dotnet/tests/LegoCatalog.App.Tests/bin/Debug/net10.0/LegoCatalog.App.Tests.dll" adapterTypeName="executor://xunit/VsTestRunner3/netcore/" className="LegoCatalog.App.Tests.TelemetryContractTests" name="QueryTraceMetricAndFailureLogUseFrozenNames" />
    </UnitTest>
    <UnitTest name="Contract.Telemetry.FinalResponseStatus" storage="/users/mimarusa/documents/prj/_copilot_/copilot-worktrees/microhack-appinnovation/michalmar-refactored-waddle/dotnet/tests/legocatalog.app.tests/bin/debug/net10.0/legocatalog.app.tests.dll" id="ea3dea5f-bb79-1842-0534-55a262ba1cf0">
      <Execution id="5b66af9a-54a0-48e2-b12b-61b337cdee46" />
      <TestMethod codeBase="/Users/mimarusa/Documents/PRJ/_COPILOT_/copilot-worktrees/MicroHack-AppInnovation/michalmar-refactored-waddle/dotnet/tests/LegoCatalog.App.Tests/bin/Debug/net10.0/LegoCatalog.App.Tests.dll" adapterTypeName="executor://xunit/VsTestRunner3/netcore/" className="LegoCatalog.App.Tests.TelemetryContractTests" name="RequestLogUsesMatchedRouteAndFinalStatus" />
    </UnitTest>
    <UnitTest name="Contract.Performance.InvalidKeyReturnsUnauthorized" storage="/users/mimarusa/documents/prj/_copilot_/copilot-worktrees/microhack-appinnovation/michalmar-refactored-waddle/dotnet/tests/legocatalog.app.tests/bin/debug/net10.0/legocatalog.app.tests.dll" id="ce72d6b1-2d59-9b88-6ff5-6840f9c2d727">
      <Execution id="fe5da1f0-ab70-4ba2-bbdd-a61e989d7709" />
      <TestMethod codeBase="/Users/mimarusa/Documents/PRJ/_COPILOT_/copilot-worktrees/MicroHack-AppInnovation/michalmar-refactored-waddle/dotnet/tests/LegoCatalog.App.Tests/bin/Debug/net10.0/LegoCatalog.App.Tests.dll" adapterTypeName="executor://xunit/VsTestRunner3/netcore/" className="LegoCatalog.App.Tests.PerformanceContractTests" name="InvalidKeyReturnsUnauthorized" />
    </UnitTest>
    <UnitTest name="LegoCatalog.App.Tests.RuntimeIdentityConfigurationTests.MissingRuntimeIdentityVariableFailsFast(variableName: &quot;DEPLOYMENT_ENVIRONMENT&quot;)" storage="/users/mimarusa/documents/prj/_copilot_/copilot-worktrees/microhack-appinnovation/michalmar-refactored-waddle/dotnet/tests/legocatalog.app.tests/bin/debug/net10.0/legocatalog.app.tests.dll" id="0920e41b-4e9c-9be7-021d-6012776b6669">
      <Execution id="2a4ff471-4f3a-4a73-ae72-9c177e06bd99" />
      <TestMethod codeBase="/Users/mimarusa/Documents/PRJ/_COPILOT_/copilot-worktrees/MicroHack-AppInnovation/michalmar-refactored-waddle/dotnet/tests/LegoCatalog.App.Tests/bin/Debug/net10.0/LegoCatalog.App.Tests.dll" adapterTypeName="executor://xunit/VsTestRunner3/netcore/" className="LegoCatalog.App.Tests.RuntimeIdentityConfigurationTests" name="MissingRuntimeIdentityVariableFailsFast" />
    </UnitTest>
    <UnitTest name="Contract.Catalog.SearchMatchesNameOnly" storage="/users/mimarusa/documents/prj/_copilot_/copilot-worktrees/microhack-appinnovation/michalmar-refactored-waddle/dotnet/tests/legocatalog.app.tests/bin/debug/net10.0/legocatalog.app.tests.dll" id="c57e55de-dfd0-4eda-c65b-4f51a726e921">
      <Execution id="1c7af3c8-50ee-4a2f-8eb0-2dc341a32f99" />
      <TestMethod codeBase="/Users/mimarusa/Documents/PRJ/_COPILOT_/copilot-worktrees/MicroHack-AppInnovation/michalmar-refactored-waddle/dotnet/tests/LegoCatalog.App.Tests/bin/Debug/net10.0/LegoCatalog.App.Tests.dll" adapterTypeName="executor://xunit/VsTestRunner3/netcore/" className="LegoCatalog.App.Tests.CatalogBehaviorTests" name="SearchMatchesNameCaseInsensitivelyAndIgnoresDescription" />
    </UnitTest>
    <UnitTest name="Contract.Catalog.AliasesAreRejectedBeforeRouting" storage="/users/mimarusa/documents/prj/_copilot_/copilot-worktrees/microhack-appinnovation/michalmar-refactored-waddle/dotnet/tests/legocatalog.app.tests/bin/debug/net10.0/legocatalog.app.tests.dll" id="6d6ea39e-a65f-13f6-17b9-d8860817fcb0">
      <Execution id="006fd6bf-5d70-4d96-a918-e39d8d3b67db" />
      <TestMethod codeBase="/Users/mimarusa/Documents/PRJ/_COPILOT_/copilot-worktrees/MicroHack-AppInnovation/michalmar-refactored-waddle/dotnet/tests/LegoCatalog.App.Tests/bin/Debug/net10.0/LegoCatalog.App.Tests.dll" adapterTypeName="executor://xunit/VsTestRunner3/netcore/" className="LegoCatalog.App.Tests.CatalogBehaviorTests" name="ImageRequestRejectsPathTraversal" />
    </UnitTest>
    <UnitTest name="Contract.Health.ReadinessReportsImportFailure" storage="/users/mimarusa/documents/prj/_copilot_/copilot-worktrees/microhack-appinnovation/michalmar-refactored-waddle/dotnet/tests/legocatalog.app.tests/bin/debug/net10.0/legocatalog.app.tests.dll" id="c7f06be5-955e-e07e-1597-a8e0de33df2a">
      <Execution id="48326e61-2879-42ef-a50e-271acd6e2664" />
      <TestMethod codeBase="/Users/mimarusa/Documents/PRJ/_COPILOT_/copilot-worktrees/MicroHack-AppInnovation/michalmar-refactored-waddle/dotnet/tests/LegoCatalog.App.Tests/bin/Debug/net10.0/LegoCatalog.App.Tests.dll" adapterTypeName="executor://xunit/VsTestRunner3/netcore/" className="LegoCatalog.App.Tests.HealthContractTests" name="ReadinessReportsImportFailure" />
    </UnitTest>
    <UnitTest name="Contract.Catalog.CategoryFilterAcceptsSlugAndName" storage="/users/mimarusa/documents/prj/_copilot_/copilot-worktrees/microhack-appinnovation/michalmar-refactored-waddle/dotnet/tests/legocatalog.app.tests/bin/debug/net10.0/legocatalog.app.tests.dll" id="a06a349f-6beb-d046-2d80-cadcbaa1d0d1">
      <Execution id="89d3a272-a6ec-4784-bb9e-9f32dcb99592" />
      <TestMethod codeBase="/Users/mimarusa/Documents/PRJ/_COPILOT_/copilot-worktrees/MicroHack-AppInnovation/michalmar-refactored-waddle/dotnet/tests/LegoCatalog.App.Tests/bin/Debug/net10.0/LegoCatalog.App.Tests.dll" adapterTypeName="executor://xunit/VsTestRunner3/netcore/" className="LegoCatalog.App.Tests.CatalogBehaviorTests" name="CategoryFilterAcceptsSlugAndName" />
    </UnitTest>
    <UnitTest name="LegoCatalog.App.Tests.OriginalRequestTargetMiddlewareTests.UnsafeOriginalTargetsReturnNotFound(rawTarget: &quot;/images/../healthz&quot;)" storage="/users/mimarusa/documents/prj/_copilot_/copilot-worktrees/microhack-appinnovation/michalmar-refactored-waddle/dotnet/tests/legocatalog.app.tests/bin/debug/net10.0/legocatalog.app.tests.dll" id="129e97c3-419b-4133-ca44-86260927d19c">
      <Execution id="6f6fb639-2a9e-475b-b35e-5fa28f25f19c" />
      <TestMethod codeBase="/Users/mimarusa/Documents/PRJ/_COPILOT_/copilot-worktrees/MicroHack-AppInnovation/michalmar-refactored-waddle/dotnet/tests/LegoCatalog.App.Tests/bin/Debug/net10.0/LegoCatalog.App.Tests.dll" adapterTypeName="executor://xunit/VsTestRunner3/netcore/" className="LegoCatalog.App.Tests.OriginalRequestTargetMiddlewareTests" name="UnsafeOriginalTargetsReturnNotFound" />
    </UnitTest>
    <UnitTest name="LegoCatalog.App.Tests.OriginalRequestTargetMiddlewareTests.UnsafeOriginalTargetsReturnNotFound(rawTarget: &quot;/images/%252e%252e%252fhealthz&quot;)" storage="/users/mimarusa/documents/prj/_copilot_/copilot-worktrees/microhack-appinnovation/michalmar-refactored-waddle/dotnet/tests/legocatalog.app.tests/bin/debug/net10.0/legocatalog.app.tests.dll" id="09d3d0d4-81d2-a68b-b01a-34756b48a6bc">
      <Execution id="bfb0e9ce-89de-49b0-a591-a70afd088d75" />
      <TestMethod codeBase="/Users/mimarusa/Documents/PRJ/_COPILOT_/copilot-worktrees/MicroHack-AppInnovation/michalmar-refactored-waddle/dotnet/tests/LegoCatalog.App.Tests/bin/Debug/net10.0/LegoCatalog.App.Tests.dll" adapterTypeName="executor://xunit/VsTestRunner3/netcore/" className="LegoCatalog.App.Tests.OriginalRequestTargetMiddlewareTests" name="UnsafeOriginalTargetsReturnNotFound" />
    </UnitTest>
    <UnitTest name="Contract.Catalog.FigureIdentityIsCanonical" storage="/users/mimarusa/documents/prj/_copilot_/copilot-worktrees/microhack-appinnovation/michalmar-refactored-waddle/dotnet/tests/legocatalog.app.tests/bin/debug/net10.0/legocatalog.app.tests.dll" id="959a6fbf-41d5-f526-c12a-b5e9d4349af8">
      <Execution id="8291e0ac-ccfe-4fdc-86cc-5a58b0e15126" />
      <TestMethod codeBase="/Users/mimarusa/Documents/PRJ/_COPILOT_/copilot-worktrees/MicroHack-AppInnovation/michalmar-refactored-waddle/dotnet/tests/LegoCatalog.App.Tests/bin/Debug/net10.0/LegoCatalog.App.Tests.dll" adapterTypeName="executor://xunit/VsTestRunner3/netcore/" className="LegoCatalog.App.Tests.CatalogBehaviorTests" name="GetFigureReturns404ForUnknownId" />
    </UnitTest>
    <UnitTest name="Contract.Catalog.StartupImportIsIdempotent" storage="/users/mimarusa/documents/prj/_copilot_/copilot-worktrees/microhack-appinnovation/michalmar-refactored-waddle/dotnet/tests/legocatalog.app.tests/bin/debug/net10.0/legocatalog.app.tests.dll" id="1eeea80c-ed54-c6b3-f3c4-6a53f0c987ee">
      <Execution id="fc7ec9b6-4aea-45fa-846a-4d7593648251" />
      <TestMethod codeBase="/Users/mimarusa/Documents/PRJ/_COPILOT_/copilot-worktrees/MicroHack-AppInnovation/michalmar-refactored-waddle/dotnet/tests/LegoCatalog.App.Tests/bin/Debug/net10.0/LegoCatalog.App.Tests.dll" adapterTypeName="executor://xunit/VsTestRunner3/netcore/" className="LegoCatalog.App.Tests.CatalogBehaviorTests" name="StartupImportIsIdempotentAcrossTwoStarts" />
    </UnitTest>
    <UnitTest name="LegoCatalog.App.Tests.RuntimeIdentityConfigurationTests.MissingRuntimeIdentityVariableFailsFast(variableName: &quot;OTEL_SERVICE_VERSION&quot;)" storage="/users/mimarusa/documents/prj/_copilot_/copilot-worktrees/microhack-appinnovation/michalmar-refactored-waddle/dotnet/tests/legocatalog.app.tests/bin/debug/net10.0/legocatalog.app.tests.dll" id="1401504c-503a-c88d-9f98-075f7d04bbd2">
      <Execution id="dea8545e-803d-4d36-86b8-f8eeacd11256" />
      <TestMethod codeBase="/Users/mimarusa/Documents/PRJ/_COPILOT_/copilot-worktrees/MicroHack-AppInnovation/michalmar-refactored-waddle/dotnet/tests/LegoCatalog.App.Tests/bin/Debug/net10.0/LegoCatalog.App.Tests.dll" adapterTypeName="executor://xunit/VsTestRunner3/netcore/" className="LegoCatalog.App.Tests.RuntimeIdentityConfigurationTests" name="MissingRuntimeIdentityVariableFailsFast" />
    </UnitTest>
    <UnitTest name="LegoCatalog.App.Tests.RuntimeIdentityConfigurationTests.SuppliedRuntimeIdentityVariablesReachTheOptions" storage="/users/mimarusa/documents/prj/_copilot_/copilot-worktrees/microhack-appinnovation/michalmar-refactored-waddle/dotnet/tests/legocatalog.app.tests/bin/debug/net10.0/legocatalog.app.tests.dll" id="9987e4d3-1fdb-d9c3-4313-bba3b71a7d46">
      <Execution id="014968c3-986a-4023-8c59-617a124986f9" />
      <TestMethod codeBase="/Users/mimarusa/Documents/PRJ/_COPILOT_/copilot-worktrees/MicroHack-AppInnovation/michalmar-refactored-waddle/dotnet/tests/LegoCatalog.App.Tests/bin/Debug/net10.0/LegoCatalog.App.Tests.dll" adapterTypeName="executor://xunit/VsTestRunner3/netcore/" className="LegoCatalog.App.Tests.RuntimeIdentityConfigurationTests" name="SuppliedRuntimeIdentityVariablesReachTheOptions" />
    </UnitTest>
    <UnitTest name="LegoCatalog.App.Tests.ImageSecurityTests.RejectsNonCanonicalImageKeys(key: &quot;10000000-0000-4000-8000-000000000001.PNG&quot;)" storage="/users/mimarusa/documents/prj/_copilot_/copilot-worktrees/microhack-appinnovation/michalmar-refactored-waddle/dotnet/tests/legocatalog.app.tests/bin/debug/net10.0/legocatalog.app.tests.dll" id="e79834cc-771d-3e79-df91-8b6c66880c61">
      <Execution id="86e3e76e-0585-47ea-9883-948ad7db6c04" />
      <TestMethod codeBase="/Users/mimarusa/Documents/PRJ/_COPILOT_/copilot-worktrees/MicroHack-AppInnovation/michalmar-refactored-waddle/dotnet/tests/LegoCatalog.App.Tests/bin/Debug/net10.0/LegoCatalog.App.Tests.dll" adapterTypeName="executor://xunit/VsTestRunner3/netcore/" className="LegoCatalog.App.Tests.ImageSecurityTests" name="RejectsNonCanonicalImageKeys" />
    </UnitTest>
    <UnitTest name="LegoCatalog.App.Tests.OriginalRequestTargetMiddlewareTests.UnsafeOriginalTargetsReturnNotFound(rawTarget: &quot;/images\\..\\healthz&quot;)" storage="/users/mimarusa/documents/prj/_copilot_/copilot-worktrees/microhack-appinnovation/michalmar-refactored-waddle/dotnet/tests/legocatalog.app.tests/bin/debug/net10.0/legocatalog.app.tests.dll" id="5d9bcb17-6ac3-3dc5-70b8-0f65f574adc6">
      <Execution id="51f8101f-c293-4aff-9599-47681b9395f5" />
      <TestMethod codeBase="/Users/mimarusa/Documents/PRJ/_COPILOT_/copilot-worktrees/MicroHack-AppInnovation/michalmar-refactored-waddle/dotnet/tests/LegoCatalog.App.Tests/bin/Debug/net10.0/LegoCatalog.App.Tests.dll" adapterTypeName="executor://xunit/VsTestRunner3/netcore/" className="LegoCatalog.App.Tests.OriginalRequestTargetMiddlewareTests" name="UnsafeOriginalTargetsReturnNotFound" />
    </UnitTest>
    <UnitTest name="LegoCatalog.App.Tests.RuntimeIdentityConfigurationTests.DeploymentEnvironmentRejectsValuesOtherThanLab" storage="/users/mimarusa/documents/prj/_copilot_/copilot-worktrees/microhack-appinnovation/michalmar-refactored-waddle/dotnet/tests/legocatalog.app.tests/bin/debug/net10.0/legocatalog.app.tests.dll" id="b9189df8-f5c1-d3b4-8fcf-da4c9f5db27f">
      <Execution id="5cfa7a34-8184-4128-89a2-f85abd0d876f" />
      <TestMethod codeBase="/Users/mimarusa/Documents/PRJ/_COPILOT_/copilot-worktrees/MicroHack-AppInnovation/michalmar-refactored-waddle/dotnet/tests/LegoCatalog.App.Tests/bin/Debug/net10.0/LegoCatalog.App.Tests.dll" adapterTypeName="executor://xunit/VsTestRunner3/netcore/" className="LegoCatalog.App.Tests.RuntimeIdentityConfigurationTests" name="DeploymentEnvironmentRejectsValuesOtherThanLab" />
    </UnitTest>
    <UnitTest name="LegoCatalog.App.Tests.ImageSecurityTests.RejectsNonCanonicalImageKeys(key: &quot;../catalog.json&quot;)" storage="/users/mimarusa/documents/prj/_copilot_/copilot-worktrees/microhack-appinnovation/michalmar-refactored-waddle/dotnet/tests/legocatalog.app.tests/bin/debug/net10.0/legocatalog.app.tests.dll" id="92f06ffb-04b2-b3c0-826a-7c097094788e">
      <Execution id="ecddc530-01d3-4e08-bea1-d0706c4db100" />
      <TestMethod codeBase="/Users/mimarusa/Documents/PRJ/_COPILOT_/copilot-worktrees/MicroHack-AppInnovation/michalmar-refactored-waddle/dotnet/tests/LegoCatalog.App.Tests/bin/Debug/net10.0/LegoCatalog.App.Tests.dll" adapterTypeName="executor://xunit/VsTestRunner3/netcore/" className="LegoCatalog.App.Tests.ImageSecurityTests" name="RejectsNonCanonicalImageKeys" />
    </UnitTest>
    <UnitTest name="Contract.Conformance.TextValidationVectors" storage="/users/mimarusa/documents/prj/_copilot_/copilot-worktrees/microhack-appinnovation/michalmar-refactored-waddle/dotnet/tests/legocatalog.app.tests/bin/debug/net10.0/legocatalog.app.tests.dll" id="347f06e7-354b-a49a-14b8-8e8569b81c43">
      <Execution id="de64bb70-e147-40db-954f-dabc9e088fa2" />
      <TestMethod codeBase="/Users/mimarusa/Documents/PRJ/_COPILOT_/copilot-worktrees/MicroHack-AppInnovation/michalmar-refactored-waddle/dotnet/tests/LegoCatalog.App.Tests/bin/Debug/net10.0/LegoCatalog.App.Tests.dll" adapterTypeName="executor://xunit/VsTestRunner3/netcore/" className="LegoCatalog.App.Tests.ConformanceVectorTests" name="TextValidationMatchesSharedVectors" />
    </UnitTest>
    <UnitTest name="Contract.Conformance.NormalizationVectors" storage="/users/mimarusa/documents/prj/_copilot_/copilot-worktrees/microhack-appinnovation/michalmar-refactored-waddle/dotnet/tests/legocatalog.app.tests/bin/debug/net10.0/legocatalog.app.tests.dll" id="da7eb108-9b0b-2fc3-192c-a2ac5c1dab43">
      <Execution id="e30bcbbe-5765-445c-b2c0-7ae873f99af3" />
      <TestMethod codeBase="/Users/mimarusa/Documents/PRJ/_COPILOT_/copilot-worktrees/MicroHack-AppInnovation/michalmar-refactored-waddle/dotnet/tests/LegoCatalog.App.Tests/bin/Debug/net10.0/LegoCatalog.App.Tests.dll" adapterTypeName="executor://xunit/VsTestRunner3/netcore/" className="LegoCatalog.App.Tests.ConformanceVectorTests" name="CategorySlugMatchesSharedVectors" />
    </UnitTest>
    <UnitTest name="LegoCatalog.App.Tests.TelemetryContractTests.ResourceIdentityUsesFrozenValues" storage="/users/mimarusa/documents/prj/_copilot_/copilot-worktrees/microhack-appinnovation/michalmar-refactored-waddle/dotnet/tests/legocatalog.app.tests/bin/debug/net10.0/legocatalog.app.tests.dll" id="0a704e87-6e0f-336c-73ff-eb2178156d56">
      <Execution id="4eec7bd6-7a49-4840-8764-e04d9f54dd29" />
      <TestMethod codeBase="/Users/mimarusa/Documents/PRJ/_COPILOT_/copilot-worktrees/MicroHack-AppInnovation/michalmar-refactored-waddle/dotnet/tests/LegoCatalog.App.Tests/bin/Debug/net10.0/LegoCatalog.App.Tests.dll" adapterTypeName="executor://xunit/VsTestRunner3/netcore/" className="LegoCatalog.App.Tests.TelemetryContractTests" name="ResourceIdentityUsesFrozenValues" />
    </UnitTest>
    <UnitTest name="LegoCatalog.App.Tests.OriginalRequestTargetMiddlewareTests.UnsafeOriginalTargetsReturnNotFound(rawTarget: &quot;/perftest%5ccatalog&quot;)" storage="/users/mimarusa/documents/prj/_copilot_/copilot-worktrees/microhack-appinnovation/michalmar-refactored-waddle/dotnet/tests/legocatalog.app.tests/bin/debug/net10.0/legocatalog.app.tests.dll" id="c7cc7c3b-cea9-43f9-0b3c-c029397c31e5">
      <Execution id="17ff788f-6fa8-453d-a740-f4b479e29f66" />
      <TestMethod codeBase="/Users/mimarusa/Documents/PRJ/_COPILOT_/copilot-worktrees/MicroHack-AppInnovation/michalmar-refactored-waddle/dotnet/tests/LegoCatalog.App.Tests/bin/Debug/net10.0/LegoCatalog.App.Tests.dll" adapterTypeName="executor://xunit/VsTestRunner3/netcore/" className="LegoCatalog.App.Tests.OriginalRequestTargetMiddlewareTests" name="UnsafeOriginalTargetsReturnNotFound" />
    </UnitTest>
  </TestDefinitions>
  <TestEntries>
    <TestEntry testId="347f06e7-354b-a49a-14b8-8e8569b81c43" executionId="de64bb70-e147-40db-954f-dabc9e088fa2" testListId="8c84fa94-04c1-424b-9868-57a2d4851a1d" />
    <TestEntry testId="287bd12e-4254-e8a8-506a-d5f0035bad48" executionId="e78890df-ca04-4e5f-8c6a-2c35791d4515" testListId="8c84fa94-04c1-424b-9868-57a2d4851a1d" />
    <TestEntry testId="0920e41b-4e9c-9be7-021d-6012776b6669" executionId="2a4ff471-4f3a-4a73-ae72-9c177e06bd99" testListId="8c84fa94-04c1-424b-9868-57a2d4851a1d" />
    <TestEntry testId="b9189df8-f5c1-d3b4-8fcf-da4c9f5db27f" executionId="5cfa7a34-8184-4128-89a2-f85abd0d876f" testListId="8c84fa94-04c1-424b-9868-57a2d4851a1d" />
    <TestEntry testId="60c4a015-1fbb-72c9-1adc-f85dc7044551" executionId="dc353953-f837-4ccc-aafa-599d4415829f" testListId="8c84fa94-04c1-424b-9868-57a2d4851a1d" />
    <TestEntry testId="74893996-9bd9-bda1-c5f4-7451c2767f2c" executionId="a56d15dc-123a-4a95-9674-87f5529ef038" testListId="8c84fa94-04c1-424b-9868-57a2d4851a1d" />
    <TestEntry testId="e917e6db-3b58-4c59-e46e-869efff25bdf" executionId="74b8f2fb-0729-4560-bcfc-7de077497931" testListId="8c84fa94-04c1-424b-9868-57a2d4851a1d" />
    <TestEntry testId="09d3d0d4-81d2-a68b-b01a-34756b48a6bc" executionId="bfb0e9ce-89de-49b0-a591-a70afd088d75" testListId="8c84fa94-04c1-424b-9868-57a2d4851a1d" />
    <TestEntry testId="959a6fbf-41d5-f526-c12a-b5e9d4349af8" executionId="8291e0ac-ccfe-4fdc-86cc-5a58b0e15126" testListId="8c84fa94-04c1-424b-9868-57a2d4851a1d" />
    <TestEntry testId="6d6ea39e-a65f-13f6-17b9-d8860817fcb0" executionId="006fd6bf-5d70-4d96-a918-e39d8d3b67db" testListId="8c84fa94-04c1-424b-9868-57a2d4851a1d" />
    <TestEntry testId="e79834cc-771d-3e79-df91-8b6c66880c61" executionId="86e3e76e-0585-47ea-9883-948ad7db6c04" testListId="8c84fa94-04c1-424b-9868-57a2d4851a1d" />
    <TestEntry testId="ce72d6b1-2d59-9b88-6ff5-6840f9c2d727" executionId="fe5da1f0-ab70-4ba2-bbdd-a61e989d7709" testListId="8c84fa94-04c1-424b-9868-57a2d4851a1d" />
    <TestEntry testId="c7f06be5-955e-e07e-1597-a8e0de33df2a" executionId="48326e61-2879-42ef-a50e-271acd6e2664" testListId="8c84fa94-04c1-424b-9868-57a2d4851a1d" />
    <TestEntry testId="04822bb5-d811-f8c3-c3f6-f0b3667d2f98" executionId="5e798b36-fa41-4f69-84c7-2c8807f8c21f" testListId="8c84fa94-04c1-424b-9868-57a2d4851a1d" />
    <TestEntry testId="9987e4d3-1fdb-d9c3-4313-bba3b71a7d46" executionId="014968c3-986a-4023-8c59-617a124986f9" testListId="8c84fa94-04c1-424b-9868-57a2d4851a1d" />
    <TestEntry testId="87f87a4a-5207-63d4-1fee-c1fa9c75fb4c" executionId="53c5c375-9e75-4090-a46f-f7705b59f991" testListId="8c84fa94-04c1-424b-9868-57a2d4851a1d" />
    <TestEntry testId="da7eb108-9b0b-2fc3-192c-a2ac5c1dab43" executionId="e30bcbbe-5765-445c-b2c0-7ae873f99af3" testListId="8c84fa94-04c1-424b-9868-57a2d4851a1d" />
    <TestEntry testId="7cef10a2-cdd6-976e-1d6c-f38fe9376522" executionId="9a1d4d8d-9ea7-49f9-91d9-49ffda69f33b" testListId="8c84fa94-04c1-424b-9868-57a2d4851a1d" />
    <TestEntry testId="c778810e-d991-3441-cfb0-317d277265e8" executionId="4011568f-5fd2-4b5a-ad18-47fce29f2923" testListId="8c84fa94-04c1-424b-9868-57a2d4851a1d" />
    <TestEntry testId="9219702c-374a-96fd-55b2-70c5a209956b" executionId="ccfba56a-0445-4472-8edd-864643ab8c07" testListId="8c84fa94-04c1-424b-9868-57a2d4851a1d" />
    <TestEntry testId="7990c44b-1aba-5f5e-c6a3-494f35781c9b" executionId="b2434f75-5c8d-41b4-9af1-b09d46ce3690" testListId="8c84fa94-04c1-424b-9868-57a2d4851a1d" />
    <TestEntry testId="0a59c264-124f-7e68-9678-9efc22ccdcfd" executionId="acb709a6-18a6-44fe-a450-e1ebff03afa9" testListId="8c84fa94-04c1-424b-9868-57a2d4851a1d" />
    <TestEntry testId="1eeea80c-ed54-c6b3-f3c4-6a53f0c987ee" executionId="fc7ec9b6-4aea-45fa-846a-4d7593648251" testListId="8c84fa94-04c1-424b-9868-57a2d4851a1d" />
    <TestEntry testId="c57e55de-dfd0-4eda-c65b-4f51a726e921" executionId="1c7af3c8-50ee-4a2f-8eb0-2dc341a32f99" testListId="8c84fa94-04c1-424b-9868-57a2d4851a1d" />
    <TestEntry testId="bc28be9d-d770-4cb9-de19-2f48105347db" executionId="25580cd1-f2ac-49c7-8459-0ed718df2b2f" testListId="8c84fa94-04c1-424b-9868-57a2d4851a1d" />
    <TestEntry testId="ea3dea5f-bb79-1842-0534-55a262ba1cf0" executionId="5b66af9a-54a0-48e2-b12b-61b337cdee46" testListId="8c84fa94-04c1-424b-9868-57a2d4851a1d" />
    <TestEntry testId="1401504c-503a-c88d-9f98-075f7d04bbd2" executionId="dea8545e-803d-4d36-86b8-f8eeacd11256" testListId="8c84fa94-04c1-424b-9868-57a2d4851a1d" />
    <TestEntry testId="d99169db-fb06-6269-0859-dd931e552ed3" executionId="1d766fe1-d95a-435c-860b-5bd6e2f2d5d2" testListId="8c84fa94-04c1-424b-9868-57a2d4851a1d" />
    <TestEntry testId="c6860731-5bff-268b-83db-16ea5ae163bc" executionId="9c28249e-655f-45fa-bb37-2415ecfe0ad5" testListId="8c84fa94-04c1-424b-9868-57a2d4851a1d" />
    <TestEntry testId="a06a349f-6beb-d046-2d80-cadcbaa1d0d1" executionId="89d3a272-a6ec-4784-bb9e-9f32dcb99592" testListId="8c84fa94-04c1-424b-9868-57a2d4851a1d" />
    <TestEntry testId="ccbfbc7f-e808-6140-944f-d2dbce389070" executionId="dc993874-9ef1-4b14-92af-b856ac64c0a8" testListId="8c84fa94-04c1-424b-9868-57a2d4851a1d" />
    <TestEntry testId="0d9d7505-43c8-572b-ed8c-2b0b3bea890c" executionId="db55da46-9ba3-425c-a64a-d67de324b14f" testListId="8c84fa94-04c1-424b-9868-57a2d4851a1d" />
    <TestEntry testId="0a704e87-6e0f-336c-73ff-eb2178156d56" executionId="4eec7bd6-7a49-4840-8764-e04d9f54dd29" testListId="8c84fa94-04c1-424b-9868-57a2d4851a1d" />
    <TestEntry testId="92f06ffb-04b2-b3c0-826a-7c097094788e" executionId="ecddc530-01d3-4e08-bea1-d0706c4db100" testListId="8c84fa94-04c1-424b-9868-57a2d4851a1d" />
    <TestEntry testId="7e105409-5092-f4b5-a946-d80c90814fb6" executionId="ed3bc1bb-698a-4da7-86ec-1e169c1b4eef" testListId="8c84fa94-04c1-424b-9868-57a2d4851a1d" />
    <TestEntry testId="3593e72f-ee96-de7e-9a41-1fb1d0ff118b" executionId="1e86ca4f-4ec0-46ea-a382-ae5637a31ab9" testListId="8c84fa94-04c1-424b-9868-57a2d4851a1d" />
    <TestEntry testId="5d9bcb17-6ac3-3dc5-70b8-0f65f574adc6" executionId="51f8101f-c293-4aff-9599-47681b9395f5" testListId="8c84fa94-04c1-424b-9868-57a2d4851a1d" />
    <TestEntry testId="129e97c3-419b-4133-ca44-86260927d19c" executionId="6f6fb639-2a9e-475b-b35e-5fa28f25f19c" testListId="8c84fa94-04c1-424b-9868-57a2d4851a1d" />
    <TestEntry testId="1a54dd62-47b6-c650-73b4-989fb68119dc" executionId="62413009-a54d-40e9-a5bd-ca438469d408" testListId="8c84fa94-04c1-424b-9868-57a2d4851a1d" />
    <TestEntry testId="4656b6b0-80fb-06bb-23cf-e8ca170a697f" executionId="17d707ca-0d1f-4f4b-9fc2-0d516d4083db" testListId="8c84fa94-04c1-424b-9868-57a2d4851a1d" />
    <TestEntry testId="c7cc7c3b-cea9-43f9-0b3c-c029397c31e5" executionId="17ff788f-6fa8-453d-a740-f4b479e29f66" testListId="8c84fa94-04c1-424b-9868-57a2d4851a1d" />
    <TestEntry testId="5e8b2e4c-5ad2-d057-04e4-377f92350cad" executionId="be5cd5b8-c5f0-4ed9-9abe-1add485110f9" testListId="8c84fa94-04c1-424b-9868-57a2d4851a1d" />
  </TestEntries>
  <TestLists>
    <TestList name="Results Not in a List" id="8c84fa94-04c1-424b-9868-57a2d4851a1d" />
    <TestList name="All Loaded Results" id="19431567-8539-422a-85d7-44ee4e166bda" />
  </TestLists>
  <ResultSummary outcome="Completed">
    <Counters total="42" executed="42" passed="42" failed="0" error="0" timeout="0" aborted="0" inconclusive="0" passedButRunAborted="0" notRunnable="0" notExecuted="0" disconnected="0" warning="0" completed="0" inProgress="0" pending="0" />
    <Output>
      <StdOut>[xUnit.net 00:00:00.00] xUnit.net VSTest Adapter v3.1.4+50e68bbb8b (64-bit .NET 10.0.1)
[xUnit.net 00:00:00.05]   Discovering: LegoCatalog.App.Tests
[xUnit.net 00:00:00.07]   Discovered:  LegoCatalog.App.Tests
[xUnit.net 00:00:00.09]   Starting:    LegoCatalog.App.Tests
info: Microsoft.Hosting.Lifetime[0]
      Application started. Press Ctrl+C to shut down.
info: Microsoft.Hosting.Lifetime[0]
      Application started. Press Ctrl+C to shut down.
info: Microsoft.Hosting.Lifetime[0]
      Application started. Press Ctrl+C to shut down.
info: Microsoft.Hosting.Lifetime[0]
      Hosting environment: Testing
info: Microsoft.Hosting.Lifetime[0]
      Hosting environment: Testing
info: Microsoft.Hosting.Lifetime[0]
      Hosting environment: Testing
info: Microsoft.Hosting.Lifetime[0]
      Content root path: /Users/mimarusa/Documents/PRJ/_COPILOT_/copilot-worktrees/MicroHack-AppInnovation/michalmar-refactored-waddle/dotnet/src/LegoCatalog.App
info: Microsoft.Hosting.Lifetime[0]
      Content root path: /Users/mimarusa/Documents/PRJ/_COPILOT_/copilot-worktrees/MicroHack-AppInnovation/michalmar-refactored-waddle/dotnet/src/LegoCatalog.App
info: Microsoft.Hosting.Lifetime[0]
      Content root path: /Users/mimarusa/Documents/PRJ/_COPILOT_/copilot-worktrees/MicroHack-AppInnovation/michalmar-refactored-waddle/dotnet/src/LegoCatalog.App
fail: Catalog.Database[0]
      catalog.database.failed
info: LegoCatalog.App.Middleware.RequestTelemetryMiddleware[0]
      http.server.request
info: LegoCatalog.App.Middleware.RequestTelemetryMiddleware[0]
      http.server.request
info: Microsoft.Hosting.Lifetime[0]
      Application is shutting down...
info: Microsoft.Hosting.Lifetime[0]
      Application is shutting down...
info: Microsoft.Hosting.Lifetime[0]
      Application started. Press Ctrl+C to shut down.
info: Microsoft.Hosting.Lifetime[0]
      Hosting environment: Testing
info: Microsoft.Hosting.Lifetime[0]
      Content root path: /Users/mimarusa/Documents/PRJ/_COPILOT_/copilot-worktrees/MicroHack-AppInnovation/michalmar-refactored-waddle/dotnet/src/LegoCatalog.App
info: LegoCatalog.App.Middleware.RequestTelemetryMiddleware[0]
      http.server.request
info: Microsoft.Hosting.Lifetime[0]
      Application is shutting down...
info: Microsoft.Hosting.Lifetime[0]
      Application started. Press Ctrl+C to shut down.
info: Microsoft.Hosting.Lifetime[0]
      Hosting environment: Testing
info: Microsoft.Hosting.Lifetime[0]
      Content root path: /Users/mimarusa/Documents/PRJ/_COPILOT_/copilot-worktrees/MicroHack-AppInnovation/michalmar-refactored-waddle/dotnet/src/LegoCatalog.App
info: LegoCatalog.App.Middleware.RequestTelemetryMiddleware[0]
      http.server.request
info: Microsoft.Hosting.Lifetime[0]
      Application is shutting down...
info: Microsoft.Hosting.Lifetime[0]
      Application started. Press Ctrl+C to shut down.
info: Microsoft.Hosting.Lifetime[0]
      Hosting environment: Testing
info: Microsoft.Hosting.Lifetime[0]
      Content root path: /Users/mimarusa/Documents/PRJ/_COPILOT_/copilot-worktrees/MicroHack-AppInnovation/michalmar-refactored-waddle/dotnet/src/LegoCatalog.App
info: LegoCatalog.App.Middleware.RequestTelemetryMiddleware[0]
      http.server.request
info: Microsoft.Hosting.Lifetime[0]
      Application is shutting down...
info: Microsoft.Hosting.Lifetime[0]
      Application started. Press Ctrl+C to shut down.
info: Microsoft.Hosting.Lifetime[0]
      Hosting environment: Testing
info: Microsoft.Hosting.Lifetime[0]
      Content root path: /Users/mimarusa/Documents/PRJ/_COPILOT_/copilot-worktrees/MicroHack-AppInnovation/michalmar-refactored-waddle/dotnet/src/LegoCatalog.App
info: LegoCatalog.App.Middleware.RequestTelemetryMiddleware[0]
      http.server.request
info: Microsoft.Hosting.Lifetime[0]
      Application is shutting down...
info: Microsoft.EntityFrameworkCore.Database.Command[20101]
      Executed DbCommand (5ms) [Parameters=[], CommandType='Text', CommandTimeout='30']
      CREATE TABLE "Categories" (
          "Id" INTEGER NOT NULL CONSTRAINT "PK_Categories" PRIMARY KEY AUTOINCREMENT,
          "Name" TEXT NOT NULL,
          "Slug" TEXT NOT NULL,
          CONSTRAINT "UQ_Categories_Name" UNIQUE ("Name"),
          CONSTRAINT "UQ_Categories_Slug" UNIQUE ("Slug")
      );
      CREATE TABLE "Figures" (
          "Id" TEXT NOT NULL CONSTRAINT "PK_Figures" PRIMARY KEY,
          "Name" TEXT NOT NULL,
          "CategoryId" INTEGER NOT NULL,
          "Description" TEXT NOT NULL,
          "ImageFile" TEXT NOT NULL,
          "CreatedUtc" datetime2 NOT NULL,
          "LastUpdatedUtc" datetime2 NOT NULL,
          CONSTRAINT "FK_Figures_Categories" FOREIGN KEY ("CategoryId") REFERENCES "Categories" ("Id")
      );
      CREATE INDEX "IX_Figures_CategoryId" ON "Figures" ("CategoryId");
      CREATE INDEX "IX_Figures_Name" ON "Figures" ("Name");
info: Microsoft.Hosting.Lifetime[0]
      Application started. Press Ctrl+C to shut down.
info: Microsoft.Hosting.Lifetime[0]
      Hosting environment: Testing
info: Microsoft.Hosting.Lifetime[0]
      Content root path: /Users/mimarusa/Documents/PRJ/_COPILOT_/copilot-worktrees/MicroHack-AppInnovation/michalmar-refactored-waddle/dotnet/src/LegoCatalog.App
info: Microsoft.EntityFrameworkCore.Database.Command[20101]
      Executed DbCommand (0ms) [Parameters=[], CommandType='Text', CommandTimeout='30']
      SELECT "c"."Id", "c"."Name", "c"."Slug"
      FROM "Categories" AS "c"
info: LegoCatalog.App.Middleware.RequestTelemetryMiddleware[0]
      http.server.request
info: Microsoft.Hosting.Lifetime[0]
      Application is shutting down...
info: Microsoft.EntityFrameworkCore.Database.Command[20101]
      Executed DbCommand (0ms) [Parameters=[], CommandType='Text', CommandTimeout='30']
      SELECT "f"."Id"
      FROM "Figures" AS "f"
info: Microsoft.EntityFrameworkCore.Database.Command[20101]
      Executed DbCommand (1ms) [Parameters=[@p0='?' (Size = 14), @p1='?' (Size = 14)], CommandType='Text', CommandTimeout='30']
      INSERT INTO "Categories" ("Name", "Slug")
      VALUES (@p0, @p1)
      RETURNING "Id";
info: Microsoft.EntityFrameworkCore.Database.Command[20101]
      Executed DbCommand (0ms) [Parameters=[@p0='?' (Size = 17), @p1='?' (Size = 17)], CommandType='Text', CommandTimeout='30']
      INSERT INTO "Categories" ("Name", "Slug")
      VALUES (@p0, @p1)
      RETURNING "Id";
info: Microsoft.EntityFrameworkCore.Database.Command[20101]
      Executed DbCommand (0ms) [Parameters=[@p2='?' (DbType = Guid), @p3='?' (DbType = Int32), @p4='?' (DbType = DateTime), @p5='?' (Size = 65), @p6='?' (Size = 40), @p7='?' (DbType = DateTime), @p8='?' (Size = 16)], CommandType='Text', CommandTimeout='30']
      INSERT INTO "Figures" ("Id", "CategoryId", "CreatedUtc", "Description", "ImageFile", "LastUpdatedUtc", "Name")
      VALUES (@p2, @p3, @p4, @p5, @p6, @p7, @p8);
info: Microsoft.EntityFrameworkCore.Database.Command[20101]
      Executed DbCommand (0ms) [Parameters=[@p0='?' (DbType = Guid), @p1='?' (DbType = Int32), @p2='?' (DbType = DateTime), @p3='?' (Size = 68), @p4='?' (Size = 40), @p5='?' (DbType = DateTime), @p6='?' (Size = 16)], CommandType='Text', CommandTimeout='30']
      INSERT INTO "Figures" ("Id", "CategoryId", "CreatedUtc", "Description", "ImageFile", "LastUpdatedUtc", "Name")
      VALUES (@p0, @p1, @p2, @p3, @p4, @p5, @p6);
info: Microsoft.EntityFrameworkCore.Database.Command[20101]
      Executed DbCommand (0ms) [Parameters=[@p0='?' (DbType = Guid), @p1='?' (DbType = Int32), @p2='?' (DbType = DateTime), @p3='?' (Size = 74), @p4='?' (Size = 40), @p5='?' (DbType = DateTime), @p6='?' (Size = 16)], CommandType='Text', CommandTimeout='30']
      INSERT INTO "Figures" ("Id", "CategoryId", "CreatedUtc", "Description", "ImageFile", "LastUpdatedUtc", "Name")
      VALUES (@p0, @p1, @p2, @p3, @p4, @p5, @p6);
info: Microsoft.EntityFrameworkCore.Database.Command[20101]
      Executed DbCommand (0ms) [Parameters=[@p0='?' (DbType = Guid), @p1='?' (DbType = Int32), @p2='?' (DbType = DateTime), @p3='?' (Size = 89), @p4='?' (Size = 40), @p5='?' (DbType = DateTime), @p6='?' (Size = 21)], CommandType='Text', CommandTimeout='30']
      INSERT INTO "Figures" ("Id", "CategoryId", "CreatedUtc", "Description", "ImageFile", "LastUpdatedUtc", "Name")
      VALUES (@p0, @p1, @p2, @p3, @p4, @p5, @p6);
info: LegoCatalog.App.Services.ImportService[0]
      catalog.import.completed inserted=4 skipped=0
info: Microsoft.EntityFrameworkCore.Database.Command[20101]
      Executed DbCommand (0ms) [Parameters=[], CommandType='Text', CommandTimeout='30']
      SELECT "c"."Id", "c"."Name", "c"."Slug"
      FROM "Categories" AS "c"
      ORDER BY "c"."Name"
info: Microsoft.EntityFrameworkCore.Database.Command[20101]
      Executed DbCommand (0ms) [Parameters=[@categoryFilter='?' (Size = 14)], CommandType='Text', CommandTimeout='30']
      SELECT "f"."Id", "f"."CategoryId", "f"."CreatedUtc", "f"."Description", "f"."ImageFile", "f"."LastUpdatedUtc", "f"."Name", "c"."Id", "c"."Name", "c"."Slug"
      FROM "Figures" AS "f"
      INNER JOIN "Categories" AS "c" ON "f"."CategoryId" = "c"."Id"
      WHERE "c"."Slug" = @categoryFilter OR "c"."Name" COLLATE Latin1_General_100_CI_AS = @categoryFilter
info: LegoCatalog.App.Middleware.RequestTelemetryMiddleware[0]
      http.server.request
info: Microsoft.EntityFrameworkCore.Database.Command[20101]
      Executed DbCommand (0ms) [Parameters=[], CommandType='Text', CommandTimeout='30']
      SELECT "c"."Id", "c"."Name", "c"."Slug"
      FROM "Categories" AS "c"
      ORDER BY "c"."Name"
info: Microsoft.EntityFrameworkCore.Database.Command[20101]
      Executed DbCommand (0ms) [Parameters=[@categoryFilter='?' (Size = 14)], CommandType='Text', CommandTimeout='30']
      SELECT "f"."Id", "f"."CategoryId", "f"."CreatedUtc", "f"."Description", "f"."ImageFile", "f"."LastUpdatedUtc", "f"."Name", "c"."Id", "c"."Name", "c"."Slug"
      FROM "Figures" AS "f"
      INNER JOIN "Categories" AS "c" ON "f"."CategoryId" = "c"."Id"
      WHERE "c"."Slug" = @categoryFilter OR "c"."Name" COLLATE Latin1_General_100_CI_AS = @categoryFilter
info: LegoCatalog.App.Middleware.RequestTelemetryMiddleware[0]
      http.server.request
info: Microsoft.EntityFrameworkCore.Database.Command[20101]
      Executed DbCommand (0ms) [Parameters=[], CommandType='Text', CommandTimeout='30']
      SELECT "c"."Id", "c"."Name", "c"."Slug"
      FROM "Categories" AS "c"
      ORDER BY "c"."Name"
info: Microsoft.EntityFrameworkCore.Database.Command[20101]
      Executed DbCommand (0ms) [Parameters=[@categoryFilter='?' (Size = 14)], CommandType='Text', CommandTimeout='30']
      SELECT "f"."Id", "f"."CategoryId", "f"."CreatedUtc", "f"."Description", "f"."ImageFile", "f"."LastUpdatedUtc", "f"."Name", "c"."Id", "c"."Name", "c"."Slug"
      FROM "Figures" AS "f"
      INNER JOIN "Categories" AS "c" ON "f"."CategoryId" = "c"."Id"
      WHERE "c"."Slug" = @categoryFilter OR "c"."Name" COLLATE Latin1_General_100_CI_AS = @categoryFilter
info: LegoCatalog.App.Middleware.RequestTelemetryMiddleware[0]
      http.server.request
info: Microsoft.EntityFrameworkCore.Database.Command[20101]
      Executed DbCommand (0ms) [Parameters=[], CommandType='Text', CommandTimeout='30']
      SELECT "c"."Id", "c"."Name", "c"."Slug"
      FROM "Categories" AS "c"
      ORDER BY "c"."Name"
info: Microsoft.EntityFrameworkCore.Database.Command[20101]
      Executed DbCommand (0ms) [Parameters=[@categoryFilter='?' (Size = 17)], CommandType='Text', CommandTimeout='30']
      SELECT "f"."Id", "f"."CategoryId", "f"."CreatedUtc", "f"."Description", "f"."ImageFile", "f"."LastUpdatedUtc", "f"."Name", "c"."Id", "c"."Name", "c"."Slug"
      FROM "Figures" AS "f"
      INNER JOIN "Categories" AS "c" ON "f"."CategoryId" = "c"."Id"
      WHERE "c"."Slug" = @categoryFilter OR "c"."Name" COLLATE Latin1_General_100_CI_AS = @categoryFilter
info: LegoCatalog.App.Middleware.RequestTelemetryMiddleware[0]
      http.server.request
info: Microsoft.EntityFrameworkCore.Database.Command[20101]
      Executed DbCommand (0ms) [Parameters=[], CommandType='Text', CommandTimeout='30']
      SELECT "c"."Id", "c"."Name", "c"."Slug"
      FROM "Categories" AS "c"
      ORDER BY "c"."Name"
info: Microsoft.EntityFrameworkCore.Database.Command[20101]
      Executed DbCommand (0ms) [Parameters=[@categoryFilter='?' (Size = 14), @Format='?' (Size = 4)], CommandType='Text', CommandTimeout='30']
      SELECT "f"."Id", "f"."CategoryId", "f"."CreatedUtc", "f"."Description", "f"."ImageFile", "f"."LastUpdatedUtc", "f"."Name", "c"."Id", "c"."Name", "c"."Slug"
      FROM "Figures" AS "f"
      INNER JOIN "Categories" AS "c" ON "f"."CategoryId" = "c"."Id"
      WHERE ("c"."Slug" = @categoryFilter OR "c"."Name" COLLATE Latin1_General_100_CI_AS = @categoryFilter) AND "f"."Name" COLLATE Latin1_General_100_CI_AS LIKE @Format ESCAPE '\'
info: LegoCatalog.App.Middleware.RequestTelemetryMiddleware[0]
      http.server.request
info: Microsoft.EntityFrameworkCore.Database.Command[20101]
      Executed DbCommand (0ms) [Parameters=[], CommandType='Text', CommandTimeout='30']
      SELECT "c"."Id", "c"."Name", "c"."Slug"
      FROM "Categories" AS "c"
      ORDER BY "c"."Name"
info: Microsoft.EntityFrameworkCore.Database.Command[20101]
      Executed DbCommand (0ms) [Parameters=[@categoryFilter='?' (Size = 14), @Format='?' (Size = 3)], CommandType='Text', CommandTimeout='30']
      SELECT "f"."Id", "f"."CategoryId", "f"."CreatedUtc", "f"."Description", "f"."ImageFile", "f"."LastUpdatedUtc", "f"."Name", "c"."Id", "c"."Name", "c"."Slug"
      FROM "Figures" AS "f"
      INNER JOIN "Categories" AS "c" ON "f"."CategoryId" = "c"."Id"
      WHERE ("c"."Slug" = @categoryFilter OR "c"."Name" COLLATE Latin1_General_100_CI_AS = @categoryFilter) AND "f"."Name" COLLATE Latin1_General_100_CI_AS LIKE @Format ESCAPE '\'
info: LegoCatalog.App.Middleware.RequestTelemetryMiddleware[0]
      http.server.request
info: Microsoft.EntityFrameworkCore.Database.Command[20101]
      Executed DbCommand (0ms) [Parameters=[], CommandType='Text', CommandTimeout='30']
      SELECT "c"."Id", "c"."Name", "c"."Slug"
      FROM "Categories" AS "c"
      ORDER BY "c"."Name"
info: Microsoft.EntityFrameworkCore.Database.Command[20101]
      Executed DbCommand (0ms) [Parameters=[@categoryFilter='?' (Size = 14)], CommandType='Text', CommandTimeout='30']
      SELECT "f"."Id", "f"."CategoryId", "f"."CreatedUtc", "f"."Description", "f"."ImageFile", "f"."LastUpdatedUtc", "f"."Name", "c"."Id", "c"."Name", "c"."Slug"
      FROM "Figures" AS "f"
      INNER JOIN "Categories" AS "c" ON "f"."CategoryId" = "c"."Id"
      WHERE "c"."Slug" = @categoryFilter OR "c"."Name" COLLATE Latin1_General_100_CI_AS = @categoryFilter
info: LegoCatalog.App.Middleware.RequestTelemetryMiddleware[0]
      http.server.request
info: Microsoft.EntityFrameworkCore.Database.Command[20101]
      Executed DbCommand (0ms) [Parameters=[], CommandType='Text', CommandTimeout='30']
      SELECT "c"."Id", "c"."Name", "c"."Slug"
      FROM "Categories" AS "c"
      ORDER BY "c"."Name"
info: Microsoft.EntityFrameworkCore.Database.Command[20101]
      Executed DbCommand (0ms) [Parameters=[@categoryFilter='?' (Size = 16)], CommandType='Text', CommandTimeout='30']
      SELECT "f"."Id", "f"."CategoryId", "f"."CreatedUtc", "f"."Description", "f"."ImageFile", "f"."LastUpdatedUtc", "f"."Name", "c"."Id", "c"."Name", "c"."Slug"
      FROM "Figures" AS "f"
      INNER JOIN "Categories" AS "c" ON "f"."CategoryId" = "c"."Id"
      WHERE "c"."Slug" = @categoryFilter OR "c"."Name" COLLATE Latin1_General_100_CI_AS = @categoryFilter
info: LegoCatalog.App.Middleware.RequestTelemetryMiddleware[0]
      http.server.request
[...]
      Executed DbCommand (0ms) [Parameters=[@p0='?' (DbType = Guid), @p1='?' (DbType = Int32), @p2='?' (DbType = DateTime), @p3='?' (Size = 111), @p4='?' (Size = 40), @p5='?' (DbType = DateTime), @p6='?' (Size = 22)], CommandType='Text', CommandTimeout='30']
      INSERT INTO "Figures" ("Id", "CategoryId", "CreatedUtc", "Description", "ImageFile", "LastUpdatedUtc", "Name")
      VALUES (@p0, @p1, @p2, @p3, @p4, @p5, @p6);
info: Microsoft.EntityFrameworkCore.Database.Command[20101]
      Executed DbCommand (0ms) [Parameters=[@p0='?' (DbType = Guid), @p1='?' (DbType = Int32), @p2='?' (DbType = DateTime), @p3='?' (Size = 73), @p4='?' (Size = 40), @p5='?' (DbType = DateTime), @p6='?' (Size = 23)], CommandType='Text', CommandTimeout='30']
      INSERT INTO "Figures" ("Id", "CategoryId", "CreatedUtc", "Description", "ImageFile", "LastUpdatedUtc", "Name")
      VALUES (@p0, @p1, @p2, @p3, @p4, @p5, @p6);
info: Microsoft.EntityFrameworkCore.Database.Command[20101]
      Executed DbCommand (0ms) [Parameters=[@p0='?' (DbType = Guid), @p1='?' (DbType = Int32), @p2='?' (DbType = DateTime), @p3='?' (Size = 77), @p4='?' (Size = 40), @p5='?' (DbType = DateTime), @p6='?' (Size = 21)], CommandType='Text', CommandTimeout='30']
      INSERT INTO "Figures" ("Id", "CategoryId", "CreatedUtc", "Description", "ImageFile", "LastUpdatedUtc", "Name")
      VALUES (@p0, @p1, @p2, @p3, @p4, @p5, @p6);
info: Microsoft.EntityFrameworkCore.Database.Command[20101]
      Executed DbCommand (0ms) [Parameters=[@p0='?' (DbType = Guid), @p1='?' (DbType = Int32), @p2='?' (DbType = DateTime), @p3='?' (Size = 109), @p4='?' (Size = 40), @p5='?' (DbType = DateTime), @p6='?' (Size = 26)], CommandType='Text', CommandTimeout='30']
      INSERT INTO "Figures" ("Id", "CategoryId", "CreatedUtc", "Description", "ImageFile", "LastUpdatedUtc", "Name")
      VALUES (@p0, @p1, @p2, @p3, @p4, @p5, @p6);
info: Microsoft.EntityFrameworkCore.Database.Command[20101]
      Executed DbCommand (0ms) [Parameters=[@p0='?' (DbType = Guid), @p1='?' (DbType = Int32), @p2='?' (DbType = DateTime), @p3='?' (Size = 107), @p4='?' (Size = 40), @p5='?' (DbType = DateTime), @p6='?' (Size = 22)], CommandType='Text', CommandTimeout='30']
      INSERT INTO "Figures" ("Id", "CategoryId", "CreatedUtc", "Description", "ImageFile", "LastUpdatedUtc", "Name")
      VALUES (@p0, @p1, @p2, @p3, @p4, @p5, @p6);
info: Microsoft.EntityFrameworkCore.Database.Command[20101]
      Executed DbCommand (0ms) [Parameters=[@p0='?' (DbType = Guid), @p1='?' (DbType = Int32), @p2='?' (DbType = DateTime), @p3='?' (Size = 116), @p4='?' (Size = 40), @p5='?' (DbType = DateTime), @p6='?' (Size = 21)], CommandType='Text', CommandTimeout='30']
      INSERT INTO "Figures" ("Id", "CategoryId", "CreatedUtc", "Description", "ImageFile", "LastUpdatedUtc", "Name")
      VALUES (@p0, @p1, @p2, @p3, @p4, @p5, @p6);
info: Microsoft.EntityFrameworkCore.Database.Command[20101]
      Executed DbCommand (0ms) [Parameters=[@p0='?' (DbType = Guid), @p1='?' (DbType = Int32), @p2='?' (DbType = DateTime), @p3='?' (Size = 76), @p4='?' (Size = 40), @p5='?' (DbType = DateTime), @p6='?' (Size = 21)], CommandType='Text', CommandTimeout='30']
      INSERT INTO "Figures" ("Id", "CategoryId", "CreatedUtc", "Description", "ImageFile", "LastUpdatedUtc", "Name")
      VALUES (@p0, @p1, @p2, @p3, @p4, @p5, @p6);
info: Microsoft.EntityFrameworkCore.Database.Command[20101]
      Executed DbCommand (0ms) [Parameters=[@p0='?' (DbType = Guid), @p1='?' (DbType = Int32), @p2='?' (DbType = DateTime), @p3='?' (Size = 115), @p4='?' (Size = 40), @p5='?' (DbType = DateTime), @p6='?' (Size = 22)], CommandType='Text', CommandTimeout='30']
      INSERT INTO "Figures" ("Id", "CategoryId", "CreatedUtc", "Description", "ImageFile", "LastUpdatedUtc", "Name")
      VALUES (@p0, @p1, @p2, @p3, @p4, @p5, @p6);
info: Microsoft.EntityFrameworkCore.Database.Command[20101]
      Executed DbCommand (0ms) [Parameters=[@p0='?' (DbType = Guid), @p1='?' (DbType = Int32), @p2='?' (DbType = DateTime), @p3='?' (Size = 127), @p4='?' (Size = 40), @p5='?' (DbType = DateTime), @p6='?' (Size = 20)], CommandType='Text', CommandTimeout='30']
      INSERT INTO "Figures" ("Id", "CategoryId", "CreatedUtc", "Description", "ImageFile", "LastUpdatedUtc", "Name")
      VALUES (@p0, @p1, @p2, @p3, @p4, @p5, @p6);
info: Microsoft.EntityFrameworkCore.Database.Command[20101]
      Executed DbCommand (0ms) [Parameters=[@p0='?' (DbType = Guid), @p1='?' (DbType = Int32), @p2='?' (DbType = DateTime), @p3='?' (Size = 99), @p4='?' (Size = 40), @p5='?' (DbType = DateTime), @p6='?' (Size = 18)], CommandType='Text', CommandTimeout='30']
      INSERT INTO "Figures" ("Id", "CategoryId", "CreatedUtc", "Description", "ImageFile", "LastUpdatedUtc", "Name")
      VALUES (@p0, @p1, @p2, @p3, @p4, @p5, @p6);
info: Microsoft.EntityFrameworkCore.Database.Command[20101]
      Executed DbCommand (0ms) [Parameters=[@p0='?' (DbType = Guid), @p1='?' (DbType = Int32), @p2='?' (DbType = DateTime), @p3='?' (Size = 68), @p4='?' (Size = 40), @p5='?' (DbType = DateTime), @p6='?' (Size = 21)], CommandType='Text', CommandTimeout='30']
      INSERT INTO "Figures" ("Id", "CategoryId", "CreatedUtc", "Description", "ImageFile", "LastUpdatedUtc", "Name")
      VALUES (@p0, @p1, @p2, @p3, @p4, @p5, @p6);
info: Microsoft.EntityFrameworkCore.Database.Command[20101]
      Executed DbCommand (0ms) [Parameters=[@p0='?' (DbType = Guid), @p1='?' (DbType = Int32), @p2='?' (DbType = DateTime), @p3='?' (Size = 118), @p4='?' (Size = 40), @p5='?' (DbType = DateTime), @p6='?' (Size = 19)], CommandType='Text', CommandTimeout='30']
      INSERT INTO "Figures" ("Id", "CategoryId", "CreatedUtc", "Description", "ImageFile", "LastUpdatedUtc", "Name")
      VALUES (@p0, @p1, @p2, @p3, @p4, @p5, @p6);
info: Microsoft.EntityFrameworkCore.Database.Command[20101]
      Executed DbCommand (0ms) [Parameters=[@p0='?' (DbType = Guid), @p1='?' (DbType = Int32), @p2='?' (DbType = DateTime), @p3='?' (Size = 119), @p4='?' (Size = 40), @p5='?' (DbType = DateTime), @p6='?' (Size = 18)], CommandType='Text', CommandTimeout='30']
      INSERT INTO "Figures" ("Id", "CategoryId", "CreatedUtc", "Description", "ImageFile", "LastUpdatedUtc", "Name")
      VALUES (@p0, @p1, @p2, @p3, @p4, @p5, @p6);
info: Microsoft.EntityFrameworkCore.Database.Command[20101]
      Executed DbCommand (0ms) [Parameters=[@p0='?' (DbType = Guid), @p1='?' (DbType = Int32), @p2='?' (DbType = DateTime), @p3='?' (Size = 146), @p4='?' (Size = 40), @p5='?' (DbType = DateTime), @p6='?' (Size = 26)], CommandType='Text', CommandTimeout='30']
      INSERT INTO "Figures" ("Id", "CategoryId", "CreatedUtc", "Description", "ImageFile", "LastUpdatedUtc", "Name")
      VALUES (@p0, @p1, @p2, @p3, @p4, @p5, @p6);
info: Microsoft.EntityFrameworkCore.Database.Command[20101]
      Executed DbCommand (0ms) [Parameters=[@p0='?' (DbType = Guid), @p1='?' (DbType = Int32), @p2='?' (DbType = DateTime), @p3='?' (Size = 93), @p4='?' (Size = 40), @p5='?' (DbType = DateTime), @p6='?' (Size = 24)], CommandType='Text', CommandTimeout='30']
      INSERT INTO "Figures" ("Id", "CategoryId", "CreatedUtc", "Description", "ImageFile", "LastUpdatedUtc", "Name")
      VALUES (@p0, @p1, @p2, @p3, @p4, @p5, @p6);
info: LegoCatalog.App.Services.ImportService[0]
      catalog.import.completed inserted=198 skipped=0
info: Microsoft.EntityFrameworkCore.Database.Command[20101]
      Executed DbCommand (0ms) [Parameters=[], CommandType='Text', CommandTimeout='30']
      SELECT COUNT(*)
      FROM "Figures" AS "f"
info: Microsoft.EntityFrameworkCore.Database.Command[20101]
      Executed DbCommand (0ms) [Parameters=[], CommandType='Text', CommandTimeout='30']
      SELECT COUNT(*)
      FROM "Categories" AS "c"
info: Microsoft.EntityFrameworkCore.Database.Command[20101]
      Executed DbCommand (0ms) [Parameters=[], CommandType='Text', CommandTimeout='30']
      SELECT "c"."Id", "c"."Name", "c"."Slug"
      FROM "Categories" AS "c"
info: Microsoft.EntityFrameworkCore.Database.Command[20101]
      Executed DbCommand (0ms) [Parameters=[], CommandType='Text', CommandTimeout='30']
      SELECT "f"."Id"
      FROM "Figures" AS "f"
info: LegoCatalog.App.Services.ImportService[0]
      catalog.import.completed inserted=0 skipped=198
info: Microsoft.EntityFrameworkCore.Database.Command[20101]
      Executed DbCommand (0ms) [Parameters=[], CommandType='Text', CommandTimeout='30']
      SELECT COUNT(*)
      FROM "Figures" AS "f"
info: Microsoft.EntityFrameworkCore.Database.Command[20101]
      Executed DbCommand (0ms) [Parameters=[], CommandType='Text', CommandTimeout='30']
      SELECT COUNT(*)
      FROM "Categories" AS "c"
info: Microsoft.EntityFrameworkCore.Database.Command[20101]
      Executed DbCommand (0ms) [Parameters=[], CommandType='Text', CommandTimeout='30']
      SELECT "c"."Id", "c"."Name", "c"."Slug"
      FROM "Categories" AS "c"
info: Microsoft.EntityFrameworkCore.Database.Command[20101]
      Executed DbCommand (0ms) [Parameters=[], CommandType='Text', CommandTimeout='30']
      SELECT "f"."Id"
      FROM "Figures" AS "f"
info: Microsoft.EntityFrameworkCore.Database.Command[20101]
      Executed DbCommand (0ms) [Parameters=[@p0='?' (Size = 14), @p1='?' (Size = 14)], CommandType='Text', CommandTimeout='30']
      INSERT INTO "Categories" ("Name", "Slug")
      VALUES (@p0, @p1)
      RETURNING "Id";
info: Microsoft.EntityFrameworkCore.Database.Command[20101]
      Executed DbCommand (0ms) [Parameters=[@p0='?' (Size = 17), @p1='?' (Size = 17)], CommandType='Text', CommandTimeout='30']
      INSERT INTO "Categories" ("Name", "Slug")
      VALUES (@p0, @p1)
      RETURNING "Id";
info: Microsoft.EntityFrameworkCore.Database.Command[20101]
      Executed DbCommand (0ms) [Parameters=[@p2='?' (DbType = Guid), @p3='?' (DbType = Int32), @p4='?' (DbType = DateTime), @p5='?' (Size = 65), @p6='?' (Size = 40), @p7='?' (DbType = DateTime), @p8='?' (Size = 16)], CommandType='Text', CommandTimeout='30']
      INSERT INTO "Figures" ("Id", "CategoryId", "CreatedUtc", "Description", "ImageFile", "LastUpdatedUtc", "Name")
      VALUES (@p2, @p3, @p4, @p5, @p6, @p7, @p8);
info: Microsoft.EntityFrameworkCore.Database.Command[20101]
      Executed DbCommand (0ms) [Parameters=[@p0='?' (DbType = Guid), @p1='?' (DbType = Int32), @p2='?' (DbType = DateTime), @p3='?' (Size = 68), @p4='?' (Size = 40), @p5='?' (DbType = DateTime), @p6='?' (Size = 16)], CommandType='Text', CommandTimeout='30']
      INSERT INTO "Figures" ("Id", "CategoryId", "CreatedUtc", "Description", "ImageFile", "LastUpdatedUtc", "Name")
      VALUES (@p0, @p1, @p2, @p3, @p4, @p5, @p6);
info: Microsoft.EntityFrameworkCore.Database.Command[20101]
      Executed DbCommand (0ms) [Parameters=[@p0='?' (DbType = Guid), @p1='?' (DbType = Int32), @p2='?' (DbType = DateTime), @p3='?' (Size = 74), @p4='?' (Size = 40), @p5='?' (DbType = DateTime), @p6='?' (Size = 16)], CommandType='Text', CommandTimeout='30']
      INSERT INTO "Figures" ("Id", "CategoryId", "CreatedUtc", "Description", "ImageFile", "LastUpdatedUtc", "Name")
      VALUES (@p0, @p1, @p2, @p3, @p4, @p5, @p6);
info: Microsoft.EntityFrameworkCore.Database.Command[20101]
      Executed DbCommand (0ms) [Parameters=[@p0='?' (DbType = Guid), @p1='?' (DbType = Int32), @p2='?' (DbType = DateTime), @p3='?' (Size = 89), @p4='?' (Size = 40), @p5='?' (DbType = DateTime), @p6='?' (Size = 21)], CommandType='Text', CommandTimeout='30']
      INSERT INTO "Figures" ("Id", "CategoryId", "CreatedUtc", "Description", "ImageFile", "LastUpdatedUtc", "Name")
      VALUES (@p0, @p1, @p2, @p3, @p4, @p5, @p6);
info: LegoCatalog.App.Services.ImportService[0]
      catalog.import.completed inserted=4 skipped=0
info: Microsoft.EntityFrameworkCore.Database.Command[20101]
      Executed DbCommand (0ms) [Parameters=[], CommandType='Text', CommandTimeout='30']
      SELECT COUNT(*)
      FROM "Figures" AS "f"
info: Microsoft.EntityFrameworkCore.Database.Command[20101]
      Executed DbCommand (0ms) [Parameters=[], CommandType='Text', CommandTimeout='30']
      SELECT COUNT(*)
      FROM "Categories" AS "c"
info: Microsoft.EntityFrameworkCore.Database.Command[20101]
      Executed DbCommand (0ms) [Parameters=[], CommandType='Text', CommandTimeout='30']
      SELECT "c"."Id", "c"."Name", "c"."Slug"
      FROM "Categories" AS "c"
info: Microsoft.EntityFrameworkCore.Database.Command[20101]
      Executed DbCommand (0ms) [Parameters=[], CommandType='Text', CommandTimeout='30']
      SELECT "f"."Id"
      FROM "Figures" AS "f"
info: LegoCatalog.App.Services.ImportService[0]
      catalog.import.completed inserted=0 skipped=4
info: Microsoft.EntityFrameworkCore.Database.Command[20101]
      Executed DbCommand (0ms) [Parameters=[], CommandType='Text', CommandTimeout='30']
      SELECT COUNT(*)
      FROM "Figures" AS "f"
info: Microsoft.EntityFrameworkCore.Database.Command[20101]
      Executed DbCommand (0ms) [Parameters=[], CommandType='Text', CommandTimeout='30']
      SELECT COUNT(*)
      FROM "Categories" AS "c"
info: Microsoft.Hosting.Lifetime[0]
      Application is shutting down...
info: Microsoft.Hosting.Lifetime[0]
      Application started. Press Ctrl+C to shut down.
info: Microsoft.Hosting.Lifetime[0]
      Hosting environment: Testing
info: Microsoft.Hosting.Lifetime[0]
      Content root path: /Users/mimarusa/Documents/PRJ/_COPILOT_/copilot-worktrees/MicroHack-AppInnovation/michalmar-refactored-waddle/dotnet/src/LegoCatalog.App
info: LegoCatalog.App.Middleware.RequestTelemetryMiddleware[0]
      http.server.request
info: LegoCatalog.App.Middleware.RequestTelemetryMiddleware[0]
      http.server.request
info: LegoCatalog.App.Middleware.RequestTelemetryMiddleware[0]
      http.server.request
info: Microsoft.Hosting.Lifetime[0]
      Application is shutting down...
info: Microsoft.Hosting.Lifetime[0]
      Application started. Press Ctrl+C to shut down.
info: Microsoft.Hosting.Lifetime[0]
      Hosting environment: Testing
info: Microsoft.Hosting.Lifetime[0]
      Content root path: /Users/mimarusa/Documents/PRJ/_COPILOT_/copilot-worktrees/MicroHack-AppInnovation/michalmar-refactored-waddle/dotnet/src/LegoCatalog.App
info: Microsoft.EntityFrameworkCore.Database.Command[20101]
      Executed DbCommand (0ms) [Parameters=[], CommandType='Text', CommandTimeout='30']
      CREATE TABLE "Categories" (
          "Id" INTEGER NOT NULL CONSTRAINT "PK_Categories" PRIMARY KEY AUTOINCREMENT,
          "Name" TEXT NOT NULL,
          "Slug" TEXT NOT NULL,
          CONSTRAINT "UQ_Categories_Name" UNIQUE ("Name"),
          CONSTRAINT "UQ_Categories_Slug" UNIQUE ("Slug")
      );
      CREATE TABLE "Figures" (
          "Id" TEXT NOT NULL CONSTRAINT "PK_Figures" PRIMARY KEY,
          "Name" TEXT NOT NULL,
          "CategoryId" INTEGER NOT NULL,
          "Description" TEXT NOT NULL,
          "ImageFile" TEXT NOT NULL,
          "CreatedUtc" datetime2 NOT NULL,
          "LastUpdatedUtc" datetime2 NOT NULL,
          CONSTRAINT "FK_Figures_Categories" FOREIGN KEY ("CategoryId") REFERENCES "Categories" ("Id")
      );
      CREATE INDEX "IX_Figures_CategoryId" ON "Figures" ("CategoryId");
      CREATE INDEX "IX_Figures_Name" ON "Figures" ("Name");
info: Microsoft.EntityFrameworkCore.Database.Command[20101]
      Executed DbCommand (0ms) [Parameters=[], CommandType='Text', CommandTimeout='30']
      SELECT "c"."Id", "c"."Name", "c"."Slug"
      FROM "Categories" AS "c"
info: Microsoft.EntityFrameworkCore.Database.Command[20101]
      Executed DbCommand (0ms) [Parameters=[], CommandType='Text', CommandTimeout='30']
      SELECT "f"."Id"
      FROM "Figures" AS "f"
info: Microsoft.EntityFrameworkCore.Database.Command[20101]
      Executed DbCommand (0ms) [Parameters=[@p0='?' (Size = 14), @p1='?' (Size = 14)], CommandType='Text', CommandTimeout='30']
      INSERT INTO "Categories" ("Name", "Slug")
      VALUES (@p0, @p1)
      RETURNING "Id";
info: Microsoft.EntityFrameworkCore.Database.Command[20101]
      Executed DbCommand (0ms) [Parameters=[@p0='?' (Size = 17), @p1='?' (Size = 17)], CommandType='Text', CommandTimeout='30']
      INSERT INTO "Categories" ("Name", "Slug")
      VALUES (@p0, @p1)
      RETURNING "Id";
info: Microsoft.EntityFrameworkCore.Database.Command[20101]
      Executed DbCommand (0ms) [Parameters=[@p2='?' (DbType = Guid), @p3='?' (DbType = Int32), @p4='?' (DbType = DateTime), @p5='?' (Size = 65), @p6='?' (Size = 40), @p7='?' (DbType = DateTime), @p8='?' (Size = 16)], CommandType='Text', CommandTimeout='30']
      INSERT INTO "Figures" ("Id", "CategoryId", "CreatedUtc", "Description", "ImageFile", "LastUpdatedUtc", "Name")
      VALUES (@p2, @p3, @p4, @p5, @p6, @p7, @p8);
info: Microsoft.EntityFrameworkCore.Database.Command[20101]
      Executed DbCommand (0ms) [Parameters=[@p0='?' (DbType = Guid), @p1='?' (DbType = Int32), @p2='?' (DbType = DateTime), @p3='?' (Size = 68), @p4='?' (Size = 40), @p5='?' (DbType = DateTime), @p6='?' (Size = 16)], CommandType='Text', CommandTimeout='30']
      INSERT INTO "Figures" ("Id", "CategoryId", "CreatedUtc", "Description", "ImageFile", "LastUpdatedUtc", "Name")
      VALUES (@p0, @p1, @p2, @p3, @p4, @p5, @p6);
info: Microsoft.EntityFrameworkCore.Database.Command[20101]
      Executed DbCommand (0ms) [Parameters=[@p0='?' (DbType = Guid), @p1='?' (DbType = Int32), @p2='?' (DbType = DateTime), @p3='?' (Size = 74), @p4='?' (Size = 40), @p5='?' (DbType = DateTime), @p6='?' (Size = 16)], CommandType='Text', CommandTimeout='30']
      INSERT INTO "Figures" ("Id", "CategoryId", "CreatedUtc", "Description", "ImageFile", "LastUpdatedUtc", "Name")
      VALUES (@p0, @p1, @p2, @p3, @p4, @p5, @p6);
info: Microsoft.EntityFrameworkCore.Database.Command[20101]
      Executed DbCommand (0ms) [Parameters=[@p0='?' (DbType = Guid), @p1='?' (DbType = Int32), @p2='?' (DbType = DateTime), @p3='?' (Size = 89), @p4='?' (Size = 40), @p5='?' (DbType = DateTime), @p6='?' (Size = 21)], CommandType='Text', CommandTimeout='30']
      INSERT INTO "Figures" ("Id", "CategoryId", "CreatedUtc", "Description", "ImageFile", "LastUpdatedUtc", "Name")
      VALUES (@p0, @p1, @p2, @p3, @p4, @p5, @p6);
info: LegoCatalog.App.Services.ImportService[0]
      catalog.import.completed inserted=4 skipped=0
info: Microsoft.EntityFrameworkCore.Database.Command[20101]
      Executed DbCommand (0ms) [Parameters=[@id='?' (DbType = Guid)], CommandType='Text', CommandTimeout='30']
      SELECT "f"."Id", "f"."CategoryId", "f"."CreatedUtc", "f"."Description", "f"."ImageFile", "f"."LastUpdatedUtc", "f"."Name", "c"."Id", "c"."Name", "c"."Slug"
      FROM "Figures" AS "f"
      INNER JOIN "Categories" AS "c" ON "f"."CategoryId" = "c"."Id"
      WHERE "f"."Id" = @id
      LIMIT 1
info: LegoCatalog.App.Middleware.RequestTelemetryMiddleware[0]
      http.server.request
info: LegoCatalog.App.Middleware.RequestTelemetryMiddleware[0]
      http.server.request
info: Microsoft.EntityFrameworkCore.Database.Command[20101]
      Executed DbCommand (0ms) [Parameters=[@id='?' (DbType = Guid)], CommandType='Text', CommandTimeout='30']
      SELECT "f"."Id", "f"."CategoryId", "f"."CreatedUtc", "f"."Description", "f"."ImageFile", "f"."LastUpdatedUtc", "f"."Name", "c"."Id", "c"."Name", "c"."Slug"
      FROM "Figures" AS "f"
      INNER JOIN "Categories" AS "c" ON "f"."CategoryId" = "c"."Id"
      WHERE "f"."Id" = @id
      LIMIT 1
info: LegoCatalog.App.Middleware.RequestTelemetryMiddleware[0]
      http.server.request
info: LegoCatalog.App.Middleware.RequestTelemetryMiddleware[0]
      http.server.request
info: LegoCatalog.App.Middleware.RequestTelemetryMiddleware[0]
      http.server.request
info: LegoCatalog.App.Middleware.RequestTelemetryMiddleware[0]
      http.server.request
info: LegoCatalog.App.Middleware.RequestTelemetryMiddleware[0]
      http.server.request
info: Microsoft.Hosting.Lifetime[0]
      Application is shutting down...
[xUnit.net 00:00:01.72]   Finished:    LegoCatalog.App.Tests
</StdOut>
    </Output>
  </ResultSummary>
</TestRun>