<?xml version="1.0" encoding="utf-8"?>
<TestRun id="f83c3700-a5e3-4706-a068-b80d6e996a35" name="@vase 2026-08-27 18:21:00" xmlns="http://microsoft.com/schemas/VisualStudio/TeamTest/2010">
  <Times creation="2026-08-27T18:21:00.0768470+02:00" queuing="2026-08-27T18:21:00.0768470+02:00" start="2026-08-27T18:20:59.5296640+02:00" finish="2026-08-27T18:21:01.6787870+02:00" />
  <TestSettings name="default" id="cca68316-ed32-4d37-ad18-8f2481d0aa62">
    <Deployment runDeploymentRoot="_vase_2026-08-27_18_21_00" />
  </TestSettings>
  <Results>
    <UnitTestResult executionId="1f2a6b30-6cfe-4b4a-b292-d4118c4d48ea" testId="3593e72f-ee96-de7e-9a41-1fb1d0ff118b" testName="LegoCatalog.App.Tests.ImageSecurityTests.RejectsNonCanonicalImageKeys(key: &quot;..\\catalog.json&quot;)" computerName="vase" duration="00:00:00.0000007" startTime="2026-08-27T18:21:00.0304250+02:00" endTime="2026-08-27T18:21:00.0304560+02:00" testType="13cdc9d9-ddb5-4fa4-a97d-d965ccfc6d4b" outcome="Passed" testListId="8c84fa94-04c1-424b-9868-57a2d4851a1d" relativeResultsDirectory="1f2a6b30-6cfe-4b4a-b292-d4118c4d48ea" />
    <UnitTestResult executionId="d550ca33-b70f-440f-9a32-b3e0339c5331" testId="ce72d6b1-2d59-9b88-6ff5-6840f9c2d727" testName="Contract.Performance.InvalidKeyReturnsUnauthorized" computerName="vase" duration="00:00:00.1320955" startTime="2026-08-27T18:21:00.5546690+02:00" endTime="2026-08-27T18:21:00.6868260+02:00" testType="13cdc9d9-ddb5-4fa4-a97d-d965ccfc6d4b" outcome="Passed" testListId="8c84fa94-04c1-424b-9868-57a2d4851a1d" relativeResultsDirectory="d550ca33-b70f-440f-9a32-b3e0339c5331" />
    <UnitTestResult executionId="fe78e7fa-59c4-4c37-994a-ac297908c52d" testId="ea3dea5f-bb79-1842-0534-55a262ba1cf0" testName="Contract.Telemetry.FinalResponseStatus" computerName="vase" duration="00:00:00.0029248" startTime="2026-08-27T18:21:00.0841990+02:00" endTime="2026-08-27T18:21:00.0870520+02:00" testType="13cdc9d9-ddb5-4fa4-a97d-d965ccfc6d4b" outcome="Passed" testListId="8c84fa94-04c1-424b-9868-57a2d4851a1d" relativeResultsDirectory="fe78e7fa-59c4-4c37-994a-ac297908c52d" />
    <UnitTestResult executionId="d78a3804-f6e6-43d4-aca4-89161cbecfc2" testId="959a6fbf-41d5-f526-c12a-b5e9d4349af8" testName="Contract.Catalog.FigureIdentityIsCanonical" computerName="vase" duration="00:00:00.1118715" startTime="2026-08-27T18:21:01.5234820+02:00" endTime="2026-08-27T18:21:01.6354160+02:00" testType="13cdc9d9-ddb5-4fa4-a97d-d965ccfc6d4b" outcome="Passed" testListId="8c84fa94-04c1-424b-9868-57a2d4851a1d" relativeResultsDirectory="d78a3804-f6e6-43d4-aca4-89161cbecfc2" />
    <UnitTestResult executionId="df59cb75-e9cf-4709-a8e4-28c35dfab759" testId="0920e41b-4e9c-9be7-021d-6012776b6669" testName="LegoCatalog.App.Tests.RuntimeIdentityConfigurationTests.MissingRuntimeIdentityVariableFailsFast(variableName: &quot;DEPLOYMENT_ENVIRONMENT&quot;)" computerName="vase" duration="00:00:00.0002352" startTime="2026-08-27T18:21:00.0406540+02:00" endTime="2026-08-27T18:21:00.0408020+02:00" testType="13cdc9d9-ddb5-4fa4-a97d-d965ccfc6d4b" outcome="Passed" testListId="8c84fa94-04c1-424b-9868-57a2d4851a1d" relativeResultsDirectory="df59cb75-e9cf-4709-a8e4-28c35dfab759" />
    <UnitTestResult executionId="d5f9f27a-9f36-4797-9890-68d13a23ffd8" testId="60c4a015-1fbb-72c9-1adc-f85dc7044551" testName="LegoCatalog.App.Tests.ImageSecurityTests.RejectsNonCanonicalImageKeys(key: &quot;%2e%2e%2fcatalog.json&quot;)" computerName="vase" duration="00:00:00.0000011" startTime="2026-08-27T18:21:00.0305600+02:00" endTime="2026-08-27T18:21:00.0306840+02:00" testType="13cdc9d9-ddb5-4fa4-a97d-d965ccfc6d4b" outcome="Passed" testListId="8c84fa94-04c1-424b-9868-57a2d4851a1d" relativeResultsDirectory="d5f9f27a-9f36-4797-9890-68d13a23ffd8" />
    <UnitTestResult executionId="f7c7acbc-f33b-49cd-8464-591ad420d89e" testId="c57e55de-dfd0-4eda-c65b-4f51a726e921" testName="Contract.Catalog.SearchMatchesNameOnly" computerName="vase" duration="00:00:00.1378794" startTime="2026-08-27T18:21:01.1226090+02:00" endTime="2026-08-27T18:21:01.2605180+02:00" testType="13cdc9d9-ddb5-4fa4-a97d-d965ccfc6d4b" outcome="Passed" testListId="8c84fa94-04c1-424b-9868-57a2d4851a1d" relativeResultsDirectory="f7c7acbc-f33b-49cd-8464-591ad420d89e" />
    <UnitTestResult executionId="0fdff993-a4df-4c01-b9d4-48814df15b16" testId="09d3d0d4-81d2-a68b-b01a-34756b48a6bc" testName="LegoCatalog.App.Tests.OriginalRequestTargetMiddlewareTests.UnsafeOriginalTargetsReturnNotFound(rawTarget: &quot;/images/%252e%252e%252fhealthz&quot;)" computerName="vase" duration="00:00:00.0001539" startTime="2026-08-27T18:21:00.0344600+02:00" endTime="2026-08-27T18:21:00.0344830+02:00" testType="13cdc9d9-ddb5-4fa4-a97d-d965ccfc6d4b" outcome="Passed" testListId="8c84fa94-04c1-424b-9868-57a2d4851a1d" relativeResultsDirectory="0fdff993-a4df-4c01-b9d4-48814df15b16" />
    <UnitTestResult executionId="94f8a89a-a1d1-4c9b-acca-ff41f19301b4" testId="0a59c264-124f-7e68-9678-9efc22ccdcfd" testName="LegoCatalog.App.Tests.RuntimeIdentityConfigurationTests.MissingRuntimeIdentityVariableFailsFast(variableName: &quot;CONTAINER_APP_REVISION&quot;)" computerName="vase" duration="00:00:00.0390516" startTime="2026-08-27T18:20:59.9979190+02:00" endTime="2026-08-27T18:21:00.0400560+02:00" testType="13cdc9d9-ddb5-4fa4-a97d-d965ccfc6d4b" outcome="Passed" testListId="8c84fa94-04c1-424b-9868-57a2d4851a1d" relativeResultsDirectory="94f8a89a-a1d1-4c9b-acca-ff41f19301b4" />
    <UnitTestResult executionId="bbfe4ddf-11e5-4305-ad24-58dcc115c668" testId="0a704e87-6e0f-336c-73ff-eb2178156d56" testName="LegoCatalog.App.Tests.TelemetryContractTests.ResourceIdentityUsesFrozenValues" computerName="vase" duration="00:00:00.0043596" startTime="2026-08-27T18:20:59.9988180+02:00" endTime="2026-08-27T18:21:00.0079310+02:00" testType="13cdc9d9-ddb5-4fa4-a97d-d965ccfc6d4b" outcome="Passed" testListId="8c84fa94-04c1-424b-9868-57a2d4851a1d" relativeResultsDirectory="bbfe4ddf-11e5-4305-ad24-58dcc115c668" />
    <UnitTestResult executionId="4f89a69b-e26b-4163-93a9-461ca214a281" testId="1401504c-503a-c88d-9f98-075f7d04bbd2" testName="LegoCatalog.App.Tests.RuntimeIdentityConfigurationTests.MissingRuntimeIdentityVariableFailsFast(variableName: &quot;OTEL_SERVICE_VERSION&quot;)" computerName="vase" duration="00:00:00.0005071" startTime="2026-08-27T18:21:00.0401950+02:00" endTime="2026-08-27T18:21:00.0405660+02:00" testType="13cdc9d9-ddb5-4fa4-a97d-d965ccfc6d4b" outcome="Passed" testListId="8c84fa94-04c1-424b-9868-57a2d4851a1d" relativeResultsDirectory="4f89a69b-e26b-4163-93a9-461ca214a281" />
    <UnitTestResult executionId="85c61c04-2693-4380-80d7-662ec6371969" testId="e917e6db-3b58-4c59-e46e-869efff25bdf" testName="Contract.Performance.InvalidWorkFactorsFailStartup" computerName="vase" duration="00:00:00.0003465" startTime="2026-08-27T18:21:00.3931250+02:00" endTime="2026-08-27T18:21:00.3933420+02:00" testType="13cdc9d9-ddb5-4fa4-a97d-d965ccfc6d4b" outcome="Passed" testListId="8c84fa94-04c1-424b-9868-57a2d4851a1d" relativeResultsDirectory="85c61c04-2693-4380-80d7-662ec6371969" />
    <UnitTestResult executionId="590ba300-e833-45e5-8efa-0926588e9fbf" testId="0d9d7505-43c8-572b-ed8c-2b0b3bea890c" testName="Contract.Telemetry.RejectedDocumentIncrementsOnce" computerName="vase" duration="00:00:00.0672467" startTime="2026-08-27T18:21:00.0297780+02:00" endTime="2026-08-27T18:21:00.0739720+02:00" testType="13cdc9d9-ddb5-4fa4-a97d-d965ccfc6d4b" outcome="Passed" testListId="8c84fa94-04c1-424b-9868-57a2d4851a1d" relativeResultsDirectory="590ba300-e833-45e5-8efa-0926588e9fbf" />
    <UnitTestResult executionId="06713f0e-8379-4ee2-aea0-536bf67c918a" testId="4656b6b0-80fb-06bb-23cf-e8ca170a697f" testName="Contract.Performance.BoundsAreAccepted" computerName="vase" duration="00:00:00.0000997" startTime="2026-08-27T18:21:00.6870600+02:00" endTime="2026-08-27T18:21:00.6871000+02:00" testType="13cdc9d9-ddb5-4fa4-a97d-d965ccfc6d4b" outcome="Passed" testListId="8c84fa94-04c1-424b-9868-57a2d4851a1d" relativeResultsDirectory="06713f0e-8379-4ee2-aea0-536bf67c918a" />
    <UnitTestResult executionId="d664a7fa-2582-49fd-b0bd-94f854540af3" testId="1eeea80c-ed54-c6b3-f3c4-6a53f0c987ee" testName="Contract.Catalog.StartupImportIsIdempotent" computerName="vase" duration="00:00:00.1387885" startTime="2026-08-27T18:21:01.2610660+02:00" endTime="2026-08-27T18:21:01.3995320+02:00" testType="13cdc9d9-ddb5-4fa4-a97d-d965ccfc6d4b" outcome="Passed" testListId="8c84fa94-04c1-424b-9868-57a2d4851a1d" relativeResultsDirectory="d664a7fa-2582-49fd-b0bd-94f854540af3" />
    <UnitTestResult executionId="9f310de2-8165-4040-80e9-d06c366fc6dc" testId="9987e4d3-1fdb-d9c3-4313-bba3b71a7d46" testName="LegoCatalog.App.Tests.RuntimeIdentityConfigurationTests.SuppliedRuntimeIdentityVariablesReachTheOptions" computerName="vase" duration="00:00:00.0005326" startTime="2026-08-27T18:21:00.0416070+02:00" endTime="2026-08-27T18:21:00.0419770+02:00" testType="13cdc9d9-ddb5-4fa4-a97d-d965ccfc6d4b" outcome="Passed" testListId="8c84fa94-04c1-424b-9868-57a2d4851a1d" relativeResultsDirectory="9f310de2-8165-4040-80e9-d06c366fc6dc" />
    <UnitTestResult executionId="f7886745-d75d-4cf3-a7fd-382cff36f9c8" testId="ccbfbc7f-e808-6140-944f-d2dbce389070" testName="LegoCatalog.App.Tests.TelemetryContractTests.QueryTraceMetricAndFailureLogUseFrozenNames" computerName="vase" duration="00:00:00.0101498" startTime="2026-08-27T18:21:00.0743180+02:00" endTime="2026-08-27T18:21:00.0840670+02:00" testType="13cdc9d9-ddb5-4fa4-a97d-d965ccfc6d4b" outcome="Passed" testListId="8c84fa94-04c1-424b-9868-57a2d4851a1d" relativeResultsDirectory="f7886745-d75d-4cf3-a7fd-382cff36f9c8" />
    <UnitTestResult executionId="f04536c4-f82a-44f6-a491-d8fe99b90144" testId="c6860731-5bff-268b-83db-16ea5ae163bc" testName="LegoCatalog.App.Tests.ImageSecurityTests.RejectsNonCanonicalImageKeys(key: &quot;not-a-uuid.png&quot;)" computerName="vase" duration="00:00:00.0042496" startTime="2026-08-27T18:20:59.9987600+02:00" endTime="2026-08-27T18:21:00.0062380+02:00" testType="13cdc9d9-ddb5-4fa4-a97d-d965ccfc6d4b" outcome="Passed" testListId="8c84fa94-04c1-424b-9868-57a2d4851a1d" relativeResultsDirectory="f04536c4-f82a-44f6-a491-d8fe99b90144" />
    <UnitTestResult executionId="593f9bde-31df-4cde-ae79-2716b1fef259" testId="92f06ffb-04b2-b3c0-826a-7c097094788e" testName="LegoCatalog.App.Tests.ImageSecurityTests.RejectsNonCanonicalImageKeys(key: &quot;../catalog.json&quot;)" computerName="vase" duration="00:00:00.0000019" startTime="2026-08-27T18:21:00.0301640+02:00" endTime="2026-08-27T18:21:00.0302370+02:00" testType="13cdc9d9-ddb5-4fa4-a97d-d965ccfc6d4b" outcome="Passed" testListId="8c84fa94-04c1-424b-9868-57a2d4851a1d" relativeResultsDirectory="593f9bde-31df-4cde-ae79-2716b1fef259" />
    <UnitTestResult executionId="413790cd-72a7-48c2-966f-7c299577bd73" testId="129e97c3-419b-4133-ca44-86260927d19c" testName="LegoCatalog.App.Tests.OriginalRequestTargetMiddlewareTests.UnsafeOriginalTargetsReturnNotFound(rawTarget: &quot;/images/../healthz&quot;)" computerName="vase" duration="00:00:00.0000034" startTime="2026-08-27T18:21:00.0355610+02:00" endTime="2026-08-27T18:21:00.0355840+02:00" testType="13cdc9d9-ddb5-4fa4-a97d-d965ccfc6d4b" outcome="Passed" testListId="8c84fa94-04c1-424b-9868-57a2d4851a1d" relativeResultsDirectory="413790cd-72a7-48c2-966f-7c299577bd73" />
    <UnitTestResult executionId="40e6db52-c0c5-49cb-82d1-337072689cea" testId="da7eb108-9b0b-2fc3-192c-a2ac5c1dab43" testName="Contract.Conformance.NormalizationVectors" computerName="vase" duration="00:00:00.0005498" startTime="2026-08-27T18:21:00.0503750+02:00" endTime="2026-08-27T18:21:00.0508740+02:00" testType="13cdc9d9-ddb5-4fa4-a97d-d965ccfc6d4b" outcome="Passed" testListId="8c84fa94-04c1-424b-9868-57a2d4851a1d" relativeResultsDirectory="40e6db52-c0c5-49cb-82d1-337072689cea" />
    <UnitTestResult executionId="17503b61-1ae1-4499-9faa-0dda849a3351" testId="5d9bcb17-6ac3-3dc5-70b8-0f65f574adc6" testName="LegoCatalog.App.Tests.OriginalRequestTargetMiddlewareTests.UnsafeOriginalTargetsReturnNotFound(rawTarget: &quot;/images\\..\\healthz&quot;)" computerName="vase" duration="00:00:00.0000018" startTime="2026-08-27T18:21:00.0354930+02:00" endTime="2026-08-27T18:21:00.0355170+02:00" testType="13cdc9d9-ddb5-4fa4-a97d-d965ccfc6d4b" outcome="Passed" testListId="8c84fa94-04c1-424b-9868-57a2d4851a1d" relativeResultsDirectory="17503b61-1ae1-4499-9faa-0dda849a3351" />
    <UnitTestResult executionId="3f7136b3-b6e4-4fde-86cc-11518ed41f7e" testId="1a54dd62-47b6-c650-73b4-989fb68119dc" testName="LegoCatalog.App.Tests.OriginalRequestTargetMiddlewareTests.UnsafeOriginalTargetsReturnNotFound(rawTarget: &quot;/images/%2e%2e%5chealthz&quot;)" computerName="vase" duration="00:00:00.0332059" startTime="2026-08-27T18:20:59.9988070+02:00" endTime="2026-08-27T18:21:00.0342210+02:00" testType="13cdc9d9-ddb5-4fa4-a97d-d965ccfc6d4b" outcome="Passed" testListId="8c84fa94-04c1-424b-9868-57a2d4851a1d" relativeResultsDirectory="3f7136b3-b6e4-4fde-86cc-11518ed41f7e" />
    <UnitTestResult executionId="a531f322-bffa-49c6-b697-9a5d5c8ee6c1" testId="9219702c-374a-96fd-55b2-70c5a209956b" testName="LegoCatalog.App.Tests.ConformanceVectorTests.UnicodeCategoryAndWholeDocumentValidationAreStable" computerName="vase" duration="00:00:00.0058356" startTime="2026-08-27T18:21:00.0509540+02:00" endTime="2026-08-27T18:21:00.0582000+02:00" testType="13cdc9d9-ddb5-4fa4-a97d-d965ccfc6d4b" outcome="Passed" testListId="8c84fa94-04c1-424b-9868-57a2d4851a1d" relativeResultsDirectory="a531f322-bffa-49c6-b697-9a5d5c8ee6c1" />
    <UnitTestResult executionId="b3070523-f70a-4afe-ad18-d3bb280a60da" testId="bc28be9d-d770-4cb9-de19-2f48105347db" testName="Contract.Performance.TimeoutIsControlled" computerName="vase" duration="00:00:00.1125749" startTime="2026-08-27T18:21:00.6871930+02:00" endTime="2026-08-27T18:21:00.7997230+02:00" testType="13cdc9d9-ddb5-4fa4-a97d-d965ccfc6d4b" outcome="Passed" testListId="8c84fa94-04c1-424b-9868-57a2d4851a1d" relativeResultsDirectory="b3070523-f70a-4afe-ad18-d3bb280a60da" />
    <UnitTestResult executionId="13379cf3-b023-416f-98dc-6a67ed5ea3f1" testId="e79834cc-771d-3e79-df91-8b6c66880c61" testName="LegoCatalog.App.Tests.ImageSecurityTests.RejectsNonCanonicalImageKeys(key: &quot;10000000-0000-4000-8000-000000000001.PNG&quot;)" computerName="vase" duration="00:00:00.0000834" startTime="2026-08-27T18:21:00.0109650+02:00" endTime="2026-08-27T18:21:00.0298300+02:00" testType="13cdc9d9-ddb5-4fa4-a97d-d965ccfc6d4b" outcome="Passed" testListId="8c84fa94-04c1-424b-9868-57a2d4851a1d" relativeResultsDirectory="13379cf3-b023-416f-98dc-6a67ed5ea3f1" />
    <UnitTestResult executionId="7cbf6a77-9789-49d0-95ca-f992ad2e464d" testId="5e8b2e4c-5ad2-d057-04e4-377f92350cad" testName="LegoCatalog.App.Tests.OriginalRequestTargetMiddlewareTests.UnsafeOriginalTargetsReturnNotFound(rawTarget: &quot;/perftest\\catalog&quot;)" computerName="vase" duration="00:00:00.0001136" startTime="2026-08-27T18:21:00.0343170+02:00" endTime="2026-08-27T18:21:00.0343460+02:00" testType="13cdc9d9-ddb5-4fa4-a97d-d965ccfc6d4b" outcome="Passed" testListId="8c84fa94-04c1-424b-9868-57a2d4851a1d" relativeResultsDirectory="7cbf6a77-9789-49d0-95ca-f992ad2e464d" />
    <UnitTestResult executionId="f96c8a28-9eba-401e-8fe5-2358cfae2a5a" testId="d99169db-fb06-6269-0859-dd931e552ed3" testName="LegoCatalog.App.Tests.ImageSecurityTests.AcceptsCanonicalImageKey" computerName="vase" duration="00:00:00.0000730" startTime="2026-08-27T18:21:00.0307800+02:00" endTime="2026-08-27T18:21:00.0308060+02:00" testType="13cdc9d9-ddb5-4fa4-a97d-d965ccfc6d4b" outcome="Passed" testListId="8c84fa94-04c1-424b-9868-57a2d4851a1d" relativeResultsDirectory="f96c8a28-9eba-401e-8fe5-2358cfae2a5a" />
    <UnitTestResult executionId="8d282a34-9469-4b79-a099-55d987d5330b" testId="7cef10a2-cdd6-976e-1d6c-f38fe9376522" testName="LegoCatalog.App.Tests.OriginalRequestTargetMiddlewareTests.CanonicalOriginalTargetContinues" computerName="vase" duration="00:00:00.0003021" startTime="2026-08-27T18:21:00.0356440+02:00" endTime="2026-08-27T18:21:00.0356680+02:00" testType="13cdc9d9-ddb5-4fa4-a97d-d965ccfc6d4b" outcome="Passed" testListId="8c84fa94-04c1-424b-9868-57a2d4851a1d" relativeResultsDirectory="8d282a34-9469-4b79-a099-55d987d5330b" />
    <UnitTestResult executionId="c583e955-b6dd-4b37-b05b-4a0b6e7e21c1" testId="7990c44b-1aba-5f5e-c6a3-494f35781c9b" testName="LegoCatalog.App.Tests.OriginalRequestTargetMiddlewareTests.UnsafeOriginalTargetsReturnNotFound(rawTarget: &quot;/images/%2e%2e%2fhealthz&quot;)" computerName="vase" duration="00:00:00.0000102" startTime="2026-08-27T18:21:00.0343940+02:00" endTime="2026-08-27T18:21:00.0344190+02:00" testType="13cdc9d9-ddb5-4fa4-a97d-d965ccfc6d4b" outcome="Passed" testListId="8c84fa94-04c1-424b-9868-57a2d4851a1d" relativeResultsDirectory="c583e955-b6dd-4b37-b05b-4a0b6e7e21c1" />
    <UnitTestResult executionId="0da71e83-c943-4bb5-9ead-642e29d07905" testId="347f06e7-354b-a49a-14b8-8e8569b81c43" testName="Contract.Conformance.TextValidationVectors" computerName="vase" duration="00:00:00.0463958" startTime="2026-08-27T18:20:59.9987950+02:00" endTime="2026-08-27T18:21:00.0474380+02:00" testType="13cdc9d9-ddb5-4fa4-a97d-d965ccfc6d4b" outcome="Passed" testListId="8c84fa94-04c1-424b-9868-57a2d4851a1d" relativeResultsDirectory="0da71e83-c943-4bb5-9ead-642e29d07905" />
    <UnitTestResult executionId="53bcae6d-0963-4b11-838a-c98d3b235799" testId="b9189df8-f5c1-d3b4-8fcf-da4c9f5db27f" testName="LegoCatalog.App.Tests.RuntimeIdentityConfigurationTests.DeploymentEnvironmentRejectsValuesOtherThanLab" computerName="vase" duration="00:00:00.0005307" startTime="2026-08-27T18:21:00.0408730+02:00" endTime="2026-08-27T18:21:00.0415050+02:00" testType="13cdc9d9-ddb5-4fa4-a97d-d965ccfc6d4b" outcome="Passed" testListId="8c84fa94-04c1-424b-9868-57a2d4851a1d" relativeResultsDirectory="53bcae6d-0963-4b11-838a-c98d3b235799" />
    <UnitTestResult executionId="9572641a-78be-4d84-9b8e-b95706640e87" testId="74893996-9bd9-bda1-c5f4-7451c2767f2c" testName="Contract.Performance.MissingKeyReturnsUnauthorized" computerName="vase" duration="00:00:00.3919234" startTime="2026-08-27T18:20:59.9987830+02:00" endTime="2026-08-27T18:21:00.3929780+02:00" testType="13cdc9d9-ddb5-4fa4-a97d-d965ccfc6d4b" outcome="Passed" testListId="8c84fa94-04c1-424b-9868-57a2d4851a1d" relativeResultsDirectory="9572641a-78be-4d84-9b8e-b95706640e87" />
    <UnitTestResult executionId="6ea5b648-83cf-49ee-a486-9362da191392" testId="6d6ea39e-a65f-13f6-17b9-d8860817fcb0" testName="Contract.Catalog.AliasesAreRejectedBeforeRouting" computerName="vase" duration="00:00:00.1234895" startTime="2026-08-27T18:21:01.3996950+02:00" endTime="2026-08-27T18:21:01.5233490+02:00" testType="13cdc9d9-ddb5-4fa4-a97d-d965ccfc6d4b" outcome="Passed" testListId="8c84fa94-04c1-424b-9868-57a2d4851a1d" relativeResultsDirectory="6ea5b648-83cf-49ee-a486-9362da191392" />
    <UnitTestResult executionId="b05425f1-31d3-47c2-a827-91103c7e01df" testId="c778810e-d991-3441-cfb0-317d277265e8" testName="LegoCatalog.App.Tests.ConformanceVectorTests.IdentityMatchesSharedVectors" computerName="vase" duration="00:00:00.0027903" startTime="2026-08-27T18:21:00.0481230+02:00" endTime="2026-08-27T18:21:00.0502770+02:00" testType="13cdc9d9-ddb5-4fa4-a97d-d965ccfc6d4b" outcome="Passed" testListId="8c84fa94-04c1-424b-9868-57a2d4851a1d" relativeResultsDirectory="b05425f1-31d3-47c2-a827-91103c7e01df" />
    <UnitTestResult executionId="ecc5c6a8-af15-41d7-9db0-7f38b2267069" testId="87f87a4a-5207-63d4-1fee-c1fa9c75fb4c" testName="Contract.Health.ReadinessFailsDuringDatabaseOutage" computerName="vase" duration="00:00:00.3930857" startTime="2026-08-27T18:20:59.9987340+02:00" endTime="2026-08-27T18:21:00.3941070+02:00" testType="13cdc9d9-ddb5-4fa4-a97d-d965ccfc6d4b" outcome="Passed" testListId="8c84fa94-04c1-424b-9868-57a2d4851a1d" relativeResultsDirectory="ecc5c6a8-af15-41d7-9db0-7f38b2267069" />
    <UnitTestResult executionId="95024900-9e10-40dc-9298-52806aa0e629" testId="287bd12e-4254-e8a8-506a-d5f0035bad48" testName="Contract.Performance.DatabaseFailureIsControlled" computerName="vase" duration="00:00:00.1609443" startTime="2026-08-27T18:21:00.3934150+02:00" endTime="2026-08-27T18:21:00.5544510+02:00" testType="13cdc9d9-ddb5-4fa4-a97d-d965ccfc6d4b" outcome="Passed" testListId="8c84fa94-04c1-424b-9868-57a2d4851a1d" relativeResultsDirectory="95024900-9e10-40dc-9298-52806aa0e629" />
    <UnitTestResult executionId="fe73d67d-9030-4b65-8fdb-abcf00c0564a" testId="c7f06be5-955e-e07e-1597-a8e0de33df2a" testName="Contract.Health.ReadinessReportsImportFailure" computerName="vase" duration="00:00:00.1587682" startTime="2026-08-27T18:21:00.5565780+02:00" endTime="2026-08-27T18:21:00.7154400+02:00" testType="13cdc9d9-ddb5-4fa4-a97d-d965ccfc6d4b" outcome="Passed" testListId="8c84fa94-04c1-424b-9868-57a2d4851a1d" relativeResultsDirectory="fe73d67d-9030-4b65-8fdb-abcf00c0564a" />
    <UnitTestResult executionId="27ff7806-ca3a-41a6-a6dc-6cee50199476" testId="a06a349f-6beb-d046-2d80-cadcbaa1d0d1" testName="Contract.Catalog.CategoryFilterAcceptsSlugAndName" computerName="vase" duration="00:00:01.1213247" startTime="2026-08-27T18:20:59.9987710+02:00" endTime="2026-08-27T18:21:01.1224110+02:00" testType="13cdc9d9-ddb5-4fa4-a97d-d965ccfc6d4b" outcome="Passed" testListId="8c84fa94-04c1-424b-9868-57a2d4851a1d" relativeResultsDirectory="27ff7806-ca3a-41a6-a6dc-6cee50199476" />
    <UnitTestResult executionId="fcf3113f-37c8-4f5b-8dc9-bf6caec4612f" testId="04822bb5-d811-f8c3-c3f6-f0b3667d2f98" testName="Contract.Health.LivenessSurvivesDatabaseOutage" computerName="vase" duration="00:00:00.1621753" startTime="2026-08-27T18:21:00.3946270+02:00" endTime="2026-08-27T18:21:00.5564790+02:00" testType="13cdc9d9-ddb5-4fa4-a97d-d965ccfc6d4b" outcome="Passed" testListId="8c84fa94-04c1-424b-9868-57a2d4851a1d" relativeResultsDirectory="fcf3113f-37c8-4f5b-8dc9-bf6caec4612f" />
    <UnitTestResult executionId="d6e3013b-e169-459b-a4b3-a0f62a4fb108" testId="7e105409-5092-f4b5-a946-d80c90814fb6" testName="Contract.Performance.MissingWorkFactorUsesDefault" computerName="vase" duration="00:00:00.0000547" startTime="2026-08-27T18:21:00.5545750+02:00" endTime="2026-08-27T18:21:00.5546050+02:00" testType="13cdc9d9-ddb5-4fa4-a97d-d965ccfc6d4b" outcome="Passed" testListId="8c84fa94-04c1-424b-9868-57a2d4851a1d" relativeResultsDirectory="d6e3013b-e169-459b-a4b3-a0f62a4fb108" />
    <UnitTestResult executionId="11e5b18a-2679-4a26-8ced-05f83787e689" testId="c7cc7c3b-cea9-43f9-0b3c-c029397c31e5" testName="LegoCatalog.App.Tests.OriginalRequestTargetMiddlewareTests.UnsafeOriginalTargetsReturnNotFound(rawTarget: &quot;/perftest%5ccatalog&quot;)" computerName="vase" duration="00:00:00.0000041" startTime="2026-08-27T18:21:00.0354000+02:00" endTime="2026-08-27T18:21:00.0354340+02:00" testType="13cdc9d9-ddb5-4fa4-a97d-d965ccfc6d4b" outcome="Passed" testListId="8c84fa94-04c1-424b-9868-57a2d4851a1d" relativeResultsDirectory="11e5b18a-2679-4a26-8ced-05f83787e689" />
  </Results>
  <TestDefinitions>
    <UnitTest name="Contract.Telemetry.RejectedDocumentIncrementsOnce" storage="/users/mimarusa/documents/prj/_copilot_/copilot-worktrees/microhack-appinnovation/michalmar-refactored-waddle/dotnet/tests/legocatalog.app.tests/bin/debug/net8.0/legocatalog.app.tests.dll" id="0d9d7505-43c8-572b-ed8c-2b0b3bea890c">
      <Execution id="590ba300-e833-45e5-8efa-0926588e9fbf" />
      <TestMethod codeBase="/Users/mimarusa/Documents/PRJ/_COPILOT_/copilot-worktrees/MicroHack-AppInnovation/michalmar-refactored-waddle/dotnet/tests/LegoCatalog.App.Tests/bin/Debug/net8.0/LegoCatalog.App.Tests.dll" adapterTypeName="executor://xunit/VsTestRunner3/netcore/" className="LegoCatalog.App.Tests.TelemetryContractTests" name="RejectedDocumentRecordsExactlyOneRejectedUnit" />
    </UnitTest>
    <UnitTest name="LegoCatalog.App.Tests.ImageSecurityTests.RejectsNonCanonicalImageKeys(key: &quot;not-a-uuid.png&quot;)" storage="/users/mimarusa/documents/prj/_copilot_/copilot-worktrees/microhack-appinnovation/michalmar-refactored-waddle/dotnet/tests/legocatalog.app.tests/bin/debug/net8.0/legocatalog.app.tests.dll" id="c6860731-5bff-268b-83db-16ea5ae163bc">
      <Execution id="f04536c4-f82a-44f6-a491-d8fe99b90144" />
      <TestMethod codeBase="/Users/mimarusa/Documents/PRJ/_COPILOT_/copilot-worktrees/MicroHack-AppInnovation/michalmar-refactored-waddle/dotnet/tests/LegoCatalog.App.Tests/bin/Debug/net8.0/LegoCatalog.App.Tests.dll" adapterTypeName="executor://xunit/VsTestRunner3/netcore/" className="LegoCatalog.App.Tests.ImageSecurityTests" name="RejectsNonCanonicalImageKeys" />
    </UnitTest>
    <UnitTest name="Contract.Health.ReadinessFailsDuringDatabaseOutage" storage="/users/mimarusa/documents/prj/_copilot_/copilot-worktrees/microhack-appinnovation/michalmar-refactored-waddle/dotnet/tests/legocatalog.app.tests/bin/debug/net8.0/legocatalog.app.tests.dll" id="87f87a4a-5207-63d4-1fee-c1fa9c75fb4c">
      <Execution id="ecc5c6a8-af15-41d7-9db0-7f38b2267069" />
      <TestMethod codeBase="/Users/mimarusa/Documents/PRJ/_COPILOT_/copilot-worktrees/MicroHack-AppInnovation/michalmar-refactored-waddle/dotnet/tests/LegoCatalog.App.Tests/bin/Debug/net8.0/LegoCatalog.App.Tests.dll" adapterTypeName="executor://xunit/VsTestRunner3/netcore/" className="LegoCatalog.App.Tests.HealthContractTests" name="ReadinessFailsDuringDatabaseOutage" />
    </UnitTest>
    <UnitTest name="LegoCatalog.App.Tests.ConformanceVectorTests.IdentityMatchesSharedVectors" storage="/users/mimarusa/documents/prj/_copilot_/copilot-worktrees/microhack-appinnovation/michalmar-refactored-waddle/dotnet/tests/legocatalog.app.tests/bin/debug/net8.0/legocatalog.app.tests.dll" id="c778810e-d991-3441-cfb0-317d277265e8">
      <Execution id="b05425f1-31d3-47c2-a827-91103c7e01df" />
      <TestMethod codeBase="/Users/mimarusa/Documents/PRJ/_COPILOT_/copilot-worktrees/MicroHack-AppInnovation/michalmar-refactored-waddle/dotnet/tests/LegoCatalog.App.Tests/bin/Debug/net8.0/LegoCatalog.App.Tests.dll" adapterTypeName="executor://xunit/VsTestRunner3/netcore/" className="LegoCatalog.App.Tests.ConformanceVectorTests" name="IdentityMatchesSharedVectors" />
    </UnitTest>
    <UnitTest name="LegoCatalog.App.Tests.RuntimeIdentityConfigurationTests.MissingRuntimeIdentityVariableFailsFast(variableName: &quot;CONTAINER_APP_REVISION&quot;)" storage="/users/mimarusa/documents/prj/_copilot_/copilot-worktrees/microhack-appinnovation/michalmar-refactored-waddle/dotnet/tests/legocatalog.app.tests/bin/debug/net8.0/legocatalog.app.tests.dll" id="0a59c264-124f-7e68-9678-9efc22ccdcfd">
      <Execution id="94f8a89a-a1d1-4c9b-acca-ff41f19301b4" />
      <TestMethod codeBase="/Users/mimarusa/Documents/PRJ/_COPILOT_/copilot-worktrees/MicroHack-AppInnovation/michalmar-refactored-waddle/dotnet/tests/LegoCatalog.App.Tests/bin/Debug/net8.0/LegoCatalog.App.Tests.dll" adapterTypeName="executor://xunit/VsTestRunner3/netcore/" className="LegoCatalog.App.Tests.RuntimeIdentityConfigurationTests" name="MissingRuntimeIdentityVariableFailsFast" />
    </UnitTest>
    <UnitTest name="Contract.Performance.InvalidWorkFactorsFailStartup" storage="/users/mimarusa/documents/prj/_copilot_/copilot-worktrees/microhack-appinnovation/michalmar-refactored-waddle/dotnet/tests/legocatalog.app.tests/bin/debug/net8.0/legocatalog.app.tests.dll" id="e917e6db-3b58-4c59-e46e-869efff25bdf">
      <Execution id="85c61c04-2693-4380-80d7-662ec6371969" />
      <TestMethod codeBase="/Users/mimarusa/Documents/PRJ/_COPILOT_/copilot-worktrees/MicroHack-AppInnovation/michalmar-refactored-waddle/dotnet/tests/LegoCatalog.App.Tests/bin/Debug/net8.0/LegoCatalog.App.Tests.dll" adapterTypeName="executor://xunit/VsTestRunner3/netcore/" className="LegoCatalog.App.Tests.PerformanceContractTests" name="InvalidWorkFactorsFailStartup" />
    </UnitTest>
    <UnitTest name="Contract.Performance.DatabaseFailureIsControlled" storage="/users/mimarusa/documents/prj/_copilot_/copilot-worktrees/microhack-appinnovation/michalmar-refactored-waddle/dotnet/tests/legocatalog.app.tests/bin/debug/net8.0/legocatalog.app.tests.dll" id="287bd12e-4254-e8a8-506a-d5f0035bad48">
      <Execution id="95024900-9e10-40dc-9298-52806aa0e629" />
      <TestMethod codeBase="/Users/mimarusa/Documents/PRJ/_COPILOT_/copilot-worktrees/MicroHack-AppInnovation/michalmar-refactored-waddle/dotnet/tests/LegoCatalog.App.Tests/bin/Debug/net8.0/LegoCatalog.App.Tests.dll" adapterTypeName="executor://xunit/VsTestRunner3/netcore/" className="LegoCatalog.App.Tests.PerformanceContractTests" name="DatabaseFailureIsControlled" />
    </UnitTest>
    <UnitTest name="Contract.Performance.TimeoutIsControlled" storage="/users/mimarusa/documents/prj/_copilot_/copilot-worktrees/microhack-appinnovation/michalmar-refactored-waddle/dotnet/tests/legocatalog.app.tests/bin/debug/net8.0/legocatalog.app.tests.dll" id="bc28be9d-d770-4cb9-de19-2f48105347db">
      <Execution id="b3070523-f70a-4afe-ad18-d3bb280a60da" />
      <TestMethod codeBase="/Users/mimarusa/Documents/PRJ/_COPILOT_/copilot-worktrees/MicroHack-AppInnovation/michalmar-refactored-waddle/dotnet/tests/LegoCatalog.App.Tests/bin/Debug/net8.0/LegoCatalog.App.Tests.dll" adapterTypeName="executor://xunit/VsTestRunner3/netcore/" className="LegoCatalog.App.Tests.PerformanceContractTests" name="TimeoutIsControlled" />
    </UnitTest>
    <UnitTest name="LegoCatalog.App.Tests.OriginalRequestTargetMiddlewareTests.UnsafeOriginalTargetsReturnNotFound(rawTarget: &quot;/perftest\\catalog&quot;)" storage="/users/mimarusa/documents/prj/_copilot_/copilot-worktrees/microhack-appinnovation/michalmar-refactored-waddle/dotnet/tests/legocatalog.app.tests/bin/debug/net8.0/legocatalog.app.tests.dll" id="5e8b2e4c-5ad2-d057-04e4-377f92350cad">
      <Execution id="7cbf6a77-9789-49d0-95ca-f992ad2e464d" />
      <TestMethod codeBase="/Users/mimarusa/Documents/PRJ/_COPILOT_/copilot-worktrees/MicroHack-AppInnovation/michalmar-refactored-waddle/dotnet/tests/LegoCatalog.App.Tests/bin/Debug/net8.0/LegoCatalog.App.Tests.dll" adapterTypeName="executor://xunit/VsTestRunner3/netcore/" className="LegoCatalog.App.Tests.OriginalRequestTargetMiddlewareTests" name="UnsafeOriginalTargetsReturnNotFound" />
    </UnitTest>
    <UnitTest name="Contract.Performance.MissingWorkFactorUsesDefault" storage="/users/mimarusa/documents/prj/_copilot_/copilot-worktrees/microhack-appinnovation/michalmar-refactored-waddle/dotnet/tests/legocatalog.app.tests/bin/debug/net8.0/legocatalog.app.tests.dll" id="7e105409-5092-f4b5-a946-d80c90814fb6">
      <Execution id="d6e3013b-e169-459b-a4b3-a0f62a4fb108" />
      <TestMethod codeBase="/Users/mimarusa/Documents/PRJ/_COPILOT_/copilot-worktrees/MicroHack-AppInnovation/michalmar-refactored-waddle/dotnet/tests/LegoCatalog.App.Tests/bin/Debug/net8.0/LegoCatalog.App.Tests.dll" adapterTypeName="executor://xunit/VsTestRunner3/netcore/" className="LegoCatalog.App.Tests.PerformanceContractTests" name="MissingWorkFactorUsesDefault" />
    </UnitTest>
    <UnitTest name="Contract.Performance.MissingKeyReturnsUnauthorized" storage="/users/mimarusa/documents/prj/_copilot_/copilot-worktrees/microhack-appinnovation/michalmar-refactored-waddle/dotnet/tests/legocatalog.app.tests/bin/debug/net8.0/legocatalog.app.tests.dll" id="74893996-9bd9-bda1-c5f4-7451c2767f2c">
      <Execution id="9572641a-78be-4d84-9b8e-b95706640e87" />
      <TestMethod codeBase="/Users/mimarusa/Documents/PRJ/_COPILOT_/copilot-worktrees/MicroHack-AppInnovation/michalmar-refactored-waddle/dotnet/tests/LegoCatalog.App.Tests/bin/Debug/net8.0/LegoCatalog.App.Tests.dll" adapterTypeName="executor://xunit/VsTestRunner3/netcore/" className="LegoCatalog.App.Tests.PerformanceContractTests" name="MissingKeyReturnsUnauthorized" />
    </UnitTest>
    <UnitTest name="LegoCatalog.App.Tests.ImageSecurityTests.RejectsNonCanonicalImageKeys(key: &quot;%2e%2e%2fcatalog.json&quot;)" storage="/users/mimarusa/documents/prj/_copilot_/copilot-worktrees/microhack-appinnovation/michalmar-refactored-waddle/dotnet/tests/legocatalog.app.tests/bin/debug/net8.0/legocatalog.app.tests.dll" id="60c4a015-1fbb-72c9-1adc-f85dc7044551">
      <Execution id="d5f9f27a-9f36-4797-9890-68d13a23ffd8" />
      <TestMethod codeBase="/Users/mimarusa/Documents/PRJ/_COPILOT_/copilot-worktrees/MicroHack-AppInnovation/michalmar-refactored-waddle/dotnet/tests/LegoCatalog.App.Tests/bin/Debug/net8.0/LegoCatalog.App.Tests.dll" adapterTypeName="executor://xunit/VsTestRunner3/netcore/" className="LegoCatalog.App.Tests.ImageSecurityTests" name="RejectsNonCanonicalImageKeys" />
    </UnitTest>
    <UnitTest name="LegoCatalog.App.Tests.OriginalRequestTargetMiddlewareTests.UnsafeOriginalTargetsReturnNotFound(rawTarget: &quot;/images/%2e%2e%2fhealthz&quot;)" storage="/users/mimarusa/documents/prj/_copilot_/copilot-worktrees/microhack-appinnovation/michalmar-refactored-waddle/dotnet/tests/legocatalog.app.tests/bin/debug/net8.0/legocatalog.app.tests.dll" id="7990c44b-1aba-5f5e-c6a3-494f35781c9b">
      <Execution id="c583e955-b6dd-4b37-b05b-4a0b6e7e21c1" />
      <TestMethod codeBase="/Users/mimarusa/Documents/PRJ/_COPILOT_/copilot-worktrees/MicroHack-AppInnovation/michalmar-refactored-waddle/dotnet/tests/LegoCatalog.App.Tests/bin/Debug/net8.0/LegoCatalog.App.Tests.dll" adapterTypeName="executor://xunit/VsTestRunner3/netcore/" className="LegoCatalog.App.Tests.OriginalRequestTargetMiddlewareTests" name="UnsafeOriginalTargetsReturnNotFound" />
    </UnitTest>
    <UnitTest name="LegoCatalog.App.Tests.OriginalRequestTargetMiddlewareTests.UnsafeOriginalTargetsReturnNotFound(rawTarget: &quot;/images/%2e%2e%5chealthz&quot;)" storage="/users/mimarusa/documents/prj/_copilot_/copilot-worktrees/microhack-appinnovation/michalmar-refactored-waddle/dotnet/tests/legocatalog.app.tests/bin/debug/net8.0/legocatalog.app.tests.dll" id="1a54dd62-47b6-c650-73b4-989fb68119dc">
      <Execution id="3f7136b3-b6e4-4fde-86cc-11518ed41f7e" />
      <TestMethod codeBase="/Users/mimarusa/Documents/PRJ/_COPILOT_/copilot-worktrees/MicroHack-AppInnovation/michalmar-refactored-waddle/dotnet/tests/LegoCatalog.App.Tests/bin/Debug/net8.0/LegoCatalog.App.Tests.dll" adapterTypeName="executor://xunit/VsTestRunner3/netcore/" className="LegoCatalog.App.Tests.OriginalRequestTargetMiddlewareTests" name="UnsafeOriginalTargetsReturnNotFound" />
    </UnitTest>
    <UnitTest name="Contract.Performance.BoundsAreAccepted" storage="/users/mimarusa/documents/prj/_copilot_/copilot-worktrees/microhack-appinnovation/michalmar-refactored-waddle/dotnet/tests/legocatalog.app.tests/bin/debug/net8.0/legocatalog.app.tests.dll" id="4656b6b0-80fb-06bb-23cf-e8ca170a697f">
      <Execution id="06713f0e-8379-4ee2-aea0-536bf67c918a" />
      <TestMethod codeBase="/Users/mimarusa/Documents/PRJ/_COPILOT_/copilot-worktrees/MicroHack-AppInnovation/michalmar-refactored-waddle/dotnet/tests/LegoCatalog.App.Tests/bin/Debug/net8.0/LegoCatalog.App.Tests.dll" adapterTypeName="executor://xunit/VsTestRunner3/netcore/" className="LegoCatalog.App.Tests.PerformanceContractTests" name="BoundsAreAccepted" />
    </UnitTest>
    <UnitTest name="Contract.Health.LivenessSurvivesDatabaseOutage" storage="/users/mimarusa/documents/prj/_copilot_/copilot-worktrees/microhack-appinnovation/michalmar-refactored-waddle/dotnet/tests/legocatalog.app.tests/bin/debug/net8.0/legocatalog.app.tests.dll" id="04822bb5-d811-f8c3-c3f6-f0b3667d2f98">
      <Execution id="fcf3113f-37c8-4f5b-8dc9-bf6caec4612f" />
      <TestMethod codeBase="/Users/mimarusa/Documents/PRJ/_COPILOT_/copilot-worktrees/MicroHack-AppInnovation/michalmar-refactored-waddle/dotnet/tests/LegoCatalog.App.Tests/bin/Debug/net8.0/LegoCatalog.App.Tests.dll" adapterTypeName="executor://xunit/VsTestRunner3/netcore/" className="LegoCatalog.App.Tests.HealthContractTests" name="LivenessSurvivesDatabaseOutage" />
    </UnitTest>
    <UnitTest name="LegoCatalog.App.Tests.ConformanceVectorTests.UnicodeCategoryAndWholeDocumentValidationAreStable" storage="/users/mimarusa/documents/prj/_copilot_/copilot-worktrees/microhack-appinnovation/michalmar-refactored-waddle/dotnet/tests/legocatalog.app.tests/bin/debug/net8.0/legocatalog.app.tests.dll" id="9219702c-374a-96fd-55b2-70c5a209956b">
      <Execution id="a531f322-bffa-49c6-b697-9a5d5c8ee6c1" />
      <TestMethod codeBase="/Users/mimarusa/Documents/PRJ/_COPILOT_/copilot-worktrees/MicroHack-AppInnovation/michalmar-refactored-waddle/dotnet/tests/LegoCatalog.App.Tests/bin/Debug/net8.0/LegoCatalog.App.Tests.dll" adapterTypeName="executor://xunit/VsTestRunner3/netcore/" className="LegoCatalog.App.Tests.ConformanceVectorTests" name="UnicodeCategoryAndWholeDocumentValidationAreStable" />
    </UnitTest>
    <UnitTest name="LegoCatalog.App.Tests.ImageSecurityTests.AcceptsCanonicalImageKey" storage="/users/mimarusa/documents/prj/_copilot_/copilot-worktrees/microhack-appinnovation/michalmar-refactored-waddle/dotnet/tests/legocatalog.app.tests/bin/debug/net8.0/legocatalog.app.tests.dll" id="d99169db-fb06-6269-0859-dd931e552ed3">
      <Execution id="f96c8a28-9eba-401e-8fe5-2358cfae2a5a" />
      <TestMethod codeBase="/Users/mimarusa/Documents/PRJ/_COPILOT_/copilot-worktrees/MicroHack-AppInnovation/michalmar-refactored-waddle/dotnet/tests/LegoCatalog.App.Tests/bin/Debug/net8.0/LegoCatalog.App.Tests.dll" adapterTypeName="executor://xunit/VsTestRunner3/netcore/" className="LegoCatalog.App.Tests.ImageSecurityTests" name="AcceptsCanonicalImageKey" />
    </UnitTest>
    <UnitTest name="LegoCatalog.App.Tests.OriginalRequestTargetMiddlewareTests.CanonicalOriginalTargetContinues" storage="/users/mimarusa/documents/prj/_copilot_/copilot-worktrees/microhack-appinnovation/michalmar-refactored-waddle/dotnet/tests/legocatalog.app.tests/bin/debug/net8.0/legocatalog.app.tests.dll" id="7cef10a2-cdd6-976e-1d6c-f38fe9376522">
      <Execution id="8d282a34-9469-4b79-a099-55d987d5330b" />
      <TestMethod codeBase="/Users/mimarusa/Documents/PRJ/_COPILOT_/copilot-worktrees/MicroHack-AppInnovation/michalmar-refactored-waddle/dotnet/tests/LegoCatalog.App.Tests/bin/Debug/net8.0/LegoCatalog.App.Tests.dll" adapterTypeName="executor://xunit/VsTestRunner3/netcore/" className="LegoCatalog.App.Tests.OriginalRequestTargetMiddlewareTests" name="CanonicalOriginalTargetContinues" />
    </UnitTest>
    <UnitTest name="LegoCatalog.App.Tests.ImageSecurityTests.RejectsNonCanonicalImageKeys(key: &quot;..\\catalog.json&quot;)" storage="/users/mimarusa/documents/prj/_copilot_/copilot-worktrees/microhack-appinnovation/michalmar-refactored-waddle/dotnet/tests/legocatalog.app.tests/bin/debug/net8.0/legocatalog.app.tests.dll" id="3593e72f-ee96-de7e-9a41-1fb1d0ff118b">
      <Execution id="1f2a6b30-6cfe-4b4a-b292-d4118c4d48ea" />
      <TestMethod codeBase="/Users/mimarusa/Documents/PRJ/_COPILOT_/copilot-worktrees/MicroHack-AppInnovation/michalmar-refactored-waddle/dotnet/tests/LegoCatalog.App.Tests/bin/Debug/net8.0/LegoCatalog.App.Tests.dll" adapterTypeName="executor://xunit/VsTestRunner3/netcore/" className="LegoCatalog.App.Tests.ImageSecurityTests" name="RejectsNonCanonicalImageKeys" />
    </UnitTest>
    <UnitTest name="LegoCatalog.App.Tests.TelemetryContractTests.QueryTraceMetricAndFailureLogUseFrozenNames" storage="/users/mimarusa/documents/prj/_copilot_/copilot-worktrees/microhack-appinnovation/michalmar-refactored-waddle/dotnet/tests/legocatalog.app.tests/bin/debug/net8.0/legocatalog.app.tests.dll" id="ccbfbc7f-e808-6140-944f-d2dbce389070">
      <Execution id="f7886745-d75d-4cf3-a7fd-382cff36f9c8" />
      <TestMethod codeBase="/Users/mimarusa/Documents/PRJ/_COPILOT_/copilot-worktrees/MicroHack-AppInnovation/michalmar-refactored-waddle/dotnet/tests/LegoCatalog.App.Tests/bin/Debug/net8.0/LegoCatalog.App.Tests.dll" adapterTypeName="executor://xunit/VsTestRunner3/netcore/" className="LegoCatalog.App.Tests.TelemetryContractTests" name="QueryTraceMetricAndFailureLogUseFrozenNames" />
    </UnitTest>
    <UnitTest name="Contract.Telemetry.FinalResponseStatus" storage="/users/mimarusa/documents/prj/_copilot_/copilot-worktrees/microhack-appinnovation/michalmar-refactored-waddle/dotnet/tests/legocatalog.app.tests/bin/debug/net8.0/legocatalog.app.tests.dll" id="ea3dea5f-bb79-1842-0534-55a262ba1cf0">
      <Execution id="fe78e7fa-59c4-4c37-994a-ac297908c52d" />
      <TestMethod codeBase="/Users/mimarusa/Documents/PRJ/_COPILOT_/copilot-worktrees/MicroHack-AppInnovation/michalmar-refactored-waddle/dotnet/tests/LegoCatalog.App.Tests/bin/Debug/net8.0/LegoCatalog.App.Tests.dll" adapterTypeName="executor://xunit/VsTestRunner3/netcore/" className="LegoCatalog.App.Tests.TelemetryContractTests" name="RequestLogUsesMatchedRouteAndFinalStatus" />
    </UnitTest>
    <UnitTest name="Contract.Performance.InvalidKeyReturnsUnauthorized" storage="/users/mimarusa/documents/prj/_copilot_/copilot-worktrees/microhack-appinnovation/michalmar-refactored-waddle/dotnet/tests/legocatalog.app.tests/bin/debug/net8.0/legocatalog.app.tests.dll" id="ce72d6b1-2d59-9b88-6ff5-6840f9c2d727">
      <Execution id="d550ca33-b70f-440f-9a32-b3e0339c5331" />
      <TestMethod codeBase="/Users/mimarusa/Documents/PRJ/_COPILOT_/copilot-worktrees/MicroHack-AppInnovation/michalmar-refactored-waddle/dotnet/tests/LegoCatalog.App.Tests/bin/Debug/net8.0/LegoCatalog.App.Tests.dll" adapterTypeName="executor://xunit/VsTestRunner3/netcore/" className="LegoCatalog.App.Tests.PerformanceContractTests" name="InvalidKeyReturnsUnauthorized" />
    </UnitTest>
    <UnitTest name="LegoCatalog.App.Tests.RuntimeIdentityConfigurationTests.MissingRuntimeIdentityVariableFailsFast(variableName: &quot;DEPLOYMENT_ENVIRONMENT&quot;)" storage="/users/mimarusa/documents/prj/_copilot_/copilot-worktrees/microhack-appinnovation/michalmar-refactored-waddle/dotnet/tests/legocatalog.app.tests/bin/debug/net8.0/legocatalog.app.tests.dll" id="0920e41b-4e9c-9be7-021d-6012776b6669">
      <Execution id="df59cb75-e9cf-4709-a8e4-28c35dfab759" />
      <TestMethod codeBase="/Users/mimarusa/Documents/PRJ/_COPILOT_/copilot-worktrees/MicroHack-AppInnovation/michalmar-refactored-waddle/dotnet/tests/LegoCatalog.App.Tests/bin/Debug/net8.0/LegoCatalog.App.Tests.dll" adapterTypeName="executor://xunit/VsTestRunner3/netcore/" className="LegoCatalog.App.Tests.RuntimeIdentityConfigurationTests" name="MissingRuntimeIdentityVariableFailsFast" />
    </UnitTest>
    <UnitTest name="Contract.Catalog.SearchMatchesNameOnly" storage="/users/mimarusa/documents/prj/_copilot_/copilot-worktrees/microhack-appinnovation/michalmar-refactored-waddle/dotnet/tests/legocatalog.app.tests/bin/debug/net8.0/legocatalog.app.tests.dll" id="c57e55de-dfd0-4eda-c65b-4f51a726e921">
      <Execution id="f7c7acbc-f33b-49cd-8464-591ad420d89e" />
      <TestMethod codeBase="/Users/mimarusa/Documents/PRJ/_COPILOT_/copilot-worktrees/MicroHack-AppInnovation/michalmar-refactored-waddle/dotnet/tests/LegoCatalog.App.Tests/bin/Debug/net8.0/LegoCatalog.App.Tests.dll" adapterTypeName="executor://xunit/VsTestRunner3/netcore/" className="LegoCatalog.App.Tests.CatalogBehaviorTests" name="SearchMatchesNameCaseInsensitivelyAndIgnoresDescription" />
    </UnitTest>
    <UnitTest name="Contract.Catalog.AliasesAreRejectedBeforeRouting" storage="/users/mimarusa/documents/prj/_copilot_/copilot-worktrees/microhack-appinnovation/michalmar-refactored-waddle/dotnet/tests/legocatalog.app.tests/bin/debug/net8.0/legocatalog.app.tests.dll" id="6d6ea39e-a65f-13f6-17b9-d8860817fcb0">
      <Execution id="6ea5b648-83cf-49ee-a486-9362da191392" />
      <TestMethod codeBase="/Users/mimarusa/Documents/PRJ/_COPILOT_/copilot-worktrees/MicroHack-AppInnovation/michalmar-refactored-waddle/dotnet/tests/LegoCatalog.App.Tests/bin/Debug/net8.0/LegoCatalog.App.Tests.dll" adapterTypeName="executor://xunit/VsTestRunner3/netcore/" className="LegoCatalog.App.Tests.CatalogBehaviorTests" name="ImageRequestRejectsPathTraversal" />
    </UnitTest>
    <UnitTest name="Contract.Health.ReadinessReportsImportFailure" storage="/users/mimarusa/documents/prj/_copilot_/copilot-worktrees/microhack-appinnovation/michalmar-refactored-waddle/dotnet/tests/legocatalog.app.tests/bin/debug/net8.0/legocatalog.app.tests.dll" id="c7f06be5-955e-e07e-1597-a8e0de33df2a">
      <Execution id="fe73d67d-9030-4b65-8fdb-abcf00c0564a" />
      <TestMethod codeBase="/Users/mimarusa/Documents/PRJ/_COPILOT_/copilot-worktrees/MicroHack-AppInnovation/michalmar-refactored-waddle/dotnet/tests/LegoCatalog.App.Tests/bin/Debug/net8.0/LegoCatalog.App.Tests.dll" adapterTypeName="executor://xunit/VsTestRunner3/netcore/" className="LegoCatalog.App.Tests.HealthContractTests" name="ReadinessReportsImportFailure" />
    </UnitTest>
    <UnitTest name="Contract.Catalog.CategoryFilterAcceptsSlugAndName" storage="/users/mimarusa/documents/prj/_copilot_/copilot-worktrees/microhack-appinnovation/michalmar-refactored-waddle/dotnet/tests/legocatalog.app.tests/bin/debug/net8.0/legocatalog.app.tests.dll" id="a06a349f-6beb-d046-2d80-cadcbaa1d0d1">
      <Execution id="27ff7806-ca3a-41a6-a6dc-6cee50199476" />
      <TestMethod codeBase="/Users/mimarusa/Documents/PRJ/_COPILOT_/copilot-worktrees/MicroHack-AppInnovation/michalmar-refactored-waddle/dotnet/tests/LegoCatalog.App.Tests/bin/Debug/net8.0/LegoCatalog.App.Tests.dll" adapterTypeName="executor://xunit/VsTestRunner3/netcore/" className="LegoCatalog.App.Tests.CatalogBehaviorTests" name="CategoryFilterAcceptsSlugAndName" />
    </UnitTest>
    <UnitTest name="LegoCatalog.App.Tests.OriginalRequestTargetMiddlewareTests.UnsafeOriginalTargetsReturnNotFound(rawTarget: &quot;/images/../healthz&quot;)" storage="/users/mimarusa/documents/prj/_copilot_/copilot-worktrees/microhack-appinnovation/michalmar-refactored-waddle/dotnet/tests/legocatalog.app.tests/bin/debug/net8.0/legocatalog.app.tests.dll" id="129e97c3-419b-4133-ca44-86260927d19c">
      <Execution id="413790cd-72a7-48c2-966f-7c299577bd73" />
      <TestMethod codeBase="/Users/mimarusa/Documents/PRJ/_COPILOT_/copilot-worktrees/MicroHack-AppInnovation/michalmar-refactored-waddle/dotnet/tests/LegoCatalog.App.Tests/bin/Debug/net8.0/LegoCatalog.App.Tests.dll" adapterTypeName="executor://xunit/VsTestRunner3/netcore/" className="LegoCatalog.App.Tests.OriginalRequestTargetMiddlewareTests" name="UnsafeOriginalTargetsReturnNotFound" />
    </UnitTest>
    <UnitTest name="LegoCatalog.App.Tests.OriginalRequestTargetMiddlewareTests.UnsafeOriginalTargetsReturnNotFound(rawTarget: &quot;/images/%252e%252e%252fhealthz&quot;)" storage="/users/mimarusa/documents/prj/_copilot_/copilot-worktrees/microhack-appinnovation/michalmar-refactored-waddle/dotnet/tests/legocatalog.app.tests/bin/debug/net8.0/legocatalog.app.tests.dll" id="09d3d0d4-81d2-a68b-b01a-34756b48a6bc">
      <Execution id="0fdff993-a4df-4c01-b9d4-48814df15b16" />
      <TestMethod codeBase="/Users/mimarusa/Documents/PRJ/_COPILOT_/copilot-worktrees/MicroHack-AppInnovation/michalmar-refactored-waddle/dotnet/tests/LegoCatalog.App.Tests/bin/Debug/net8.0/LegoCatalog.App.Tests.dll" adapterTypeName="executor://xunit/VsTestRunner3/netcore/" className="LegoCatalog.App.Tests.OriginalRequestTargetMiddlewareTests" name="UnsafeOriginalTargetsReturnNotFound" />
    </UnitTest>
    <UnitTest name="Contract.Catalog.FigureIdentityIsCanonical" storage="/users/mimarusa/documents/prj/_copilot_/copilot-worktrees/microhack-appinnovation/michalmar-refactored-waddle/dotnet/tests/legocatalog.app.tests/bin/debug/net8.0/legocatalog.app.tests.dll" id="959a6fbf-41d5-f526-c12a-b5e9d4349af8">
      <Execution id="d78a3804-f6e6-43d4-aca4-89161cbecfc2" />
      <TestMethod codeBase="/Users/mimarusa/Documents/PRJ/_COPILOT_/copilot-worktrees/MicroHack-AppInnovation/michalmar-refactored-waddle/dotnet/tests/LegoCatalog.App.Tests/bin/Debug/net8.0/LegoCatalog.App.Tests.dll" adapterTypeName="executor://xunit/VsTestRunner3/netcore/" className="LegoCatalog.App.Tests.CatalogBehaviorTests" name="GetFigureReturns404ForUnknownId" />
    </UnitTest>
    <UnitTest name="Contract.Catalog.StartupImportIsIdempotent" storage="/users/mimarusa/documents/prj/_copilot_/copilot-worktrees/microhack-appinnovation/michalmar-refactored-waddle/dotnet/tests/legocatalog.app.tests/bin/debug/net8.0/legocatalog.app.tests.dll" id="1eeea80c-ed54-c6b3-f3c4-6a53f0c987ee">
      <Execution id="d664a7fa-2582-49fd-b0bd-94f854540af3" />
      <TestMethod codeBase="/Users/mimarusa/Documents/PRJ/_COPILOT_/copilot-worktrees/MicroHack-AppInnovation/michalmar-refactored-waddle/dotnet/tests/LegoCatalog.App.Tests/bin/Debug/net8.0/LegoCatalog.App.Tests.dll" adapterTypeName="executor://xunit/VsTestRunner3/netcore/" className="LegoCatalog.App.Tests.CatalogBehaviorTests" name="StartupImportIsIdempotentAcrossTwoStarts" />
    </UnitTest>
    <UnitTest name="LegoCatalog.App.Tests.RuntimeIdentityConfigurationTests.MissingRuntimeIdentityVariableFailsFast(variableName: &quot;OTEL_SERVICE_VERSION&quot;)" storage="/users/mimarusa/documents/prj/_copilot_/copilot-worktrees/microhack-appinnovation/michalmar-refactored-waddle/dotnet/tests/legocatalog.app.tests/bin/debug/net8.0/legocatalog.app.tests.dll" id="1401504c-503a-c88d-9f98-075f7d04bbd2">
      <Execution id="4f89a69b-e26b-4163-93a9-461ca214a281" />
      <TestMethod codeBase="/Users/mimarusa/Documents/PRJ/_COPILOT_/copilot-worktrees/MicroHack-AppInnovation/michalmar-refactored-waddle/dotnet/tests/LegoCatalog.App.Tests/bin/Debug/net8.0/LegoCatalog.App.Tests.dll" adapterTypeName="executor://xunit/VsTestRunner3/netcore/" className="LegoCatalog.App.Tests.RuntimeIdentityConfigurationTests" name="MissingRuntimeIdentityVariableFailsFast" />
    </UnitTest>
    <UnitTest name="LegoCatalog.App.Tests.RuntimeIdentityConfigurationTests.SuppliedRuntimeIdentityVariablesReachTheOptions" storage="/users/mimarusa/documents/prj/_copilot_/copilot-worktrees/microhack-appinnovation/michalmar-refactored-waddle/dotnet/tests/legocatalog.app.tests/bin/debug/net8.0/legocatalog.app.tests.dll" id="9987e4d3-1fdb-d9c3-4313-bba3b71a7d46">
      <Execution id="9f310de2-8165-4040-80e9-d06c366fc6dc" />
      <TestMethod codeBase="/Users/mimarusa/Documents/PRJ/_COPILOT_/copilot-worktrees/MicroHack-AppInnovation/michalmar-refactored-waddle/dotnet/tests/LegoCatalog.App.Tests/bin/Debug/net8.0/LegoCatalog.App.Tests.dll" adapterTypeName="executor://xunit/VsTestRunner3/netcore/" className="LegoCatalog.App.Tests.RuntimeIdentityConfigurationTests" name="SuppliedRuntimeIdentityVariablesReachTheOptions" />
    </UnitTest>
    <UnitTest name="LegoCatalog.App.Tests.ImageSecurityTests.RejectsNonCanonicalImageKeys(key: &quot;10000000-0000-4000-8000-000000000001.PNG&quot;)" storage="/users/mimarusa/documents/prj/_copilot_/copilot-worktrees/microhack-appinnovation/michalmar-refactored-waddle/dotnet/tests/legocatalog.app.tests/bin/debug/net8.0/legocatalog.app.tests.dll" id="e79834cc-771d-3e79-df91-8b6c66880c61">
      <Execution id="13379cf3-b023-416f-98dc-6a67ed5ea3f1" />
      <TestMethod codeBase="/Users/mimarusa/Documents/PRJ/_COPILOT_/copilot-worktrees/MicroHack-AppInnovation/michalmar-refactored-waddle/dotnet/tests/LegoCatalog.App.Tests/bin/Debug/net8.0/LegoCatalog.App.Tests.dll" adapterTypeName="executor://xunit/VsTestRunner3/netcore/" className="LegoCatalog.App.Tests.ImageSecurityTests" name="RejectsNonCanonicalImageKeys" />
    </UnitTest>
    <UnitTest name="LegoCatalog.App.Tests.OriginalRequestTargetMiddlewareTests.UnsafeOriginalTargetsReturnNotFound(rawTarget: &quot;/images\\..\\healthz&quot;)" storage="/users/mimarusa/documents/prj/_copilot_/copilot-worktrees/microhack-appinnovation/michalmar-refactored-waddle/dotnet/tests/legocatalog.app.tests/bin/debug/net8.0/legocatalog.app.tests.dll" id="5d9bcb17-6ac3-3dc5-70b8-0f65f574adc6">
      <Execution id="17503b61-1ae1-4499-9faa-0dda849a3351" />
      <TestMethod codeBase="/Users/mimarusa/Documents/PRJ/_COPILOT_/copilot-worktrees/MicroHack-AppInnovation/michalmar-refactored-waddle/dotnet/tests/LegoCatalog.App.Tests/bin/Debug/net8.0/LegoCatalog.App.Tests.dll" adapterTypeName="executor://xunit/VsTestRunner3/netcore/" className="LegoCatalog.App.Tests.OriginalRequestTargetMiddlewareTests" name="UnsafeOriginalTargetsReturnNotFound" />
    </UnitTest>
    <UnitTest name="LegoCatalog.App.Tests.RuntimeIdentityConfigurationTests.DeploymentEnvironmentRejectsValuesOtherThanLab" storage="/users/mimarusa/documents/prj/_copilot_/copilot-worktrees/microhack-appinnovation/michalmar-refactored-waddle/dotnet/tests/legocatalog.app.tests/bin/debug/net8.0/legocatalog.app.tests.dll" id="b9189df8-f5c1-d3b4-8fcf-da4c9f5db27f">
      <Execution id="53bcae6d-0963-4b11-838a-c98d3b235799" />
      <TestMethod codeBase="/Users/mimarusa/Documents/PRJ/_COPILOT_/copilot-worktrees/MicroHack-AppInnovation/michalmar-refactored-waddle/dotnet/tests/LegoCatalog.App.Tests/bin/Debug/net8.0/LegoCatalog.App.Tests.dll" adapterTypeName="executor://xunit/VsTestRunner3/netcore/" className="LegoCatalog.App.Tests.RuntimeIdentityConfigurationTests" name="DeploymentEnvironmentRejectsValuesOtherThanLab" />
    </UnitTest>
    <UnitTest name="LegoCatalog.App.Tests.ImageSecurityTests.RejectsNonCanonicalImageKeys(key: &quot;../catalog.json&quot;)" storage="/users/mimarusa/documents/prj/_copilot_/copilot-worktrees/microhack-appinnovation/michalmar-refactored-waddle/dotnet/tests/legocatalog.app.tests/bin/debug/net8.0/legocatalog.app.tests.dll" id="92f06ffb-04b2-b3c0-826a-7c097094788e">
      <Execution id="593f9bde-31df-4cde-ae79-2716b1fef259" />
      <TestMethod codeBase="/Users/mimarusa/Documents/PRJ/_COPILOT_/copilot-worktrees/MicroHack-AppInnovation/michalmar-refactored-waddle/dotnet/tests/LegoCatalog.App.Tests/bin/Debug/net8.0/LegoCatalog.App.Tests.dll" adapterTypeName="executor://xunit/VsTestRunner3/netcore/" className="LegoCatalog.App.Tests.ImageSecurityTests" name="RejectsNonCanonicalImageKeys" />
    </UnitTest>
    <UnitTest name="Contract.Conformance.TextValidationVectors" storage="/users/mimarusa/documents/prj/_copilot_/copilot-worktrees/microhack-appinnovation/michalmar-refactored-waddle/dotnet/tests/legocatalog.app.tests/bin/debug/net8.0/legocatalog.app.tests.dll" id="347f06e7-354b-a49a-14b8-8e8569b81c43">
      <Execution id="0da71e83-c943-4bb5-9ead-642e29d07905" />
      <TestMethod codeBase="/Users/mimarusa/Documents/PRJ/_COPILOT_/copilot-worktrees/MicroHack-AppInnovation/michalmar-refactored-waddle/dotnet/tests/LegoCatalog.App.Tests/bin/Debug/net8.0/LegoCatalog.App.Tests.dll" adapterTypeName="executor://xunit/VsTestRunner3/netcore/" className="LegoCatalog.App.Tests.ConformanceVectorTests" name="TextValidationMatchesSharedVectors" />
    </UnitTest>
    <UnitTest name="Contract.Conformance.NormalizationVectors" storage="/users/mimarusa/documents/prj/_copilot_/copilot-worktrees/microhack-appinnovation/michalmar-refactored-waddle/dotnet/tests/legocatalog.app.tests/bin/debug/net8.0/legocatalog.app.tests.dll" id="da7eb108-9b0b-2fc3-192c-a2ac5c1dab43">
      <Execution id="40e6db52-c0c5-49cb-82d1-337072689cea" />
      <TestMethod codeBase="/Users/mimarusa/Documents/PRJ/_COPILOT_/copilot-worktrees/MicroHack-AppInnovation/michalmar-refactored-waddle/dotnet/tests/LegoCatalog.App.Tests/bin/Debug/net8.0/LegoCatalog.App.Tests.dll" adapterTypeName="executor://xunit/VsTestRunner3/netcore/" className="LegoCatalog.App.Tests.ConformanceVectorTests" name="CategorySlugMatchesSharedVectors" />
    </UnitTest>
    <UnitTest name="LegoCatalog.App.Tests.TelemetryContractTests.ResourceIdentityUsesFrozenValues" storage="/users/mimarusa/documents/prj/_copilot_/copilot-worktrees/microhack-appinnovation/michalmar-refactored-waddle/dotnet/tests/legocatalog.app.tests/bin/debug/net8.0/legocatalog.app.tests.dll" id="0a704e87-6e0f-336c-73ff-eb2178156d56">
      <Execution id="bbfe4ddf-11e5-4305-ad24-58dcc115c668" />
      <TestMethod codeBase="/Users/mimarusa/Documents/PRJ/_COPILOT_/copilot-worktrees/MicroHack-AppInnovation/michalmar-refactored-waddle/dotnet/tests/LegoCatalog.App.Tests/bin/Debug/net8.0/LegoCatalog.App.Tests.dll" adapterTypeName="executor://xunit/VsTestRunner3/netcore/" className="LegoCatalog.App.Tests.TelemetryContractTests" name="ResourceIdentityUsesFrozenValues" />
    </UnitTest>
    <UnitTest name="LegoCatalog.App.Tests.OriginalRequestTargetMiddlewareTests.UnsafeOriginalTargetsReturnNotFound(rawTarget: &quot;/perftest%5ccatalog&quot;)" storage="/users/mimarusa/documents/prj/_copilot_/copilot-worktrees/microhack-appinnovation/michalmar-refactored-waddle/dotnet/tests/legocatalog.app.tests/bin/debug/net8.0/legocatalog.app.tests.dll" id="c7cc7c3b-cea9-43f9-0b3c-c029397c31e5">
      <Execution id="11e5b18a-2679-4a26-8ced-05f83787e689" />
      <TestMethod codeBase="/Users/mimarusa/Documents/PRJ/_COPILOT_/copilot-worktrees/MicroHack-AppInnovation/michalmar-refactored-waddle/dotnet/tests/LegoCatalog.App.Tests/bin/Debug/net8.0/LegoCatalog.App.Tests.dll" adapterTypeName="executor://xunit/VsTestRunner3/netcore/" className="LegoCatalog.App.Tests.OriginalRequestTargetMiddlewareTests" name="UnsafeOriginalTargetsReturnNotFound" />
    </UnitTest>
  </TestDefinitions>
  <TestEntries>
    <TestEntry testId="3593e72f-ee96-de7e-9a41-1fb1d0ff118b" executionId="1f2a6b30-6cfe-4b4a-b292-d4118c4d48ea" testListId="8c84fa94-04c1-424b-9868-57a2d4851a1d" />
    <TestEntry testId="ce72d6b1-2d59-9b88-6ff5-6840f9c2d727" executionId="d550ca33-b70f-440f-9a32-b3e0339c5331" testListId="8c84fa94-04c1-424b-9868-57a2d4851a1d" />
    <TestEntry testId="ea3dea5f-bb79-1842-0534-55a262ba1cf0" executionId="fe78e7fa-59c4-4c37-994a-ac297908c52d" testListId="8c84fa94-04c1-424b-9868-57a2d4851a1d" />
    <TestEntry testId="959a6fbf-41d5-f526-c12a-b5e9d4349af8" executionId="d78a3804-f6e6-43d4-aca4-89161cbecfc2" testListId="8c84fa94-04c1-424b-9868-57a2d4851a1d" />
    <TestEntry testId="0920e41b-4e9c-9be7-021d-6012776b6669" executionId="df59cb75-e9cf-4709-a8e4-28c35dfab759" testListId="8c84fa94-04c1-424b-9868-57a2d4851a1d" />
    <TestEntry testId="60c4a015-1fbb-72c9-1adc-f85dc7044551" executionId="d5f9f27a-9f36-4797-9890-68d13a23ffd8" testListId="8c84fa94-04c1-424b-9868-57a2d4851a1d" />
    <TestEntry testId="c57e55de-dfd0-4eda-c65b-4f51a726e921" executionId="f7c7acbc-f33b-49cd-8464-591ad420d89e" testListId="8c84fa94-04c1-424b-9868-57a2d4851a1d" />
    <TestEntry testId="09d3d0d4-81d2-a68b-b01a-34756b48a6bc" executionId="0fdff993-a4df-4c01-b9d4-48814df15b16" testListId="8c84fa94-04c1-424b-9868-57a2d4851a1d" />
    <TestEntry testId="0a59c264-124f-7e68-9678-9efc22ccdcfd" executionId="94f8a89a-a1d1-4c9b-acca-ff41f19301b4" testListId="8c84fa94-04c1-424b-9868-57a2d4851a1d" />
    <TestEntry testId="0a704e87-6e0f-336c-73ff-eb2178156d56" executionId="bbfe4ddf-11e5-4305-ad24-58dcc115c668" testListId="8c84fa94-04c1-424b-9868-57a2d4851a1d" />
    <TestEntry testId="1401504c-503a-c88d-9f98-075f7d04bbd2" executionId="4f89a69b-e26b-4163-93a9-461ca214a281" testListId="8c84fa94-04c1-424b-9868-57a2d4851a1d" />
    <TestEntry testId="e917e6db-3b58-4c59-e46e-869efff25bdf" executionId="85c61c04-2693-4380-80d7-662ec6371969" testListId="8c84fa94-04c1-424b-9868-57a2d4851a1d" />
    <TestEntry testId="0d9d7505-43c8-572b-ed8c-2b0b3bea890c" executionId="590ba300-e833-45e5-8efa-0926588e9fbf" testListId="8c84fa94-04c1-424b-9868-57a2d4851a1d" />
    <TestEntry testId="4656b6b0-80fb-06bb-23cf-e8ca170a697f" executionId="06713f0e-8379-4ee2-aea0-536bf67c918a" testListId="8c84fa94-04c1-424b-9868-57a2d4851a1d" />
    <TestEntry testId="1eeea80c-ed54-c6b3-f3c4-6a53f0c987ee" executionId="d664a7fa-2582-49fd-b0bd-94f854540af3" testListId="8c84fa94-04c1-424b-9868-57a2d4851a1d" />
    <TestEntry testId="9987e4d3-1fdb-d9c3-4313-bba3b71a7d46" executionId="9f310de2-8165-4040-80e9-d06c366fc6dc" testListId="8c84fa94-04c1-424b-9868-57a2d4851a1d" />
    <TestEntry testId="ccbfbc7f-e808-6140-944f-d2dbce389070" executionId="f7886745-d75d-4cf3-a7fd-382cff36f9c8" testListId="8c84fa94-04c1-424b-9868-57a2d4851a1d" />
    <TestEntry testId="c6860731-5bff-268b-83db-16ea5ae163bc" executionId="f04536c4-f82a-44f6-a491-d8fe99b90144" testListId="8c84fa94-04c1-424b-9868-57a2d4851a1d" />
    <TestEntry testId="92f06ffb-04b2-b3c0-826a-7c097094788e" executionId="593f9bde-31df-4cde-ae79-2716b1fef259" testListId="8c84fa94-04c1-424b-9868-57a2d4851a1d" />
    <TestEntry testId="129e97c3-419b-4133-ca44-86260927d19c" executionId="413790cd-72a7-48c2-966f-7c299577bd73" testListId="8c84fa94-04c1-424b-9868-57a2d4851a1d" />
    <TestEntry testId="da7eb108-9b0b-2fc3-192c-a2ac5c1dab43" executionId="40e6db52-c0c5-49cb-82d1-337072689cea" testListId="8c84fa94-04c1-424b-9868-57a2d4851a1d" />
    <TestEntry testId="5d9bcb17-6ac3-3dc5-70b8-0f65f574adc6" executionId="17503b61-1ae1-4499-9faa-0dda849a3351" testListId="8c84fa94-04c1-424b-9868-57a2d4851a1d" />
    <TestEntry testId="1a54dd62-47b6-c650-73b4-989fb68119dc" executionId="3f7136b3-b6e4-4fde-86cc-11518ed41f7e" testListId="8c84fa94-04c1-424b-9868-57a2d4851a1d" />
    <TestEntry testId="9219702c-374a-96fd-55b2-70c5a209956b" executionId="a531f322-bffa-49c6-b697-9a5d5c8ee6c1" testListId="8c84fa94-04c1-424b-9868-57a2d4851a1d" />
    <TestEntry testId="bc28be9d-d770-4cb9-de19-2f48105347db" executionId="b3070523-f70a-4afe-ad18-d3bb280a60da" testListId="8c84fa94-04c1-424b-9868-57a2d4851a1d" />
    <TestEntry testId="e79834cc-771d-3e79-df91-8b6c66880c61" executionId="13379cf3-b023-416f-98dc-6a67ed5ea3f1" testListId="8c84fa94-04c1-424b-9868-57a2d4851a1d" />
    <TestEntry testId="5e8b2e4c-5ad2-d057-04e4-377f92350cad" executionId="7cbf6a77-9789-49d0-95ca-f992ad2e464d" testListId="8c84fa94-04c1-424b-9868-57a2d4851a1d" />
    <TestEntry testId="d99169db-fb06-6269-0859-dd931e552ed3" executionId="f96c8a28-9eba-401e-8fe5-2358cfae2a5a" testListId="8c84fa94-04c1-424b-9868-57a2d4851a1d" />
    <TestEntry testId="7cef10a2-cdd6-976e-1d6c-f38fe9376522" executionId="8d282a34-9469-4b79-a099-55d987d5330b" testListId="8c84fa94-04c1-424b-9868-57a2d4851a1d" />
    <TestEntry testId="7990c44b-1aba-5f5e-c6a3-494f35781c9b" executionId="c583e955-b6dd-4b37-b05b-4a0b6e7e21c1" testListId="8c84fa94-04c1-424b-9868-57a2d4851a1d" />
    <TestEntry testId="347f06e7-354b-a49a-14b8-8e8569b81c43" executionId="0da71e83-c943-4bb5-9ead-642e29d07905" testListId="8c84fa94-04c1-424b-9868-57a2d4851a1d" />
    <TestEntry testId="b9189df8-f5c1-d3b4-8fcf-da4c9f5db27f" executionId="53bcae6d-0963-4b11-838a-c98d3b235799" testListId="8c84fa94-04c1-424b-9868-57a2d4851a1d" />
    <TestEntry testId="74893996-9bd9-bda1-c5f4-7451c2767f2c" executionId="9572641a-78be-4d84-9b8e-b95706640e87" testListId="8c84fa94-04c1-424b-9868-57a2d4851a1d" />
    <TestEntry testId="6d6ea39e-a65f-13f6-17b9-d8860817fcb0" executionId="6ea5b648-83cf-49ee-a486-9362da191392" testListId="8c84fa94-04c1-424b-9868-57a2d4851a1d" />
    <TestEntry testId="c778810e-d991-3441-cfb0-317d277265e8" executionId="b05425f1-31d3-47c2-a827-91103c7e01df" testListId="8c84fa94-04c1-424b-9868-57a2d4851a1d" />
    <TestEntry testId="87f87a4a-5207-63d4-1fee-c1fa9c75fb4c" executionId="ecc5c6a8-af15-41d7-9db0-7f38b2267069" testListId="8c84fa94-04c1-424b-9868-57a2d4851a1d" />
    <TestEntry testId="287bd12e-4254-e8a8-506a-d5f0035bad48" executionId="95024900-9e10-40dc-9298-52806aa0e629" testListId="8c84fa94-04c1-424b-9868-57a2d4851a1d" />
    <TestEntry testId="c7f06be5-955e-e07e-1597-a8e0de33df2a" executionId="fe73d67d-9030-4b65-8fdb-abcf00c0564a" testListId="8c84fa94-04c1-424b-9868-57a2d4851a1d" />
    <TestEntry testId="a06a349f-6beb-d046-2d80-cadcbaa1d0d1" executionId="27ff7806-ca3a-41a6-a6dc-6cee50199476" testListId="8c84fa94-04c1-424b-9868-57a2d4851a1d" />
    <TestEntry testId="04822bb5-d811-f8c3-c3f6-f0b3667d2f98" executionId="fcf3113f-37c8-4f5b-8dc9-bf6caec4612f" testListId="8c84fa94-04c1-424b-9868-57a2d4851a1d" />
    <TestEntry testId="7e105409-5092-f4b5-a946-d80c90814fb6" executionId="d6e3013b-e169-459b-a4b3-a0f62a4fb108" testListId="8c84fa94-04c1-424b-9868-57a2d4851a1d" />
    <TestEntry testId="c7cc7c3b-cea9-43f9-0b3c-c029397c31e5" executionId="11e5b18a-2679-4a26-8ced-05f83787e689" testListId="8c84fa94-04c1-424b-9868-57a2d4851a1d" />
  </TestEntries>
  <TestLists>
    <TestList name="Results Not in a List" id="8c84fa94-04c1-424b-9868-57a2d4851a1d" />
    <TestList name="All Loaded Results" id="19431567-8539-422a-85d7-44ee4e166bda" />
  </TestLists>
  <ResultSummary outcome="Completed">
    <Counters total="42" executed="42" passed="42" failed="0" error="0" timeout="0" aborted="0" inconclusive="0" passedButRunAborted="0" notRunnable="0" notExecuted="0" disconnected="0" warning="0" completed="0" inProgress="0" pending="0" />
    <Output>
      <StdOut>[xUnit.net 00:00:00.00] xUnit.net VSTest Adapter v3.1.4+50e68bbb8b (64-bit .NET 8.0.30)
[xUnit.net 00:00:00.06]   Discovering: LegoCatalog.App.Tests
[xUnit.net 00:00:00.09]   Discovered:  LegoCatalog.App.Tests
[xUnit.net 00:00:00.11]   Starting:    LegoCatalog.App.Tests
fail: Catalog.Database[0]
      catalog.database.failed
info: LegoCatalog.App.Middleware.RequestTelemetryMiddleware[0]
      http.server.request
info: LegoCatalog.App.Middleware.RequestTelemetryMiddleware[0]
      http.server.request
info: LegoCatalog.App.Middleware.RequestTelemetryMiddleware[0]
      http.server.request
info: LegoCatalog.App.Middleware.RequestTelemetryMiddleware[0]
      http.server.request
info: LegoCatalog.App.Middleware.RequestTelemetryMiddleware[0]
      http.server.request
info: LegoCatalog.App.Middleware.RequestTelemetryMiddleware[0]
      http.server.request
info: Microsoft.EntityFrameworkCore.Database.Command[20101]
      Executed DbCommand (5ms) [Parameters=[], CommandType='Text', CommandTimeout='30']
      CREATE TABLE "Categories" (
          "Id" INTEGER NOT NULL CONSTRAINT "PK_Categories" PRIMARY KEY AUTOINCREMENT,
          "Name" TEXT NOT NULL,
          "Slug" TEXT NOT NULL,
          CONSTRAINT "UQ_Categories_Name" UNIQUE ("Name"),
          CONSTRAINT "UQ_Categories_Slug" UNIQUE ("Slug")
      );
      CREATE TABLE "Figures" (
          "Id" TEXT NOT NULL CONSTRAINT "PK_Figures" PRIMARY KEY,
          "Name" TEXT NOT NULL,
          "CategoryId" INTEGER NOT NULL,
          "Description" TEXT NOT NULL,
          "ImageFile" TEXT NOT NULL,
          "CreatedUtc" datetime2 NOT NULL,
          "LastUpdatedUtc" datetime2 NOT NULL,
          CONSTRAINT "FK_Figures_Categories" FOREIGN KEY ("CategoryId") REFERENCES "Categories" ("Id")
      );
      CREATE INDEX "IX_Figures_CategoryId" ON "Figures" ("CategoryId");
      CREATE INDEX "IX_Figures_Name" ON "Figures" ("Name");
info: LegoCatalog.App.Middleware.RequestTelemetryMiddleware[0]
      http.server.request
info: Microsoft.EntityFrameworkCore.Database.Command[20101]
      Executed DbCommand (0ms) [Parameters=[], CommandType='Text', CommandTimeout='30']
      SELECT "c"."Id", "c"."Name", "c"."Slug"
      FROM "Categories" AS "c"
info: Microsoft.EntityFrameworkCore.Database.Command[20101]
      Executed DbCommand (0ms) [Parameters=[], CommandType='Text', CommandTimeout='30']
      SELECT "f"."Id"
      FROM "Figures" AS "f"
info: Microsoft.EntityFrameworkCore.Database.Command[20101]
      Executed DbCommand (1ms) [Parameters=[@p0='?' (Size = 14), @p1='?' (Size = 14)], CommandType='Text', CommandTimeout='30']
      INSERT INTO "Categories" ("Name", "Slug")
      VALUES (@p0, @p1)
      RETURNING "Id";
info: Microsoft.EntityFrameworkCore.Database.Command[20101]
      Executed DbCommand (0ms) [Parameters=[@p0='?' (Size = 17), @p1='?' (Size = 17)], CommandType='Text', CommandTimeout='30']
      INSERT INTO "Categories" ("Name", "Slug")
      VALUES (@p0, @p1)
      RETURNING "Id";
info: Microsoft.EntityFrameworkCore.Database.Command[20101]
      Executed DbCommand (0ms) [Parameters=[@p2='?' (DbType = Guid), @p3='?' (DbType = Int32), @p4='?' (DbType = DateTime), @p5='?' (Size = 65), @p6='?' (Size = 40), @p7='?' (DbType = DateTime), @p8='?' (Size = 16)], CommandType='Text', CommandTimeout='30']
      INSERT INTO "Figures" ("Id", "CategoryId", "CreatedUtc", "Description", "ImageFile", "LastUpdatedUtc", "Name")
      VALUES (@p2, @p3, @p4, @p5, @p6, @p7, @p8);
info: Microsoft.EntityFrameworkCore.Database.Command[20101]
      Executed DbCommand (0ms) [Parameters=[@p0='?' (DbType = Guid), @p1='?' (DbType = Int32), @p2='?' (DbType = DateTime), @p3='?' (Size = 68), @p4='?' (Size = 40), @p5='?' (DbType = DateTime), @p6='?' (Size = 16)], CommandType='Text', CommandTimeout='30']
      INSERT INTO "Figures" ("Id", "CategoryId", "CreatedUtc", "Description", "ImageFile", "LastUpdatedUtc", "Name")
      VALUES (@p0, @p1, @p2, @p3, @p4, @p5, @p6);
info: Microsoft.EntityFrameworkCore.Database.Command[20101]
      Executed DbCommand (0ms) [Parameters=[@p0='?' (DbType = Guid), @p1='?' (DbType = Int32), @p2='?' (DbType = DateTime), @p3='?' (Size = 74), @p4='?' (Size = 40), @p5='?' (DbType = DateTime), @p6='?' (Size = 16)], CommandType='Text', CommandTimeout='30']
      INSERT INTO "Figures" ("Id", "CategoryId", "CreatedUtc", "Description", "ImageFile", "LastUpdatedUtc", "Name")
      VALUES (@p0, @p1, @p2, @p3, @p4, @p5, @p6);
info: Microsoft.EntityFrameworkCore.Database.Command[20101]
      Executed DbCommand (0ms) [Parameters=[@p0='?' (DbType = Guid), @p1='?' (DbType = Int32), @p2='?' (DbType = DateTime), @p3='?' (Size = 89), @p4='?' (Size = 40), @p5='?' (DbType = DateTime), @p6='?' (Size = 21)], CommandType='Text', CommandTimeout='30']
      INSERT INTO "Figures" ("Id", "CategoryId", "CreatedUtc", "Description", "ImageFile", "LastUpdatedUtc", "Name")
      VALUES (@p0, @p1, @p2, @p3, @p4, @p5, @p6);
info: LegoCatalog.App.Services.ImportService[0]
      catalog.import.completed inserted=4 skipped=0
info: Microsoft.EntityFrameworkCore.Database.Command[20101]
      Executed DbCommand (0ms) [Parameters=[], CommandType='Text', CommandTimeout='30']
      SELECT "c"."Id", "c"."Name", "c"."Slug"
      FROM "Categories" AS "c"
      ORDER BY "c"."Name"
info: Microsoft.EntityFrameworkCore.Database.Command[20101]
      Executed DbCommand (0ms) [Parameters=[@__categoryFilter_0='?' (Size = 14)], CommandType='Text', CommandTimeout='30']
      SELECT "f"."Id", "f"."CategoryId", "f"."CreatedUtc", "f"."Description", "f"."ImageFile", "f"."LastUpdatedUtc", "f"."Name", "c"."Id", "c"."Name", "c"."Slug"
      FROM "Figures" AS "f"
      INNER JOIN "Categories" AS "c" ON "f"."CategoryId" = "c"."Id"
      WHERE "c"."Slug" = @__categoryFilter_0 OR "c"."Name" COLLATE Latin1_General_100_CI_AS = @__categoryFilter_0
info: LegoCatalog.App.Middleware.RequestTelemetryMiddleware[0]
      http.server.request
info: Microsoft.EntityFrameworkCore.Database.Command[20101]
      Executed DbCommand (0ms) [Parameters=[], CommandType='Text', CommandTimeout='30']
      SELECT "c"."Id", "c"."Name", "c"."Slug"
      FROM "Categories" AS "c"
      ORDER BY "c"."Name"
info: Microsoft.EntityFrameworkCore.Database.Command[20101]
      Executed DbCommand (0ms) [Parameters=[@__categoryFilter_0='?' (Size = 14)], CommandType='Text', CommandTimeout='30']
      SELECT "f"."Id", "f"."CategoryId", "f"."CreatedUtc", "f"."Description", "f"."ImageFile", "f"."LastUpdatedUtc", "f"."Name", "c"."Id", "c"."Name", "c"."Slug"
      FROM "Figures" AS "f"
      INNER JOIN "Categories" AS "c" ON "f"."CategoryId" = "c"."Id"
      WHERE "c"."Slug" = @__categoryFilter_0 OR "c"."Name" COLLATE Latin1_General_100_CI_AS = @__categoryFilter_0
info: LegoCatalog.App.Middleware.RequestTelemetryMiddleware[0]
      http.server.request
info: Microsoft.EntityFrameworkCore.Database.Command[20101]
      Executed DbCommand (0ms) [Parameters=[], CommandType='Text', CommandTimeout='30']
      SELECT "c"."Id", "c"."Name", "c"."Slug"
      FROM "Categories" AS "c"
      ORDER BY "c"."Name"
info: Microsoft.EntityFrameworkCore.Database.Command[20101]
      Executed DbCommand (0ms) [Parameters=[@__categoryFilter_0='?' (Size = 14)], CommandType='Text', CommandTimeout='30']
      SELECT "f"."Id", "f"."CategoryId", "f"."CreatedUtc", "f"."Description", "f"."ImageFile", "f"."LastUpdatedUtc", "f"."Name", "c"."Id", "c"."Name", "c"."Slug"
      FROM "Figures" AS "f"
      INNER JOIN "Categories" AS "c" ON "f"."CategoryId" = "c"."Id"
      WHERE "c"."Slug" = @__categoryFilter_0 OR "c"."Name" COLLATE Latin1_General_100_CI_AS = @__categoryFilter_0
info: LegoCatalog.App.Middleware.RequestTelemetryMiddleware[0]
      http.server.request
info: Microsoft.EntityFrameworkCore.Database.Command[20101]
      Executed DbCommand (0ms) [Parameters=[], CommandType='Text', CommandTimeout='30']
      SELECT "c"."Id", "c"."Name", "c"."Slug"
      FROM "Categories" AS "c"
      ORDER BY "c"."Name"
info: Microsoft.EntityFrameworkCore.Database.Command[20101]
      Executed DbCommand (0ms) [Parameters=[@__categoryFilter_0='?' (Size = 17)], CommandType='Text', CommandTimeout='30']
      SELECT "f"."Id", "f"."CategoryId", "f"."CreatedUtc", "f"."Description", "f"."ImageFile", "f"."LastUpdatedUtc", "f"."Name", "c"."Id", "c"."Name", "c"."Slug"
      FROM "Figures" AS "f"
      INNER JOIN "Categories" AS "c" ON "f"."CategoryId" = "c"."Id"
      WHERE "c"."Slug" = @__categoryFilter_0 OR "c"."Name" COLLATE Latin1_General_100_CI_AS = @__categoryFilter_0
info: LegoCatalog.App.Middleware.RequestTelemetryMiddleware[0]
      http.server.request
info: Microsoft.EntityFrameworkCore.Database.Command[20101]
      Executed DbCommand (0ms) [Parameters=[], CommandType='Text', CommandTimeout='30']
      SELECT "c"."Id", "c"."Name", "c"."Slug"
      FROM "Categories" AS "c"
      ORDER BY "c"."Name"
info: Microsoft.EntityFrameworkCore.Database.Command[20101]
      Executed DbCommand (0ms) [Parameters=[@__categoryFilter_0='?' (Size = 14), @__Format_2='?' (Size = 4)], CommandType='Text', CommandTimeout='30']
      SELECT "f"."Id", "f"."CategoryId", "f"."CreatedUtc", "f"."Description", "f"."ImageFile", "f"."LastUpdatedUtc", "f"."Name", "c"."Id", "c"."Name", "c"."Slug"
      FROM "Figures" AS "f"
      INNER JOIN "Categories" AS "c" ON "f"."CategoryId" = "c"."Id"
      WHERE ("c"."Slug" = @__categoryFilter_0 OR "c"."Name" COLLATE Latin1_General_100_CI_AS = @__categoryFilter_0) AND "f"."Name" COLLATE Latin1_General_100_CI_AS LIKE @__Format_2 ESCAPE '\'
info: LegoCatalog.App.Middleware.RequestTelemetryMiddleware[0]
      http.server.request
info: Microsoft.EntityFrameworkCore.Database.Command[20101]
      Executed DbCommand (0ms) [Parameters=[], CommandType='Text', CommandTimeout='30']
      SELECT "c"."Id", "c"."Name", "c"."Slug"
      FROM "Categories" AS "c"
      ORDER BY "c"."Name"
info: Microsoft.EntityFrameworkCore.Database.Command[20101]
      Executed DbCommand (0ms) [Parameters=[@__categoryFilter_0='?' (Size = 14), @__Format_2='?' (Size = 3)], CommandType='Text', CommandTimeout='30']
      SELECT "f"."Id", "f"."CategoryId", "f"."CreatedUtc", "f"."Description", "f"."ImageFile", "f"."LastUpdatedUtc", "f"."Name", "c"."Id", "c"."Name", "c"."Slug"
      FROM "Figures" AS "f"
      INNER JOIN "Categories" AS "c" ON "f"."CategoryId" = "c"."Id"
      WHERE ("c"."Slug" = @__categoryFilter_0 OR "c"."Name" COLLATE Latin1_General_100_CI_AS = @__categoryFilter_0) AND "f"."Name" COLLATE Latin1_General_100_CI_AS LIKE @__Format_2 ESCAPE '\'
info: LegoCatalog.App.Middleware.RequestTelemetryMiddleware[0]
      http.server.request
info: Microsoft.EntityFrameworkCore.Database.Command[20101]
      Executed DbCommand (0ms) [Parameters=[], CommandType='Text', CommandTimeout='30']
      SELECT "c"."Id", "c"."Name", "c"."Slug"
      FROM "Categories" AS "c"
      ORDER BY "c"."Name"
info: Microsoft.EntityFrameworkCore.Database.Command[20101]
      Executed DbCommand (0ms) [Parameters=[@__categoryFilter_0='?' (Size = 14)], CommandType='Text', CommandTimeout='30']
      SELECT "f"."Id", "f"."CategoryId", "f"."CreatedUtc", "f"."Description", "f"."ImageFile", "f"."LastUpdatedUtc", "f"."Name", "c"."Id", "c"."Name", "c"."Slug"
      FROM "Figures" AS "f"
      INNER JOIN "Categories" AS "c" ON "f"."CategoryId" = "c"."Id"
      WHERE "c"."Slug" = @__categoryFilter_0 OR "c"."Name" COLLATE Latin1_General_100_CI_AS = @__categoryFilter_0
info: LegoCatalog.App.Middleware.RequestTelemetryMiddleware[0]
      http.server.request
info: Microsoft.EntityFrameworkCore.Database.Command[20101]
      Executed DbCommand (0ms) [Parameters=[], CommandType='Text', CommandTimeout='30']
      SELECT "c"."Id", "c"."Name", "c"."Slug"
      FROM "Categories" AS "c"
      ORDER BY "c"."Name"
info: Microsoft.EntityFrameworkCore.Database.Command[20101]
      Executed DbCommand (0ms) [Parameters=[@__categoryFilter_0='?' (Size = 16)], CommandType='Text', CommandTimeout='30']
      SELECT "f"."Id", "f"."CategoryId", "f"."CreatedUtc", "f"."Description", "f"."ImageFile", "f"."LastUpdatedUtc", "f"."Name", "c"."Id", "c"."Name", "c"."Slug"
      FROM "Figures" AS "f"
      INNER JOIN "Categories" AS "c" ON "f"."CategoryId" = "c"."Id"
      WHERE "c"."Slug" = @__categoryFilter_0 OR "c"."Name" COLLATE Latin1_General_100_CI_AS = @__categoryFilter_0
info: LegoCatalog.App.Middleware.RequestTelemetryMiddleware[0]
      http.server.request
info: Microsoft.EntityFrameworkCore.Database.Command[20101]
      Executed DbCommand (0ms) [Parameters=[], CommandType='Text', CommandTimeout='30']
      CREATE TABLE "Categories" (
          "Id" INTEGER NOT NULL CONSTRAINT "PK_Categories" PRIMARY KEY AUTOINCREMENT,
          "Name" TEXT NOT NULL,
          "Slug" TEXT NOT NULL,
          CONSTRAINT "UQ_Categories_Name" UNIQUE ("Name"),
          CONSTRAINT "UQ_Categories_Slug" UNIQUE ("Slug")
      );
      CREATE TABLE "Figures" (
          "Id" TEXT NOT NULL CONSTRAINT "PK_Figures" PRIMARY KEY,
          "Name" TEXT NOT NULL,
          "CategoryId" INTEGER NOT NULL,
          "Description" TEXT NOT NULL,
          "ImageFile" TEXT NOT NULL,
          "CreatedUtc" datetime2 NOT NULL,
          "LastUpdatedUtc" datetime2 NOT NULL,
          CONSTRAINT "FK_Figures_Categories" FOREIGN KEY ("CategoryId") REFERENCES "Categories" ("Id")
      );
      CREATE INDEX "IX_Figures_CategoryId" ON "Figures" ("CategoryId");
      CREATE INDEX "IX_Figures_Name" ON "Figures" ("Name");
info: Microsoft.EntityFrameworkCore.Database.Command[20101]
      Executed DbCommand (0ms) [Parameters=[], CommandType='Text', CommandTimeout='30']
      SELECT "c"."Id", "c"."Name", "c"."Slug"
      FROM "Categories" AS "c"
info: Microsoft.EntityFrameworkCore.Database.Command[20101]
      Executed DbCommand (0ms) [Parameters=[], CommandType='Text', CommandTimeout='30']
      SELECT "f"."Id"
      FROM "Figures" AS "f"
info: Microsoft.EntityFrameworkCore.Database.Command[20101]
      Executed DbCommand (0ms) [Parameters=[@p0='?' (Size = 14), @p1='?' (Size = 14)], CommandType='Text', CommandTimeout='30']
      INSERT INTO "Categories" ("Name", "Slug")
      VALUES (@p0, @p1)
      RETURNING "Id";
info: Microsoft.EntityFrameworkCore.Database.Command[20101]
      Executed DbCommand (0ms) [Parameters=[@p0='?' (Size = 17), @p1='?' (Size = 17)], CommandType='Text', CommandTimeout='30']
      INSERT INTO "Categories" ("Name", "Slug")
      VALUES (@p0, @p1)
      RETURNING "Id";
info: Microsoft.EntityFrameworkCore.Database.Command[20101]
      Executed DbCommand (0ms) [Parameters=[@p2='?' (DbType = Guid), @p3='?' (DbType = Int32), @p4='?' (DbType = DateTime), @p5='?' (Size = 65), @p6='?' (Size = 40), @p7='?' (DbType = DateTime), @p8='?' (Size = 16)], CommandType='Text', CommandTimeout='30']
      INSERT INTO "Figures" ("Id", "CategoryId", "CreatedUtc", "Description", "ImageFile", "LastUpdatedUtc", "Name")
      VALUES (@p2, @p3, @p4, @p5, @p6, @p7, @p8);
info: Microsoft.EntityFrameworkCore.Database.Command[20101]
      Executed DbCommand (0ms) [Parameters=[@p0='?' (DbType = Guid), @p1='?' (DbType = Int32), @p2='?' (DbType = DateTime), @p3='?' (Size = 68), @p4='?' (Size = 40), @p5='?' (DbType = DateTime), @p6='?' (Size = 16)], CommandType='Text', CommandTimeout='30']
      INSERT INTO "Figures" ("Id", "CategoryId", "CreatedUtc", "Description", "ImageFile", "LastUpdatedUtc", "Name")
      VALUES (@p0, @p1, @p2, @p3, @p4, @p5, @p6);
info: Microsoft.EntityFrameworkCore.Database.Command[20101]
      Executed DbCommand (0ms) [Parameters=[@p0='?' (DbType = Guid), @p1='?' (DbType = Int32), @p2='?' (DbType = DateTime), @p3='?' (Size = 74), @p4='?' (Size = 40), @p5='?' (DbType = DateTime), @p6='?' (Size = 16)], CommandType='Text', CommandTimeout='30']
[...]
      Executed DbCommand (0ms) [Parameters=[@p0='?' (DbType = Guid), @p1='?' (DbType = Int32), @p2='?' (DbType = DateTime), @p3='?' (Size = 102), @p4='?' (Size = 40), @p5='?' (DbType = DateTime), @p6='?' (Size = 22)], CommandType='Text', CommandTimeout='30']
      INSERT INTO "Figures" ("Id", "CategoryId", "CreatedUtc", "Description", "ImageFile", "LastUpdatedUtc", "Name")
      VALUES (@p0, @p1, @p2, @p3, @p4, @p5, @p6);
info: Microsoft.EntityFrameworkCore.Database.Command[20101]
      Executed DbCommand (0ms) [Parameters=[@p0='?' (DbType = Guid), @p1='?' (DbType = Int32), @p2='?' (DbType = DateTime), @p3='?' (Size = 85), @p4='?' (Size = 40), @p5='?' (DbType = DateTime), @p6='?' (Size = 20)], CommandType='Text', CommandTimeout='30']
      INSERT INTO "Figures" ("Id", "CategoryId", "CreatedUtc", "Description", "ImageFile", "LastUpdatedUtc", "Name")
      VALUES (@p0, @p1, @p2, @p3, @p4, @p5, @p6);
info: Microsoft.EntityFrameworkCore.Database.Command[20101]
      Executed DbCommand (0ms) [Parameters=[@p0='?' (DbType = Guid), @p1='?' (DbType = Int32), @p2='?' (DbType = DateTime), @p3='?' (Size = 111), @p4='?' (Size = 40), @p5='?' (DbType = DateTime), @p6='?' (Size = 22)], CommandType='Text', CommandTimeout='30']
      INSERT INTO "Figures" ("Id", "CategoryId", "CreatedUtc", "Description", "ImageFile", "LastUpdatedUtc", "Name")
      VALUES (@p0, @p1, @p2, @p3, @p4, @p5, @p6);
info: Microsoft.EntityFrameworkCore.Database.Command[20101]
      Executed DbCommand (0ms) [Parameters=[@p0='?' (DbType = Guid), @p1='?' (DbType = Int32), @p2='?' (DbType = DateTime), @p3='?' (Size = 73), @p4='?' (Size = 40), @p5='?' (DbType = DateTime), @p6='?' (Size = 23)], CommandType='Text', CommandTimeout='30']
      INSERT INTO "Figures" ("Id", "CategoryId", "CreatedUtc", "Description", "ImageFile", "LastUpdatedUtc", "Name")
      VALUES (@p0, @p1, @p2, @p3, @p4, @p5, @p6);
info: Microsoft.EntityFrameworkCore.Database.Command[20101]
      Executed DbCommand (0ms) [Parameters=[@p0='?' (DbType = Guid), @p1='?' (DbType = Int32), @p2='?' (DbType = DateTime), @p3='?' (Size = 77), @p4='?' (Size = 40), @p5='?' (DbType = DateTime), @p6='?' (Size = 21)], CommandType='Text', CommandTimeout='30']
      INSERT INTO "Figures" ("Id", "CategoryId", "CreatedUtc", "Description", "ImageFile", "LastUpdatedUtc", "Name")
      VALUES (@p0, @p1, @p2, @p3, @p4, @p5, @p6);
info: Microsoft.EntityFrameworkCore.Database.Command[20101]
      Executed DbCommand (0ms) [Parameters=[@p0='?' (DbType = Guid), @p1='?' (DbType = Int32), @p2='?' (DbType = DateTime), @p3='?' (Size = 109), @p4='?' (Size = 40), @p5='?' (DbType = DateTime), @p6='?' (Size = 26)], CommandType='Text', CommandTimeout='30']
      INSERT INTO "Figures" ("Id", "CategoryId", "CreatedUtc", "Description", "ImageFile", "LastUpdatedUtc", "Name")
      VALUES (@p0, @p1, @p2, @p3, @p4, @p5, @p6);
info: Microsoft.EntityFrameworkCore.Database.Command[20101]
      Executed DbCommand (0ms) [Parameters=[@p0='?' (DbType = Guid), @p1='?' (DbType = Int32), @p2='?' (DbType = DateTime), @p3='?' (Size = 107), @p4='?' (Size = 40), @p5='?' (DbType = DateTime), @p6='?' (Size = 22)], CommandType='Text', CommandTimeout='30']
      INSERT INTO "Figures" ("Id", "CategoryId", "CreatedUtc", "Description", "ImageFile", "LastUpdatedUtc", "Name")
      VALUES (@p0, @p1, @p2, @p3, @p4, @p5, @p6);
info: Microsoft.EntityFrameworkCore.Database.Command[20101]
      Executed DbCommand (0ms) [Parameters=[@p0='?' (DbType = Guid), @p1='?' (DbType = Int32), @p2='?' (DbType = DateTime), @p3='?' (Size = 116), @p4='?' (Size = 40), @p5='?' (DbType = DateTime), @p6='?' (Size = 21)], CommandType='Text', CommandTimeout='30']
      INSERT INTO "Figures" ("Id", "CategoryId", "CreatedUtc", "Description", "ImageFile", "LastUpdatedUtc", "Name")
      VALUES (@p0, @p1, @p2, @p3, @p4, @p5, @p6);
info: Microsoft.EntityFrameworkCore.Database.Command[20101]
      Executed DbCommand (0ms) [Parameters=[@p0='?' (DbType = Guid), @p1='?' (DbType = Int32), @p2='?' (DbType = DateTime), @p3='?' (Size = 76), @p4='?' (Size = 40), @p5='?' (DbType = DateTime), @p6='?' (Size = 21)], CommandType='Text', CommandTimeout='30']
      INSERT INTO "Figures" ("Id", "CategoryId", "CreatedUtc", "Description", "ImageFile", "LastUpdatedUtc", "Name")
      VALUES (@p0, @p1, @p2, @p3, @p4, @p5, @p6);
info: Microsoft.EntityFrameworkCore.Database.Command[20101]
      Executed DbCommand (0ms) [Parameters=[@p0='?' (DbType = Guid), @p1='?' (DbType = Int32), @p2='?' (DbType = DateTime), @p3='?' (Size = 115), @p4='?' (Size = 40), @p5='?' (DbType = DateTime), @p6='?' (Size = 22)], CommandType='Text', CommandTimeout='30']
      INSERT INTO "Figures" ("Id", "CategoryId", "CreatedUtc", "Description", "ImageFile", "LastUpdatedUtc", "Name")
      VALUES (@p0, @p1, @p2, @p3, @p4, @p5, @p6);
info: Microsoft.EntityFrameworkCore.Database.Command[20101]
      Executed DbCommand (0ms) [Parameters=[@p0='?' (DbType = Guid), @p1='?' (DbType = Int32), @p2='?' (DbType = DateTime), @p3='?' (Size = 127), @p4='?' (Size = 40), @p5='?' (DbType = DateTime), @p6='?' (Size = 20)], CommandType='Text', CommandTimeout='30']
      INSERT INTO "Figures" ("Id", "CategoryId", "CreatedUtc", "Description", "ImageFile", "LastUpdatedUtc", "Name")
      VALUES (@p0, @p1, @p2, @p3, @p4, @p5, @p6);
info: Microsoft.EntityFrameworkCore.Database.Command[20101]
      Executed DbCommand (0ms) [Parameters=[@p0='?' (DbType = Guid), @p1='?' (DbType = Int32), @p2='?' (DbType = DateTime), @p3='?' (Size = 99), @p4='?' (Size = 40), @p5='?' (DbType = DateTime), @p6='?' (Size = 18)], CommandType='Text', CommandTimeout='30']
      INSERT INTO "Figures" ("Id", "CategoryId", "CreatedUtc", "Description", "ImageFile", "LastUpdatedUtc", "Name")
      VALUES (@p0, @p1, @p2, @p3, @p4, @p5, @p6);
info: Microsoft.EntityFrameworkCore.Database.Command[20101]
      Executed DbCommand (0ms) [Parameters=[@p0='?' (DbType = Guid), @p1='?' (DbType = Int32), @p2='?' (DbType = DateTime), @p3='?' (Size = 68), @p4='?' (Size = 40), @p5='?' (DbType = DateTime), @p6='?' (Size = 21)], CommandType='Text', CommandTimeout='30']
      INSERT INTO "Figures" ("Id", "CategoryId", "CreatedUtc", "Description", "ImageFile", "LastUpdatedUtc", "Name")
      VALUES (@p0, @p1, @p2, @p3, @p4, @p5, @p6);
info: Microsoft.EntityFrameworkCore.Database.Command[20101]
      Executed DbCommand (0ms) [Parameters=[@p0='?' (DbType = Guid), @p1='?' (DbType = Int32), @p2='?' (DbType = DateTime), @p3='?' (Size = 118), @p4='?' (Size = 40), @p5='?' (DbType = DateTime), @p6='?' (Size = 19)], CommandType='Text', CommandTimeout='30']
      INSERT INTO "Figures" ("Id", "CategoryId", "CreatedUtc", "Description", "ImageFile", "LastUpdatedUtc", "Name")
      VALUES (@p0, @p1, @p2, @p3, @p4, @p5, @p6);
info: Microsoft.EntityFrameworkCore.Database.Command[20101]
      Executed DbCommand (0ms) [Parameters=[@p0='?' (DbType = Guid), @p1='?' (DbType = Int32), @p2='?' (DbType = DateTime), @p3='?' (Size = 119), @p4='?' (Size = 40), @p5='?' (DbType = DateTime), @p6='?' (Size = 18)], CommandType='Text', CommandTimeout='30']
      INSERT INTO "Figures" ("Id", "CategoryId", "CreatedUtc", "Description", "ImageFile", "LastUpdatedUtc", "Name")
      VALUES (@p0, @p1, @p2, @p3, @p4, @p5, @p6);
info: Microsoft.EntityFrameworkCore.Database.Command[20101]
      Executed DbCommand (0ms) [Parameters=[@p0='?' (DbType = Guid), @p1='?' (DbType = Int32), @p2='?' (DbType = DateTime), @p3='?' (Size = 146), @p4='?' (Size = 40), @p5='?' (DbType = DateTime), @p6='?' (Size = 26)], CommandType='Text', CommandTimeout='30']
      INSERT INTO "Figures" ("Id", "CategoryId", "CreatedUtc", "Description", "ImageFile", "LastUpdatedUtc", "Name")
      VALUES (@p0, @p1, @p2, @p3, @p4, @p5, @p6);
info: Microsoft.EntityFrameworkCore.Database.Command[20101]
      Executed DbCommand (0ms) [Parameters=[@p0='?' (DbType = Guid), @p1='?' (DbType = Int32), @p2='?' (DbType = DateTime), @p3='?' (Size = 93), @p4='?' (Size = 40), @p5='?' (DbType = DateTime), @p6='?' (Size = 24)], CommandType='Text', CommandTimeout='30']
      INSERT INTO "Figures" ("Id", "CategoryId", "CreatedUtc", "Description", "ImageFile", "LastUpdatedUtc", "Name")
      VALUES (@p0, @p1, @p2, @p3, @p4, @p5, @p6);
info: LegoCatalog.App.Services.ImportService[0]
      catalog.import.completed inserted=198 skipped=0
info: Microsoft.EntityFrameworkCore.Database.Command[20101]
      Executed DbCommand (0ms) [Parameters=[], CommandType='Text', CommandTimeout='30']
      SELECT COUNT(*)
      FROM "Figures" AS "f"
info: Microsoft.EntityFrameworkCore.Database.Command[20101]
      Executed DbCommand (0ms) [Parameters=[], CommandType='Text', CommandTimeout='30']
      SELECT COUNT(*)
      FROM "Categories" AS "c"
info: Microsoft.EntityFrameworkCore.Database.Command[20101]
      Executed DbCommand (0ms) [Parameters=[], CommandType='Text', CommandTimeout='30']
      SELECT "c"."Id", "c"."Name", "c"."Slug"
      FROM "Categories" AS "c"
info: Microsoft.EntityFrameworkCore.Database.Command[20101]
      Executed DbCommand (0ms) [Parameters=[], CommandType='Text', CommandTimeout='30']
      SELECT "f"."Id"
      FROM "Figures" AS "f"
info: LegoCatalog.App.Services.ImportService[0]
      catalog.import.completed inserted=0 skipped=198
info: Microsoft.EntityFrameworkCore.Database.Command[20101]
      Executed DbCommand (0ms) [Parameters=[], CommandType='Text', CommandTimeout='30']
      SELECT COUNT(*)
      FROM "Figures" AS "f"
info: Microsoft.EntityFrameworkCore.Database.Command[20101]
      Executed DbCommand (0ms) [Parameters=[], CommandType='Text', CommandTimeout='30']
      SELECT COUNT(*)
      FROM "Categories" AS "c"
info: Microsoft.EntityFrameworkCore.Database.Command[20101]
      Executed DbCommand (0ms) [Parameters=[], CommandType='Text', CommandTimeout='30']
      SELECT "c"."Id", "c"."Name", "c"."Slug"
      FROM "Categories" AS "c"
info: Microsoft.EntityFrameworkCore.Database.Command[20101]
      Executed DbCommand (0ms) [Parameters=[], CommandType='Text', CommandTimeout='30']
      SELECT "f"."Id"
      FROM "Figures" AS "f"
info: Microsoft.EntityFrameworkCore.Database.Command[20101]
      Executed DbCommand (0ms) [Parameters=[@p0='?' (Size = 14), @p1='?' (Size = 14)], CommandType='Text', CommandTimeout='30']
      INSERT INTO "Categories" ("Name", "Slug")
      VALUES (@p0, @p1)
      RETURNING "Id";
info: Microsoft.EntityFrameworkCore.Database.Command[20101]
      Executed DbCommand (0ms) [Parameters=[@p0='?' (Size = 17), @p1='?' (Size = 17)], CommandType='Text', CommandTimeout='30']
      INSERT INTO "Categories" ("Name", "Slug")
      VALUES (@p0, @p1)
      RETURNING "Id";
info: Microsoft.EntityFrameworkCore.Database.Command[20101]
      Executed DbCommand (0ms) [Parameters=[@p2='?' (DbType = Guid), @p3='?' (DbType = Int32), @p4='?' (DbType = DateTime), @p5='?' (Size = 65), @p6='?' (Size = 40), @p7='?' (DbType = DateTime), @p8='?' (Size = 16)], CommandType='Text', CommandTimeout='30']
      INSERT INTO "Figures" ("Id", "CategoryId", "CreatedUtc", "Description", "ImageFile", "LastUpdatedUtc", "Name")
      VALUES (@p2, @p3, @p4, @p5, @p6, @p7, @p8);
info: Microsoft.EntityFrameworkCore.Database.Command[20101]
      Executed DbCommand (0ms) [Parameters=[@p0='?' (DbType = Guid), @p1='?' (DbType = Int32), @p2='?' (DbType = DateTime), @p3='?' (Size = 68), @p4='?' (Size = 40), @p5='?' (DbType = DateTime), @p6='?' (Size = 16)], CommandType='Text', CommandTimeout='30']
      INSERT INTO "Figures" ("Id", "CategoryId", "CreatedUtc", "Description", "ImageFile", "LastUpdatedUtc", "Name")
      VALUES (@p0, @p1, @p2, @p3, @p4, @p5, @p6);
info: Microsoft.EntityFrameworkCore.Database.Command[20101]
      Executed DbCommand (0ms) [Parameters=[@p0='?' (DbType = Guid), @p1='?' (DbType = Int32), @p2='?' (DbType = DateTime), @p3='?' (Size = 74), @p4='?' (Size = 40), @p5='?' (DbType = DateTime), @p6='?' (Size = 16)], CommandType='Text', CommandTimeout='30']
      INSERT INTO "Figures" ("Id", "CategoryId", "CreatedUtc", "Description", "ImageFile", "LastUpdatedUtc", "Name")
      VALUES (@p0, @p1, @p2, @p3, @p4, @p5, @p6);
info: Microsoft.EntityFrameworkCore.Database.Command[20101]
      Executed DbCommand (0ms) [Parameters=[@p0='?' (DbType = Guid), @p1='?' (DbType = Int32), @p2='?' (DbType = DateTime), @p3='?' (Size = 89), @p4='?' (Size = 40), @p5='?' (DbType = DateTime), @p6='?' (Size = 21)], CommandType='Text', CommandTimeout='30']
      INSERT INTO "Figures" ("Id", "CategoryId", "CreatedUtc", "Description", "ImageFile", "LastUpdatedUtc", "Name")
      VALUES (@p0, @p1, @p2, @p3, @p4, @p5, @p6);
info: LegoCatalog.App.Services.ImportService[0]
      catalog.import.completed inserted=4 skipped=0
info: Microsoft.EntityFrameworkCore.Database.Command[20101]
      Executed DbCommand (0ms) [Parameters=[], CommandType='Text', CommandTimeout='30']
      SELECT COUNT(*)
      FROM "Figures" AS "f"
info: Microsoft.EntityFrameworkCore.Database.Command[20101]
      Executed DbCommand (0ms) [Parameters=[], CommandType='Text', CommandTimeout='30']
      SELECT COUNT(*)
      FROM "Categories" AS "c"
info: Microsoft.EntityFrameworkCore.Database.Command[20101]
      Executed DbCommand (0ms) [Parameters=[], CommandType='Text', CommandTimeout='30']
      SELECT "c"."Id", "c"."Name", "c"."Slug"
      FROM "Categories" AS "c"
info: Microsoft.EntityFrameworkCore.Database.Command[20101]
      Executed DbCommand (0ms) [Parameters=[], CommandType='Text', CommandTimeout='30']
      SELECT "f"."Id"
      FROM "Figures" AS "f"
info: LegoCatalog.App.Services.ImportService[0]
      catalog.import.completed inserted=0 skipped=4
info: Microsoft.EntityFrameworkCore.Database.Command[20101]
      Executed DbCommand (0ms) [Parameters=[], CommandType='Text', CommandTimeout='30']
      SELECT COUNT(*)
      FROM "Figures" AS "f"
info: Microsoft.EntityFrameworkCore.Database.Command[20101]
      Executed DbCommand (0ms) [Parameters=[], CommandType='Text', CommandTimeout='30']
      SELECT COUNT(*)
      FROM "Categories" AS "c"
info: LegoCatalog.App.Middleware.RequestTelemetryMiddleware[0]
      http.server.request
info: LegoCatalog.App.Middleware.RequestTelemetryMiddleware[0]
      http.server.request
info: LegoCatalog.App.Middleware.RequestTelemetryMiddleware[0]
      http.server.request
info: Microsoft.EntityFrameworkCore.Database.Command[20101]
      Executed DbCommand (0ms) [Parameters=[], CommandType='Text', CommandTimeout='30']
      CREATE TABLE "Categories" (
          "Id" INTEGER NOT NULL CONSTRAINT "PK_Categories" PRIMARY KEY AUTOINCREMENT,
          "Name" TEXT NOT NULL,
          "Slug" TEXT NOT NULL,
          CONSTRAINT "UQ_Categories_Name" UNIQUE ("Name"),
          CONSTRAINT "UQ_Categories_Slug" UNIQUE ("Slug")
      );
      CREATE TABLE "Figures" (
          "Id" TEXT NOT NULL CONSTRAINT "PK_Figures" PRIMARY KEY,
          "Name" TEXT NOT NULL,
          "CategoryId" INTEGER NOT NULL,
          "Description" TEXT NOT NULL,
          "ImageFile" TEXT NOT NULL,
          "CreatedUtc" datetime2 NOT NULL,
          "LastUpdatedUtc" datetime2 NOT NULL,
          CONSTRAINT "FK_Figures_Categories" FOREIGN KEY ("CategoryId") REFERENCES "Categories" ("Id")
      );
      CREATE INDEX "IX_Figures_CategoryId" ON "Figures" ("CategoryId");
      CREATE INDEX "IX_Figures_Name" ON "Figures" ("Name");
info: Microsoft.EntityFrameworkCore.Database.Command[20101]
      Executed DbCommand (0ms) [Parameters=[], CommandType='Text', CommandTimeout='30']
      SELECT "c"."Id", "c"."Name", "c"."Slug"
      FROM "Categories" AS "c"
info: Microsoft.EntityFrameworkCore.Database.Command[20101]
      Executed DbCommand (0ms) [Parameters=[], CommandType='Text', CommandTimeout='30']
      SELECT "f"."Id"
      FROM "Figures" AS "f"
info: Microsoft.EntityFrameworkCore.Database.Command[20101]
      Executed DbCommand (0ms) [Parameters=[@p0='?' (Size = 14), @p1='?' (Size = 14)], CommandType='Text', CommandTimeout='30']
      INSERT INTO "Categories" ("Name", "Slug")
      VALUES (@p0, @p1)
      RETURNING "Id";
info: Microsoft.EntityFrameworkCore.Database.Command[20101]
      Executed DbCommand (0ms) [Parameters=[@p0='?' (Size = 17), @p1='?' (Size = 17)], CommandType='Text', CommandTimeout='30']
      INSERT INTO "Categories" ("Name", "Slug")
      VALUES (@p0, @p1)
      RETURNING "Id";
info: Microsoft.EntityFrameworkCore.Database.Command[20101]
      Executed DbCommand (0ms) [Parameters=[@p2='?' (DbType = Guid), @p3='?' (DbType = Int32), @p4='?' (DbType = DateTime), @p5='?' (Size = 65), @p6='?' (Size = 40), @p7='?' (DbType = DateTime), @p8='?' (Size = 16)], CommandType='Text', CommandTimeout='30']
      INSERT INTO "Figures" ("Id", "CategoryId", "CreatedUtc", "Description", "ImageFile", "LastUpdatedUtc", "Name")
      VALUES (@p2, @p3, @p4, @p5, @p6, @p7, @p8);
info: Microsoft.EntityFrameworkCore.Database.Command[20101]
      Executed DbCommand (0ms) [Parameters=[@p0='?' (DbType = Guid), @p1='?' (DbType = Int32), @p2='?' (DbType = DateTime), @p3='?' (Size = 68), @p4='?' (Size = 40), @p5='?' (DbType = DateTime), @p6='?' (Size = 16)], CommandType='Text', CommandTimeout='30']
      INSERT INTO "Figures" ("Id", "CategoryId", "CreatedUtc", "Description", "ImageFile", "LastUpdatedUtc", "Name")
      VALUES (@p0, @p1, @p2, @p3, @p4, @p5, @p6);
info: Microsoft.EntityFrameworkCore.Database.Command[20101]
      Executed DbCommand (0ms) [Parameters=[@p0='?' (DbType = Guid), @p1='?' (DbType = Int32), @p2='?' (DbType = DateTime), @p3='?' (Size = 74), @p4='?' (Size = 40), @p5='?' (DbType = DateTime), @p6='?' (Size = 16)], CommandType='Text', CommandTimeout='30']
      INSERT INTO "Figures" ("Id", "CategoryId", "CreatedUtc", "Description", "ImageFile", "LastUpdatedUtc", "Name")
      VALUES (@p0, @p1, @p2, @p3, @p4, @p5, @p6);
info: Microsoft.EntityFrameworkCore.Database.Command[20101]
      Executed DbCommand (0ms) [Parameters=[@p0='?' (DbType = Guid), @p1='?' (DbType = Int32), @p2='?' (DbType = DateTime), @p3='?' (Size = 89), @p4='?' (Size = 40), @p5='?' (DbType = DateTime), @p6='?' (Size = 21)], CommandType='Text', CommandTimeout='30']
      INSERT INTO "Figures" ("Id", "CategoryId", "CreatedUtc", "Description", "ImageFile", "LastUpdatedUtc", "Name")
      VALUES (@p0, @p1, @p2, @p3, @p4, @p5, @p6);
info: LegoCatalog.App.Services.ImportService[0]
      catalog.import.completed inserted=4 skipped=0
info: Microsoft.EntityFrameworkCore.Database.Command[20101]
      Executed DbCommand (0ms) [Parameters=[@__id_0='?' (DbType = Guid)], CommandType='Text', CommandTimeout='30']
      SELECT "f"."Id", "f"."CategoryId", "f"."CreatedUtc", "f"."Description", "f"."ImageFile", "f"."LastUpdatedUtc", "f"."Name", "c"."Id", "c"."Name", "c"."Slug"
      FROM "Figures" AS "f"
      INNER JOIN "Categories" AS "c" ON "f"."CategoryId" = "c"."Id"
      WHERE "f"."Id" = @__id_0
      LIMIT 1
info: LegoCatalog.App.Middleware.RequestTelemetryMiddleware[0]
      http.server.request
info: LegoCatalog.App.Middleware.RequestTelemetryMiddleware[0]
      http.server.request
info: Microsoft.EntityFrameworkCore.Database.Command[20101]
      Executed DbCommand (0ms) [Parameters=[@__id_0='?' (DbType = Guid)], CommandType='Text', CommandTimeout='30']
      SELECT "f"."Id", "f"."CategoryId", "f"."CreatedUtc", "f"."Description", "f"."ImageFile", "f"."LastUpdatedUtc", "f"."Name", "c"."Id", "c"."Name", "c"."Slug"
      FROM "Figures" AS "f"
      INNER JOIN "Categories" AS "c" ON "f"."CategoryId" = "c"."Id"
      WHERE "f"."Id" = @__id_0
      LIMIT 1
info: LegoCatalog.App.Middleware.RequestTelemetryMiddleware[0]
      http.server.request
info: LegoCatalog.App.Middleware.RequestTelemetryMiddleware[0]
      http.server.request
info: LegoCatalog.App.Middleware.RequestTelemetryMiddleware[0]
      http.server.request
info: LegoCatalog.App.Middleware.RequestTelemetryMiddleware[0]
      http.server.request
info: LegoCatalog.App.Middleware.RequestTelemetryMiddleware[0]
      http.server.request
[xUnit.net 00:00:01.76]   Finished:    LegoCatalog.App.Tests
</StdOut>
    </Output>
  </ResultSummary>
</TestRun>