<?xml version="1.0" encoding="utf-8"?>
<TestRun id="47355e99-76bc-417a-adf4-d10480b4ff04" name="@vase 2026-08-27 18:16:05" xmlns="http://microsoft.com/schemas/VisualStudio/TeamTest/2010">
  <Times creation="2026-08-27T18:16:05.6001640+02:00" queuing="2026-08-27T18:16:05.6001640+02:00" start="2026-08-27T18:16:05.1013430+02:00" finish="2026-08-27T18:16:07.5884210+02:00" />
  <TestSettings name="default" id="86ba6a2e-494b-447b-ad9f-e49fb4d4162d">
    <Deployment runDeploymentRoot="_vase_2026-08-27_18_16_05" />
  </TestSettings>
  <Results>
    <UnitTestResult executionId="dcbc4283-2f4e-439d-85ad-24ed6c0e357d" testId="7990c44b-1aba-5f5e-c6a3-494f35781c9b" testName="LegoCatalog.App.Tests.OriginalRequestTargetMiddlewareTests.UnsafeOriginalTargetsReturnNotFound(rawTarget: &quot;/images/%2e%2e%2fhealthz&quot;)" computerName="vase" duration="00:00:00.0000120" startTime="2026-08-27T18:16:05.5640720+02:00" endTime="2026-08-27T18:16:05.5640960+02:00" testType="13cdc9d9-ddb5-4fa4-a97d-d965ccfc6d4b" outcome="Passed" testListId="8c84fa94-04c1-424b-9868-57a2d4851a1d" relativeResultsDirectory="dcbc4283-2f4e-439d-85ad-24ed6c0e357d" />
    <UnitTestResult executionId="da838e25-82f6-4a05-92e0-a9f7ca98c0b4" testId="1a54dd62-47b6-c650-73b4-989fb68119dc" testName="LegoCatalog.App.Tests.OriginalRequestTargetMiddlewareTests.UnsafeOriginalTargetsReturnNotFound(rawTarget: &quot;/images/%2e%2e%5chealthz&quot;)" computerName="vase" duration="00:00:00.0228607" startTime="2026-08-27T18:16:05.5312900+02:00" endTime="2026-08-27T18:16:05.5639500+02:00" testType="13cdc9d9-ddb5-4fa4-a97d-d965ccfc6d4b" outcome="Passed" testListId="8c84fa94-04c1-424b-9868-57a2d4851a1d" relativeResultsDirectory="da838e25-82f6-4a05-92e0-a9f7ca98c0b4" />
    <UnitTestResult executionId="da1d4c3e-1aee-4d66-9148-553039a312f5" testId="4656b6b0-80fb-06bb-23cf-e8ca170a697f" testName="Contract.Performance.BoundsAreAccepted" computerName="vase" duration="00:00:00.0000755" startTime="2026-08-27T18:16:06.5713580+02:00" endTime="2026-08-27T18:16:06.5713950+02:00" testType="13cdc9d9-ddb5-4fa4-a97d-d965ccfc6d4b" outcome="Passed" testListId="8c84fa94-04c1-424b-9868-57a2d4851a1d" relativeResultsDirectory="da1d4c3e-1aee-4d66-9148-553039a312f5" />
    <UnitTestResult executionId="2847e5fd-1cd3-4218-9beb-98d686874fba" testId="1eeea80c-ed54-c6b3-f3c4-6a53f0c987ee" testName="Contract.Catalog.StartupImportIsIdempotent" computerName="vase" duration="00:00:00.1422063" startTime="2026-08-27T18:16:07.1831140+02:00" endTime="2026-08-27T18:16:07.3253750+02:00" testType="13cdc9d9-ddb5-4fa4-a97d-d965ccfc6d4b" outcome="Passed" testListId="8c84fa94-04c1-424b-9868-57a2d4851a1d" relativeResultsDirectory="2847e5fd-1cd3-4218-9beb-98d686874fba" />
    <UnitTestResult executionId="a2a2bd92-acb2-43bd-95b6-b15c1620a312" testId="da7eb108-9b0b-2fc3-192c-a2ac5c1dab43" testName="Contract.Conformance.NormalizationVectors" computerName="vase" duration="00:00:00.0007249" startTime="2026-08-27T18:16:05.8408620+02:00" endTime="2026-08-27T18:16:05.8415300+02:00" testType="13cdc9d9-ddb5-4fa4-a97d-d965ccfc6d4b" outcome="Passed" testListId="8c84fa94-04c1-424b-9868-57a2d4851a1d" relativeResultsDirectory="a2a2bd92-acb2-43bd-95b6-b15c1620a312" />
    <UnitTestResult executionId="f9f76d71-e075-490e-9124-0111f49b9dee" testId="a06a349f-6beb-d046-2d80-cadcbaa1d0d1" testName="Contract.Catalog.CategoryFilterAcceptsSlugAndName" computerName="vase" duration="00:00:01.5172153" startTime="2026-08-27T18:16:05.5314100+02:00" endTime="2026-08-27T18:16:07.0509220+02:00" testType="13cdc9d9-ddb5-4fa4-a97d-d965ccfc6d4b" outcome="Passed" testListId="8c84fa94-04c1-424b-9868-57a2d4851a1d" relativeResultsDirectory="f9f76d71-e075-490e-9124-0111f49b9dee" />
    <UnitTestResult executionId="e0e46236-ee94-40df-b839-2f82f52567fd" testId="bc28be9d-d770-4cb9-de19-2f48105347db" testName="Contract.Performance.TimeoutIsControlled" computerName="vase" duration="00:00:00.1183147" startTime="2026-08-27T18:16:06.5714660+02:00" endTime="2026-08-27T18:16:06.6898550+02:00" testType="13cdc9d9-ddb5-4fa4-a97d-d965ccfc6d4b" outcome="Passed" testListId="8c84fa94-04c1-424b-9868-57a2d4851a1d" relativeResultsDirectory="e0e46236-ee94-40df-b839-2f82f52567fd" />
    <UnitTestResult executionId="b4d84280-5dae-4ea7-af58-c08e4610bd9a" testId="5e8b2e4c-5ad2-d057-04e4-377f92350cad" testName="LegoCatalog.App.Tests.OriginalRequestTargetMiddlewareTests.UnsafeOriginalTargetsReturnNotFound(rawTarget: &quot;/perftest\\catalog&quot;)" computerName="vase" duration="00:00:00.0001149" startTime="2026-08-27T18:16:05.5640040+02:00" endTime="2026-08-27T18:16:05.5640300+02:00" testType="13cdc9d9-ddb5-4fa4-a97d-d965ccfc6d4b" outcome="Passed" testListId="8c84fa94-04c1-424b-9868-57a2d4851a1d" relativeResultsDirectory="b4d84280-5dae-4ea7-af58-c08e4610bd9a" />
    <UnitTestResult executionId="bd973adc-d839-4835-87ab-2c8446a79160" testId="c57e55de-dfd0-4eda-c65b-4f51a726e921" testName="Contract.Catalog.SearchMatchesNameOnly" computerName="vase" duration="00:00:00.1317211" startTime="2026-08-27T18:16:07.0515840+02:00" endTime="2026-08-27T18:16:07.1829580+02:00" testType="13cdc9d9-ddb5-4fa4-a97d-d965ccfc6d4b" outcome="Passed" testListId="8c84fa94-04c1-424b-9868-57a2d4851a1d" relativeResultsDirectory="bd973adc-d839-4835-87ab-2c8446a79160" />
    <UnitTestResult executionId="495240f0-578d-4a71-b9d7-464038293d05" testId="9987e4d3-1fdb-d9c3-4313-bba3b71a7d46" testName="LegoCatalog.App.Tests.RuntimeIdentityConfigurationTests.SuppliedRuntimeIdentityVariablesReachTheOptions" computerName="vase" duration="00:00:00.0003310" startTime="2026-08-27T18:16:05.8349570+02:00" endTime="2026-08-27T18:16:05.8352190+02:00" testType="13cdc9d9-ddb5-4fa4-a97d-d965ccfc6d4b" outcome="Passed" testListId="8c84fa94-04c1-424b-9868-57a2d4851a1d" relativeResultsDirectory="495240f0-578d-4a71-b9d7-464038293d05" />
    <UnitTestResult executionId="f719dad3-108c-41db-8674-58e5d5513b25" testId="b9189df8-f5c1-d3b4-8fcf-da4c9f5db27f" testName="LegoCatalog.App.Tests.RuntimeIdentityConfigurationTests.DeploymentEnvironmentRejectsValuesOtherThanLab" computerName="vase" duration="00:00:00.0005319" startTime="2026-08-27T18:16:05.8346050+02:00" endTime="2026-08-27T18:16:05.8348550+02:00" testType="13cdc9d9-ddb5-4fa4-a97d-d965ccfc6d4b" outcome="Passed" testListId="8c84fa94-04c1-424b-9868-57a2d4851a1d" relativeResultsDirectory="f719dad3-108c-41db-8674-58e5d5513b25" />
    <UnitTestResult executionId="b445d47a-6388-4f36-997b-4a89c21e2dbf" testId="3593e72f-ee96-de7e-9a41-1fb1d0ff118b" testName="LegoCatalog.App.Tests.ImageSecurityTests.RejectsNonCanonicalImageKeys(key: &quot;..\\catalog.json&quot;)" computerName="vase" duration="00:00:00.0000007" startTime="2026-08-27T18:16:05.5626980+02:00" endTime="2026-08-27T18:16:05.5627300+02:00" testType="13cdc9d9-ddb5-4fa4-a97d-d965ccfc6d4b" outcome="Passed" testListId="8c84fa94-04c1-424b-9868-57a2d4851a1d" relativeResultsDirectory="b445d47a-6388-4f36-997b-4a89c21e2dbf" />
    <UnitTestResult executionId="a7e6bb56-97e9-473b-9b8b-155e44008c7c" testId="7cef10a2-cdd6-976e-1d6c-f38fe9376522" testName="LegoCatalog.App.Tests.OriginalRequestTargetMiddlewareTests.CanonicalOriginalTargetContinues" computerName="vase" duration="00:00:00.0003159" startTime="2026-08-27T18:16:05.5654030+02:00" endTime="2026-08-27T18:16:05.5654270+02:00" testType="13cdc9d9-ddb5-4fa4-a97d-d965ccfc6d4b" outcome="Passed" testListId="8c84fa94-04c1-424b-9868-57a2d4851a1d" relativeResultsDirectory="a7e6bb56-97e9-473b-9b8b-155e44008c7c" />
    <UnitTestResult executionId="a3ec8c3f-814b-42b3-8d82-5b95c9edbcef" testId="c778810e-d991-3441-cfb0-317d277265e8" testName="LegoCatalog.App.Tests.ConformanceVectorTests.IdentityMatchesSharedVectors" computerName="vase" duration="00:00:00.0031235" startTime="2026-08-27T18:16:05.8385450+02:00" endTime="2026-08-27T18:16:05.8407500+02:00" testType="13cdc9d9-ddb5-4fa4-a97d-d965ccfc6d4b" outcome="Passed" testListId="8c84fa94-04c1-424b-9868-57a2d4851a1d" relativeResultsDirectory="a3ec8c3f-814b-42b3-8d82-5b95c9edbcef" />
    <UnitTestResult executionId="1e5e49a9-2207-4534-a181-522dd45d765e" testId="87f87a4a-5207-63d4-1fee-c1fa9c75fb4c" testName="Contract.Health.ReadinessFailsDuringDatabaseOutage" computerName="vase" duration="00:00:00.7213913" startTime="2026-08-27T18:16:05.5313930+02:00" endTime="2026-08-27T18:16:06.2552710+02:00" testType="13cdc9d9-ddb5-4fa4-a97d-d965ccfc6d4b" outcome="Passed" testListId="8c84fa94-04c1-424b-9868-57a2d4851a1d" relativeResultsDirectory="1e5e49a9-2207-4534-a181-522dd45d765e" />
    <UnitTestResult executionId="a4806b74-5544-4df7-b94c-e01a906cb0fb" testId="74893996-9bd9-bda1-c5f4-7451c2767f2c" testName="Contract.Performance.MissingKeyReturnsUnauthorized" computerName="vase" duration="00:00:00.7215255" startTime="2026-08-27T18:16:05.5304130+02:00" endTime="2026-08-27T18:16:06.2553810+02:00" testType="13cdc9d9-ddb5-4fa4-a97d-d965ccfc6d4b" outcome="Passed" testListId="8c84fa94-04c1-424b-9868-57a2d4851a1d" relativeResultsDirectory="a4806b74-5544-4df7-b94c-e01a906cb0fb" />
    <UnitTestResult executionId="d27aadb0-6972-4719-ae61-477010f4bcec" testId="7e105409-5092-f4b5-a946-d80c90814fb6" testName="Contract.Performance.MissingWorkFactorUsesDefault" computerName="vase" duration="00:00:00.0000686" startTime="2026-08-27T18:16:06.4157110+02:00" endTime="2026-08-27T18:16:06.4157430+02:00" testType="13cdc9d9-ddb5-4fa4-a97d-d965ccfc6d4b" outcome="Passed" testListId="8c84fa94-04c1-424b-9868-57a2d4851a1d" relativeResultsDirectory="d27aadb0-6972-4719-ae61-477010f4bcec" />
    <UnitTestResult executionId="b60f0751-3307-4b31-ab7d-c6e7fb8afb2b" testId="6d6ea39e-a65f-13f6-17b9-d8860817fcb0" testName="Contract.Catalog.AliasesAreRejectedBeforeRouting" computerName="vase" duration="00:00:00.1114804" startTime="2026-08-27T18:16:07.3255610+02:00" endTime="2026-08-27T18:16:07.4374450+02:00" testType="13cdc9d9-ddb5-4fa4-a97d-d965ccfc6d4b" outcome="Passed" testListId="8c84fa94-04c1-424b-9868-57a2d4851a1d" relativeResultsDirectory="b60f0751-3307-4b31-ab7d-c6e7fb8afb2b" />
    <UnitTestResult executionId="d03c9fa6-371c-47c0-98a1-1f1621984296" testId="347f06e7-354b-a49a-14b8-8e8569b81c43" testName="Contract.Conformance.TextValidationVectors" computerName="vase" duration="00:00:00.3039154" startTime="2026-08-27T18:16:05.5313700+02:00" endTime="2026-08-27T18:16:05.8375670+02:00" testType="13cdc9d9-ddb5-4fa4-a97d-d965ccfc6d4b" outcome="Passed" testListId="8c84fa94-04c1-424b-9868-57a2d4851a1d" relativeResultsDirectory="d03c9fa6-371c-47c0-98a1-1f1621984296" />
    <UnitTestResult executionId="8a52eb24-487a-446a-9b69-6beb111f3029" testId="0a704e87-6e0f-336c-73ff-eb2178156d56" testName="LegoCatalog.App.Tests.TelemetryContractTests.ResourceIdentityUsesFrozenValues" computerName="vase" duration="00:00:00.0045468" startTime="2026-08-27T18:16:05.5313330+02:00" endTime="2026-08-27T18:16:05.5423760+02:00" testType="13cdc9d9-ddb5-4fa4-a97d-d965ccfc6d4b" outcome="Passed" testListId="8c84fa94-04c1-424b-9868-57a2d4851a1d" relativeResultsDirectory="8a52eb24-487a-446a-9b69-6beb111f3029" />
    <UnitTestResult executionId="8f2e4ac1-72df-4eee-ad21-58a5a7ebcbc0" testId="09d3d0d4-81d2-a68b-b01a-34756b48a6bc" testName="LegoCatalog.App.Tests.OriginalRequestTargetMiddlewareTests.UnsafeOriginalTargetsReturnNotFound(rawTarget: &quot;/images/%252e%252e%252fhealthz&quot;)" computerName="vase" duration="00:00:00.0001731" startTime="2026-08-27T18:16:05.5641350+02:00" endTime="2026-08-27T18:16:05.5641570+02:00" testType="13cdc9d9-ddb5-4fa4-a97d-d965ccfc6d4b" outcome="Passed" testListId="8c84fa94-04c1-424b-9868-57a2d4851a1d" relativeResultsDirectory="8f2e4ac1-72df-4eee-ad21-58a5a7ebcbc0" />
    <UnitTestResult executionId="538d9063-0716-42b7-90cc-cf59ea7b537c" testId="5d9bcb17-6ac3-3dc5-70b8-0f65f574adc6" testName="LegoCatalog.App.Tests.OriginalRequestTargetMiddlewareTests.UnsafeOriginalTargetsReturnNotFound(rawTarget: &quot;/images\\..\\healthz&quot;)" computerName="vase" duration="00:00:00.0000050" startTime="2026-08-27T18:16:05.5652290+02:00" endTime="2026-08-27T18:16:05.5652600+02:00" testType="13cdc9d9-ddb5-4fa4-a97d-d965ccfc6d4b" outcome="Passed" testListId="8c84fa94-04c1-424b-9868-57a2d4851a1d" relativeResultsDirectory="538d9063-0716-42b7-90cc-cf59ea7b537c" />
    <UnitTestResult executionId="0c282eb1-78e2-408a-9d64-896fa3d2e18f" testId="e917e6db-3b58-4c59-e46e-869efff25bdf" testName="Contract.Performance.InvalidWorkFactorsFailStartup" computerName="vase" duration="00:00:00.0003781" startTime="2026-08-27T18:16:06.2560750+02:00" endTime="2026-08-27T18:16:06.2561140+02:00" testType="13cdc9d9-ddb5-4fa4-a97d-d965ccfc6d4b" outcome="Passed" testListId="8c84fa94-04c1-424b-9868-57a2d4851a1d" relativeResultsDirectory="0c282eb1-78e2-408a-9d64-896fa3d2e18f" />
    <UnitTestResult executionId="339de01e-808c-466c-9511-0f84ff919b06" testId="0d9d7505-43c8-572b-ed8c-2b0b3bea890c" testName="Contract.Telemetry.RejectedDocumentIncrementsOnce" computerName="vase" duration="00:00:00.3007811" startTime="2026-08-27T18:16:05.5633780+02:00" endTime="2026-08-27T18:16:05.8392410+02:00" testType="13cdc9d9-ddb5-4fa4-a97d-d965ccfc6d4b" outcome="Passed" testListId="8c84fa94-04c1-424b-9868-57a2d4851a1d" relativeResultsDirectory="339de01e-808c-466c-9511-0f84ff919b06" />
    <UnitTestResult executionId="256d49c6-aeb7-41f0-9ff9-eb0b8f0ce3e8" testId="959a6fbf-41d5-f526-c12a-b5e9d4349af8" testName="Contract.Catalog.FigureIdentityIsCanonical" computerName="vase" duration="00:00:00.1062948" startTime="2026-08-27T18:16:07.4378670+02:00" endTime="2026-08-27T18:16:07.5437970+02:00" testType="13cdc9d9-ddb5-4fa4-a97d-d965ccfc6d4b" outcome="Passed" testListId="8c84fa94-04c1-424b-9868-57a2d4851a1d" relativeResultsDirectory="256d49c6-aeb7-41f0-9ff9-eb0b8f0ce3e8" />
    <UnitTestResult executionId="7c327490-c72e-432b-9602-78741788805b" testId="c7f06be5-955e-e07e-1597-a8e0de33df2a" testName="Contract.Health.ReadinessReportsImportFailure" computerName="vase" duration="00:00:00.1380332" startTime="2026-08-27T18:16:06.4134070+02:00" endTime="2026-08-27T18:16:06.5514540+02:00" testType="13cdc9d9-ddb5-4fa4-a97d-d965ccfc6d4b" outcome="Passed" testListId="8c84fa94-04c1-424b-9868-57a2d4851a1d" relativeResultsDirectory="7c327490-c72e-432b-9602-78741788805b" />
    <UnitTestResult executionId="a20b283d-66f4-4634-8bb0-1705d25e6fba" testId="ccbfbc7f-e808-6140-944f-d2dbce389070" testName="LegoCatalog.App.Tests.TelemetryContractTests.QueryTraceMetricAndFailureLogUseFrozenNames" computerName="vase" duration="00:00:00.0095368" startTime="2026-08-27T18:16:05.8394670+02:00" endTime="2026-08-27T18:16:05.8491050+02:00" testType="13cdc9d9-ddb5-4fa4-a97d-d965ccfc6d4b" outcome="Passed" testListId="8c84fa94-04c1-424b-9868-57a2d4851a1d" relativeResultsDirectory="a20b283d-66f4-4634-8bb0-1705d25e6fba" />
    <UnitTestResult executionId="53da25bc-4e9e-4575-9f57-42f647ae600b" testId="1401504c-503a-c88d-9f98-075f7d04bbd2" testName="LegoCatalog.App.Tests.RuntimeIdentityConfigurationTests.MissingRuntimeIdentityVariableFailsFast(variableName: &quot;OTEL_SERVICE_VERSION&quot;)" computerName="vase" duration="00:00:00.0005251" startTime="2026-08-27T18:16:05.8337190+02:00" endTime="2026-08-27T18:16:05.8339620+02:00" testType="13cdc9d9-ddb5-4fa4-a97d-d965ccfc6d4b" outcome="Passed" testListId="8c84fa94-04c1-424b-9868-57a2d4851a1d" relativeResultsDirectory="53da25bc-4e9e-4575-9f57-42f647ae600b" />
    <UnitTestResult executionId="997d636b-5b0a-42e6-a793-fa339049ed58" testId="287bd12e-4254-e8a8-506a-d5f0035bad48" testName="Contract.Performance.DatabaseFailureIsControlled" computerName="vase" duration="00:00:00.1596406" startTime="2026-08-27T18:16:06.2562080+02:00" endTime="2026-08-27T18:16:06.4155700+02:00" testType="13cdc9d9-ddb5-4fa4-a97d-d965ccfc6d4b" outcome="Passed" testListId="8c84fa94-04c1-424b-9868-57a2d4851a1d" relativeResultsDirectory="997d636b-5b0a-42e6-a793-fa339049ed58" />
    <UnitTestResult executionId="9e6309bc-29d0-4748-a195-94867764c456" testId="ea3dea5f-bb79-1842-0534-55a262ba1cf0" testName="Contract.Telemetry.FinalResponseStatus" computerName="vase" duration="00:00:00.0026068" startTime="2026-08-27T18:16:05.8492990+02:00" endTime="2026-08-27T18:16:05.8516610+02:00" testType="13cdc9d9-ddb5-4fa4-a97d-d965ccfc6d4b" outcome="Passed" testListId="8c84fa94-04c1-424b-9868-57a2d4851a1d" relativeResultsDirectory="9e6309bc-29d0-4748-a195-94867764c456" />
    <UnitTestResult executionId="2858ac0d-4969-4513-985e-7af24d85a012" testId="0920e41b-4e9c-9be7-021d-6012776b6669" testName="LegoCatalog.App.Tests.RuntimeIdentityConfigurationTests.MissingRuntimeIdentityVariableFailsFast(variableName: &quot;DEPLOYMENT_ENVIRONMENT&quot;)" computerName="vase" duration="00:00:00.0002219" startTime="2026-08-27T18:16:05.8340880+02:00" endTime="2026-08-27T18:16:05.8343540+02:00" testType="13cdc9d9-ddb5-4fa4-a97d-d965ccfc6d4b" outcome="Passed" testListId="8c84fa94-04c1-424b-9868-57a2d4851a1d" relativeResultsDirectory="2858ac0d-4969-4513-985e-7af24d85a012" />
    <UnitTestResult executionId="aa2b0d8f-e08b-4a21-9b66-1d6b6c7c5116" testId="9219702c-374a-96fd-55b2-70c5a209956b" testName="LegoCatalog.App.Tests.ConformanceVectorTests.UnicodeCategoryAndWholeDocumentValidationAreStable" computerName="vase" duration="00:00:00.0089438" startTime="2026-08-27T18:16:05.8416550+02:00" endTime="2026-08-27T18:16:05.8517840+02:00" testType="13cdc9d9-ddb5-4fa4-a97d-d965ccfc6d4b" outcome="Passed" testListId="8c84fa94-04c1-424b-9868-57a2d4851a1d" relativeResultsDirectory="aa2b0d8f-e08b-4a21-9b66-1d6b6c7c5116" />
    <UnitTestResult executionId="6483602f-b6ba-4ef0-a047-468f48eab998" testId="e79834cc-771d-3e79-df91-8b6c66880c61" testName="LegoCatalog.App.Tests.ImageSecurityTests.RejectsNonCanonicalImageKeys(key: &quot;10000000-0000-4000-8000-000000000001.PNG&quot;)" computerName="vase" duration="00:00:00.0000824" startTime="2026-08-27T18:16:05.5433200+02:00" endTime="2026-08-27T18:16:05.5433540+02:00" testType="13cdc9d9-ddb5-4fa4-a97d-d965ccfc6d4b" outcome="Passed" testListId="8c84fa94-04c1-424b-9868-57a2d4851a1d" relativeResultsDirectory="6483602f-b6ba-4ef0-a047-468f48eab998" />
    <UnitTestResult executionId="0eb646e6-1231-4d53-b840-76adaf2142d4" testId="60c4a015-1fbb-72c9-1adc-f85dc7044551" testName="LegoCatalog.App.Tests.ImageSecurityTests.RejectsNonCanonicalImageKeys(key: &quot;%2e%2e%2fcatalog.json&quot;)" computerName="vase" duration="00:00:00.0000004" startTime="2026-08-27T18:16:05.5627960+02:00" endTime="2026-08-27T18:16:05.5628210+02:00" testType="13cdc9d9-ddb5-4fa4-a97d-d965ccfc6d4b" outcome="Passed" testListId="8c84fa94-04c1-424b-9868-57a2d4851a1d" relativeResultsDirectory="0eb646e6-1231-4d53-b840-76adaf2142d4" />
    <UnitTestResult executionId="1807a8b3-b76c-453c-ab8e-b6726d00de7f" testId="c6860731-5bff-268b-83db-16ea5ae163bc" testName="LegoCatalog.App.Tests.ImageSecurityTests.RejectsNonCanonicalImageKeys(key: &quot;not-a-uuid.png&quot;)" computerName="vase" duration="00:00:00.0036511" startTime="2026-08-27T18:16:05.5313460+02:00" endTime="2026-08-27T18:16:05.5382680+02:00" testType="13cdc9d9-ddb5-4fa4-a97d-d965ccfc6d4b" outcome="Passed" testListId="8c84fa94-04c1-424b-9868-57a2d4851a1d" relativeResultsDirectory="1807a8b3-b76c-453c-ab8e-b6726d00de7f" />
    <UnitTestResult executionId="11f63009-e7f1-4c49-bb2f-0685884708f5" testId="04822bb5-d811-f8c3-c3f6-f0b3667d2f98" testName="Contract.Health.LivenessSurvivesDatabaseOutage" computerName="vase" duration="00:00:00.1577460" startTime="2026-08-27T18:16:06.2560430+02:00" endTime="2026-08-27T18:16:06.4132430+02:00" testType="13cdc9d9-ddb5-4fa4-a97d-d965ccfc6d4b" outcome="Passed" testListId="8c84fa94-04c1-424b-9868-57a2d4851a1d" relativeResultsDirectory="11f63009-e7f1-4c49-bb2f-0685884708f5" />
    <UnitTestResult executionId="6d1a7065-4a96-4a22-99dc-dc60919e3250" testId="ce72d6b1-2d59-9b88-6ff5-6840f9c2d727" testName="Contract.Performance.InvalidKeyReturnsUnauthorized" computerName="vase" duration="00:00:00.1553748" startTime="2026-08-27T18:16:06.4158270+02:00" endTime="2026-08-27T18:16:06.5712130+02:00" testType="13cdc9d9-ddb5-4fa4-a97d-d965ccfc6d4b" outcome="Passed" testListId="8c84fa94-04c1-424b-9868-57a2d4851a1d" relativeResultsDirectory="6d1a7065-4a96-4a22-99dc-dc60919e3250" />
    <UnitTestResult executionId="ace93370-1dfb-4952-8eb5-43ec3e2f9968" testId="129e97c3-419b-4133-ca44-86260927d19c" testName="LegoCatalog.App.Tests.OriginalRequestTargetMiddlewareTests.UnsafeOriginalTargetsReturnNotFound(rawTarget: &quot;/images/../healthz&quot;)" computerName="vase" duration="00:00:00.0000047" startTime="2026-08-27T18:16:05.5653180+02:00" endTime="2026-08-27T18:16:05.5653440+02:00" testType="13cdc9d9-ddb5-4fa4-a97d-d965ccfc6d4b" outcome="Passed" testListId="8c84fa94-04c1-424b-9868-57a2d4851a1d" relativeResultsDirectory="ace93370-1dfb-4952-8eb5-43ec3e2f9968" />
    <UnitTestResult executionId="3478ed2c-5a47-4a45-bf67-080185b2bbba" testId="d99169db-fb06-6269-0859-dd931e552ed3" testName="LegoCatalog.App.Tests.ImageSecurityTests.AcceptsCanonicalImageKey" computerName="vase" duration="00:00:00.0000527" startTime="2026-08-27T18:16:05.5633370+02:00" endTime="2026-08-27T18:16:05.5634020+02:00" testType="13cdc9d9-ddb5-4fa4-a97d-d965ccfc6d4b" outcome="Passed" testListId="8c84fa94-04c1-424b-9868-57a2d4851a1d" relativeResultsDirectory="3478ed2c-5a47-4a45-bf67-080185b2bbba" />
    <UnitTestResult executionId="abe49342-9026-4504-ba9d-8ebe2180cc2c" testId="0a59c264-124f-7e68-9678-9efc22ccdcfd" testName="LegoCatalog.App.Tests.RuntimeIdentityConfigurationTests.MissingRuntimeIdentityVariableFailsFast(variableName: &quot;CONTAINER_APP_REVISION&quot;)" computerName="vase" duration="00:00:00.2996185" startTime="2026-08-27T18:16:05.5313210+02:00" endTime="2026-08-27T18:16:05.8335070+02:00" testType="13cdc9d9-ddb5-4fa4-a97d-d965ccfc6d4b" outcome="Passed" testListId="8c84fa94-04c1-424b-9868-57a2d4851a1d" relativeResultsDirectory="abe49342-9026-4504-ba9d-8ebe2180cc2c" />
    <UnitTestResult executionId="803ce6e3-a692-4512-b738-d32f8e8f6e87" testId="c7cc7c3b-cea9-43f9-0b3c-c029397c31e5" testName="LegoCatalog.App.Tests.OriginalRequestTargetMiddlewareTests.UnsafeOriginalTargetsReturnNotFound(rawTarget: &quot;/perftest%5ccatalog&quot;)" computerName="vase" duration="00:00:00.0000328" startTime="2026-08-27T18:16:05.5651380+02:00" endTime="2026-08-27T18:16:05.5651700+02:00" testType="13cdc9d9-ddb5-4fa4-a97d-d965ccfc6d4b" outcome="Passed" testListId="8c84fa94-04c1-424b-9868-57a2d4851a1d" relativeResultsDirectory="803ce6e3-a692-4512-b738-d32f8e8f6e87" />
    <UnitTestResult executionId="b39f558d-8859-487e-ae62-4b4c63d0fa2f" testId="92f06ffb-04b2-b3c0-826a-7c097094788e" testName="LegoCatalog.App.Tests.ImageSecurityTests.RejectsNonCanonicalImageKeys(key: &quot;../catalog.json&quot;)" computerName="vase" duration="00:00:00.0000024" startTime="2026-08-27T18:16:05.5624330+02:00" endTime="2026-08-27T18:16:05.5624740+02:00" testType="13cdc9d9-ddb5-4fa4-a97d-d965ccfc6d4b" outcome="Passed" testListId="8c84fa94-04c1-424b-9868-57a2d4851a1d" relativeResultsDirectory="b39f558d-8859-487e-ae62-4b4c63d0fa2f" />
  </Results>
  <TestDefinitions>
    <UnitTest name="Contract.Telemetry.RejectedDocumentIncrementsOnce" storage="/users/mimarusa/documents/prj/_copilot_/copilot-worktrees/microhack-appinnovation/michalmar-reimagined-fishstick/dotnet/tests/legocatalog.app.tests/bin/debug/net8.0/legocatalog.app.tests.dll" id="0d9d7505-43c8-572b-ed8c-2b0b3bea890c">
      <Execution id="339de01e-808c-466c-9511-0f84ff919b06" />
      <TestMethod codeBase="/Users/mimarusa/Documents/PRJ/_COPILOT_/copilot-worktrees/MicroHack-AppInnovation/michalmar-reimagined-fishstick/dotnet/tests/LegoCatalog.App.Tests/bin/Debug/net8.0/LegoCatalog.App.Tests.dll" adapterTypeName="executor://xunit/VsTestRunner3/netcore/" className="LegoCatalog.App.Tests.TelemetryContractTests" name="RejectedDocumentRecordsExactlyOneRejectedUnit" />
    </UnitTest>
    <UnitTest name="LegoCatalog.App.Tests.ImageSecurityTests.RejectsNonCanonicalImageKeys(key: &quot;not-a-uuid.png&quot;)" storage="/users/mimarusa/documents/prj/_copilot_/copilot-worktrees/microhack-appinnovation/michalmar-reimagined-fishstick/dotnet/tests/legocatalog.app.tests/bin/debug/net8.0/legocatalog.app.tests.dll" id="c6860731-5bff-268b-83db-16ea5ae163bc">
      <Execution id="1807a8b3-b76c-453c-ab8e-b6726d00de7f" />
      <TestMethod codeBase="/Users/mimarusa/Documents/PRJ/_COPILOT_/copilot-worktrees/MicroHack-AppInnovation/michalmar-reimagined-fishstick/dotnet/tests/LegoCatalog.App.Tests/bin/Debug/net8.0/LegoCatalog.App.Tests.dll" adapterTypeName="executor://xunit/VsTestRunner3/netcore/" className="LegoCatalog.App.Tests.ImageSecurityTests" name="RejectsNonCanonicalImageKeys" />
    </UnitTest>
    <UnitTest name="Contract.Health.ReadinessFailsDuringDatabaseOutage" storage="/users/mimarusa/documents/prj/_copilot_/copilot-worktrees/microhack-appinnovation/michalmar-reimagined-fishstick/dotnet/tests/legocatalog.app.tests/bin/debug/net8.0/legocatalog.app.tests.dll" id="87f87a4a-5207-63d4-1fee-c1fa9c75fb4c">
      <Execution id="1e5e49a9-2207-4534-a181-522dd45d765e" />
      <TestMethod codeBase="/Users/mimarusa/Documents/PRJ/_COPILOT_/copilot-worktrees/MicroHack-AppInnovation/michalmar-reimagined-fishstick/dotnet/tests/LegoCatalog.App.Tests/bin/Debug/net8.0/LegoCatalog.App.Tests.dll" adapterTypeName="executor://xunit/VsTestRunner3/netcore/" className="LegoCatalog.App.Tests.HealthContractTests" name="ReadinessFailsDuringDatabaseOutage" />
    </UnitTest>
    <UnitTest name="LegoCatalog.App.Tests.ConformanceVectorTests.IdentityMatchesSharedVectors" storage="/users/mimarusa/documents/prj/_copilot_/copilot-worktrees/microhack-appinnovation/michalmar-reimagined-fishstick/dotnet/tests/legocatalog.app.tests/bin/debug/net8.0/legocatalog.app.tests.dll" id="c778810e-d991-3441-cfb0-317d277265e8">
      <Execution id="a3ec8c3f-814b-42b3-8d82-5b95c9edbcef" />
      <TestMethod codeBase="/Users/mimarusa/Documents/PRJ/_COPILOT_/copilot-worktrees/MicroHack-AppInnovation/michalmar-reimagined-fishstick/dotnet/tests/LegoCatalog.App.Tests/bin/Debug/net8.0/LegoCatalog.App.Tests.dll" adapterTypeName="executor://xunit/VsTestRunner3/netcore/" className="LegoCatalog.App.Tests.ConformanceVectorTests" name="IdentityMatchesSharedVectors" />
    </UnitTest>
    <UnitTest name="LegoCatalog.App.Tests.RuntimeIdentityConfigurationTests.MissingRuntimeIdentityVariableFailsFast(variableName: &quot;CONTAINER_APP_REVISION&quot;)" storage="/users/mimarusa/documents/prj/_copilot_/copilot-worktrees/microhack-appinnovation/michalmar-reimagined-fishstick/dotnet/tests/legocatalog.app.tests/bin/debug/net8.0/legocatalog.app.tests.dll" id="0a59c264-124f-7e68-9678-9efc22ccdcfd">
      <Execution id="abe49342-9026-4504-ba9d-8ebe2180cc2c" />
      <TestMethod codeBase="/Users/mimarusa/Documents/PRJ/_COPILOT_/copilot-worktrees/MicroHack-AppInnovation/michalmar-reimagined-fishstick/dotnet/tests/LegoCatalog.App.Tests/bin/Debug/net8.0/LegoCatalog.App.Tests.dll" adapterTypeName="executor://xunit/VsTestRunner3/netcore/" className="LegoCatalog.App.Tests.RuntimeIdentityConfigurationTests" name="MissingRuntimeIdentityVariableFailsFast" />
    </UnitTest>
    <UnitTest name="Contract.Performance.InvalidWorkFactorsFailStartup" storage="/users/mimarusa/documents/prj/_copilot_/copilot-worktrees/microhack-appinnovation/michalmar-reimagined-fishstick/dotnet/tests/legocatalog.app.tests/bin/debug/net8.0/legocatalog.app.tests.dll" id="e917e6db-3b58-4c59-e46e-869efff25bdf">
      <Execution id="0c282eb1-78e2-408a-9d64-896fa3d2e18f" />
      <TestMethod codeBase="/Users/mimarusa/Documents/PRJ/_COPILOT_/copilot-worktrees/MicroHack-AppInnovation/michalmar-reimagined-fishstick/dotnet/tests/LegoCatalog.App.Tests/bin/Debug/net8.0/LegoCatalog.App.Tests.dll" adapterTypeName="executor://xunit/VsTestRunner3/netcore/" className="LegoCatalog.App.Tests.PerformanceContractTests" name="InvalidWorkFactorsFailStartup" />
    </UnitTest>
    <UnitTest name="Contract.Performance.DatabaseFailureIsControlled" storage="/users/mimarusa/documents/prj/_copilot_/copilot-worktrees/microhack-appinnovation/michalmar-reimagined-fishstick/dotnet/tests/legocatalog.app.tests/bin/debug/net8.0/legocatalog.app.tests.dll" id="287bd12e-4254-e8a8-506a-d5f0035bad48">
      <Execution id="997d636b-5b0a-42e6-a793-fa339049ed58" />
      <TestMethod codeBase="/Users/mimarusa/Documents/PRJ/_COPILOT_/copilot-worktrees/MicroHack-AppInnovation/michalmar-reimagined-fishstick/dotnet/tests/LegoCatalog.App.Tests/bin/Debug/net8.0/LegoCatalog.App.Tests.dll" adapterTypeName="executor://xunit/VsTestRunner3/netcore/" className="LegoCatalog.App.Tests.PerformanceContractTests" name="DatabaseFailureIsControlled" />
    </UnitTest>
    <UnitTest name="Contract.Performance.TimeoutIsControlled" storage="/users/mimarusa/documents/prj/_copilot_/copilot-worktrees/microhack-appinnovation/michalmar-reimagined-fishstick/dotnet/tests/legocatalog.app.tests/bin/debug/net8.0/legocatalog.app.tests.dll" id="bc28be9d-d770-4cb9-de19-2f48105347db">
      <Execution id="e0e46236-ee94-40df-b839-2f82f52567fd" />
      <TestMethod codeBase="/Users/mimarusa/Documents/PRJ/_COPILOT_/copilot-worktrees/MicroHack-AppInnovation/michalmar-reimagined-fishstick/dotnet/tests/LegoCatalog.App.Tests/bin/Debug/net8.0/LegoCatalog.App.Tests.dll" adapterTypeName="executor://xunit/VsTestRunner3/netcore/" className="LegoCatalog.App.Tests.PerformanceContractTests" name="TimeoutIsControlled" />
    </UnitTest>
    <UnitTest name="LegoCatalog.App.Tests.OriginalRequestTargetMiddlewareTests.UnsafeOriginalTargetsReturnNotFound(rawTarget: &quot;/perftest\\catalog&quot;)" storage="/users/mimarusa/documents/prj/_copilot_/copilot-worktrees/microhack-appinnovation/michalmar-reimagined-fishstick/dotnet/tests/legocatalog.app.tests/bin/debug/net8.0/legocatalog.app.tests.dll" id="5e8b2e4c-5ad2-d057-04e4-377f92350cad">
      <Execution id="b4d84280-5dae-4ea7-af58-c08e4610bd9a" />
      <TestMethod codeBase="/Users/mimarusa/Documents/PRJ/_COPILOT_/copilot-worktrees/MicroHack-AppInnovation/michalmar-reimagined-fishstick/dotnet/tests/LegoCatalog.App.Tests/bin/Debug/net8.0/LegoCatalog.App.Tests.dll" adapterTypeName="executor://xunit/VsTestRunner3/netcore/" className="LegoCatalog.App.Tests.OriginalRequestTargetMiddlewareTests" name="UnsafeOriginalTargetsReturnNotFound" />
    </UnitTest>
    <UnitTest name="Contract.Performance.MissingWorkFactorUsesDefault" storage="/users/mimarusa/documents/prj/_copilot_/copilot-worktrees/microhack-appinnovation/michalmar-reimagined-fishstick/dotnet/tests/legocatalog.app.tests/bin/debug/net8.0/legocatalog.app.tests.dll" id="7e105409-5092-f4b5-a946-d80c90814fb6">
      <Execution id="d27aadb0-6972-4719-ae61-477010f4bcec" />
      <TestMethod codeBase="/Users/mimarusa/Documents/PRJ/_COPILOT_/copilot-worktrees/MicroHack-AppInnovation/michalmar-reimagined-fishstick/dotnet/tests/LegoCatalog.App.Tests/bin/Debug/net8.0/LegoCatalog.App.Tests.dll" adapterTypeName="executor://xunit/VsTestRunner3/netcore/" className="LegoCatalog.App.Tests.PerformanceContractTests" name="MissingWorkFactorUsesDefault" />
    </UnitTest>
    <UnitTest name="Contract.Performance.MissingKeyReturnsUnauthorized" storage="/users/mimarusa/documents/prj/_copilot_/copilot-worktrees/microhack-appinnovation/michalmar-reimagined-fishstick/dotnet/tests/legocatalog.app.tests/bin/debug/net8.0/legocatalog.app.tests.dll" id="74893996-9bd9-bda1-c5f4-7451c2767f2c">
      <Execution id="a4806b74-5544-4df7-b94c-e01a906cb0fb" />
      <TestMethod codeBase="/Users/mimarusa/Documents/PRJ/_COPILOT_/copilot-worktrees/MicroHack-AppInnovation/michalmar-reimagined-fishstick/dotnet/tests/LegoCatalog.App.Tests/bin/Debug/net8.0/LegoCatalog.App.Tests.dll" adapterTypeName="executor://xunit/VsTestRunner3/netcore/" className="LegoCatalog.App.Tests.PerformanceContractTests" name="MissingKeyReturnsUnauthorized" />
    </UnitTest>
    <UnitTest name="LegoCatalog.App.Tests.ImageSecurityTests.RejectsNonCanonicalImageKeys(key: &quot;%2e%2e%2fcatalog.json&quot;)" storage="/users/mimarusa/documents/prj/_copilot_/copilot-worktrees/microhack-appinnovation/michalmar-reimagined-fishstick/dotnet/tests/legocatalog.app.tests/bin/debug/net8.0/legocatalog.app.tests.dll" id="60c4a015-1fbb-72c9-1adc-f85dc7044551">
      <Execution id="0eb646e6-1231-4d53-b840-76adaf2142d4" />
      <TestMethod codeBase="/Users/mimarusa/Documents/PRJ/_COPILOT_/copilot-worktrees/MicroHack-AppInnovation/michalmar-reimagined-fishstick/dotnet/tests/LegoCatalog.App.Tests/bin/Debug/net8.0/LegoCatalog.App.Tests.dll" adapterTypeName="executor://xunit/VsTestRunner3/netcore/" className="LegoCatalog.App.Tests.ImageSecurityTests" name="RejectsNonCanonicalImageKeys" />
    </UnitTest>
    <UnitTest name="LegoCatalog.App.Tests.OriginalRequestTargetMiddlewareTests.UnsafeOriginalTargetsReturnNotFound(rawTarget: &quot;/images/%2e%2e%2fhealthz&quot;)" storage="/users/mimarusa/documents/prj/_copilot_/copilot-worktrees/microhack-appinnovation/michalmar-reimagined-fishstick/dotnet/tests/legocatalog.app.tests/bin/debug/net8.0/legocatalog.app.tests.dll" id="7990c44b-1aba-5f5e-c6a3-494f35781c9b">
      <Execution id="dcbc4283-2f4e-439d-85ad-24ed6c0e357d" />
      <TestMethod codeBase="/Users/mimarusa/Documents/PRJ/_COPILOT_/copilot-worktrees/MicroHack-AppInnovation/michalmar-reimagined-fishstick/dotnet/tests/LegoCatalog.App.Tests/bin/Debug/net8.0/LegoCatalog.App.Tests.dll" adapterTypeName="executor://xunit/VsTestRunner3/netcore/" className="LegoCatalog.App.Tests.OriginalRequestTargetMiddlewareTests" name="UnsafeOriginalTargetsReturnNotFound" />
    </UnitTest>
    <UnitTest name="LegoCatalog.App.Tests.OriginalRequestTargetMiddlewareTests.UnsafeOriginalTargetsReturnNotFound(rawTarget: &quot;/images/%2e%2e%5chealthz&quot;)" storage="/users/mimarusa/documents/prj/_copilot_/copilot-worktrees/microhack-appinnovation/michalmar-reimagined-fishstick/dotnet/tests/legocatalog.app.tests/bin/debug/net8.0/legocatalog.app.tests.dll" id="1a54dd62-47b6-c650-73b4-989fb68119dc">
      <Execution id="da838e25-82f6-4a05-92e0-a9f7ca98c0b4" />
      <TestMethod codeBase="/Users/mimarusa/Documents/PRJ/_COPILOT_/copilot-worktrees/MicroHack-AppInnovation/michalmar-reimagined-fishstick/dotnet/tests/LegoCatalog.App.Tests/bin/Debug/net8.0/LegoCatalog.App.Tests.dll" adapterTypeName="executor://xunit/VsTestRunner3/netcore/" className="LegoCatalog.App.Tests.OriginalRequestTargetMiddlewareTests" name="UnsafeOriginalTargetsReturnNotFound" />
    </UnitTest>
    <UnitTest name="Contract.Performance.BoundsAreAccepted" storage="/users/mimarusa/documents/prj/_copilot_/copilot-worktrees/microhack-appinnovation/michalmar-reimagined-fishstick/dotnet/tests/legocatalog.app.tests/bin/debug/net8.0/legocatalog.app.tests.dll" id="4656b6b0-80fb-06bb-23cf-e8ca170a697f">
      <Execution id="da1d4c3e-1aee-4d66-9148-553039a312f5" />
      <TestMethod codeBase="/Users/mimarusa/Documents/PRJ/_COPILOT_/copilot-worktrees/MicroHack-AppInnovation/michalmar-reimagined-fishstick/dotnet/tests/LegoCatalog.App.Tests/bin/Debug/net8.0/LegoCatalog.App.Tests.dll" adapterTypeName="executor://xunit/VsTestRunner3/netcore/" className="LegoCatalog.App.Tests.PerformanceContractTests" name="BoundsAreAccepted" />
    </UnitTest>
    <UnitTest name="Contract.Health.LivenessSurvivesDatabaseOutage" storage="/users/mimarusa/documents/prj/_copilot_/copilot-worktrees/microhack-appinnovation/michalmar-reimagined-fishstick/dotnet/tests/legocatalog.app.tests/bin/debug/net8.0/legocatalog.app.tests.dll" id="04822bb5-d811-f8c3-c3f6-f0b3667d2f98">
      <Execution id="11f63009-e7f1-4c49-bb2f-0685884708f5" />
      <TestMethod codeBase="/Users/mimarusa/Documents/PRJ/_COPILOT_/copilot-worktrees/MicroHack-AppInnovation/michalmar-reimagined-fishstick/dotnet/tests/LegoCatalog.App.Tests/bin/Debug/net8.0/LegoCatalog.App.Tests.dll" adapterTypeName="executor://xunit/VsTestRunner3/netcore/" className="LegoCatalog.App.Tests.HealthContractTests" name="LivenessSurvivesDatabaseOutage" />
    </UnitTest>
    <UnitTest name="LegoCatalog.App.Tests.ConformanceVectorTests.UnicodeCategoryAndWholeDocumentValidationAreStable" storage="/users/mimarusa/documents/prj/_copilot_/copilot-worktrees/microhack-appinnovation/michalmar-reimagined-fishstick/dotnet/tests/legocatalog.app.tests/bin/debug/net8.0/legocatalog.app.tests.dll" id="9219702c-374a-96fd-55b2-70c5a209956b">
      <Execution id="aa2b0d8f-e08b-4a21-9b66-1d6b6c7c5116" />
      <TestMethod codeBase="/Users/mimarusa/Documents/PRJ/_COPILOT_/copilot-worktrees/MicroHack-AppInnovation/michalmar-reimagined-fishstick/dotnet/tests/LegoCatalog.App.Tests/bin/Debug/net8.0/LegoCatalog.App.Tests.dll" adapterTypeName="executor://xunit/VsTestRunner3/netcore/" className="LegoCatalog.App.Tests.ConformanceVectorTests" name="UnicodeCategoryAndWholeDocumentValidationAreStable" />
    </UnitTest>
    <UnitTest name="LegoCatalog.App.Tests.ImageSecurityTests.AcceptsCanonicalImageKey" storage="/users/mimarusa/documents/prj/_copilot_/copilot-worktrees/microhack-appinnovation/michalmar-reimagined-fishstick/dotnet/tests/legocatalog.app.tests/bin/debug/net8.0/legocatalog.app.tests.dll" id="d99169db-fb06-6269-0859-dd931e552ed3">
      <Execution id="3478ed2c-5a47-4a45-bf67-080185b2bbba" />
      <TestMethod codeBase="/Users/mimarusa/Documents/PRJ/_COPILOT_/copilot-worktrees/MicroHack-AppInnovation/michalmar-reimagined-fishstick/dotnet/tests/LegoCatalog.App.Tests/bin/Debug/net8.0/LegoCatalog.App.Tests.dll" adapterTypeName="executor://xunit/VsTestRunner3/netcore/" className="LegoCatalog.App.Tests.ImageSecurityTests" name="AcceptsCanonicalImageKey" />
    </UnitTest>
    <UnitTest name="LegoCatalog.App.Tests.OriginalRequestTargetMiddlewareTests.CanonicalOriginalTargetContinues" storage="/users/mimarusa/documents/prj/_copilot_/copilot-worktrees/microhack-appinnovation/michalmar-reimagined-fishstick/dotnet/tests/legocatalog.app.tests/bin/debug/net8.0/legocatalog.app.tests.dll" id="7cef10a2-cdd6-976e-1d6c-f38fe9376522">
      <Execution id="a7e6bb56-97e9-473b-9b8b-155e44008c7c" />
      <TestMethod codeBase="/Users/mimarusa/Documents/PRJ/_COPILOT_/copilot-worktrees/MicroHack-AppInnovation/michalmar-reimagined-fishstick/dotnet/tests/LegoCatalog.App.Tests/bin/Debug/net8.0/LegoCatalog.App.Tests.dll" adapterTypeName="executor://xunit/VsTestRunner3/netcore/" className="LegoCatalog.App.Tests.OriginalRequestTargetMiddlewareTests" name="CanonicalOriginalTargetContinues" />
    </UnitTest>
    <UnitTest name="LegoCatalog.App.Tests.ImageSecurityTests.RejectsNonCanonicalImageKeys(key: &quot;..\\catalog.json&quot;)" storage="/users/mimarusa/documents/prj/_copilot_/copilot-worktrees/microhack-appinnovation/michalmar-reimagined-fishstick/dotnet/tests/legocatalog.app.tests/bin/debug/net8.0/legocatalog.app.tests.dll" id="3593e72f-ee96-de7e-9a41-1fb1d0ff118b">
      <Execution id="b445d47a-6388-4f36-997b-4a89c21e2dbf" />
      <TestMethod codeBase="/Users/mimarusa/Documents/PRJ/_COPILOT_/copilot-worktrees/MicroHack-AppInnovation/michalmar-reimagined-fishstick/dotnet/tests/LegoCatalog.App.Tests/bin/Debug/net8.0/LegoCatalog.App.Tests.dll" adapterTypeName="executor://xunit/VsTestRunner3/netcore/" className="LegoCatalog.App.Tests.ImageSecurityTests" name="RejectsNonCanonicalImageKeys" />
    </UnitTest>
    <UnitTest name="LegoCatalog.App.Tests.TelemetryContractTests.QueryTraceMetricAndFailureLogUseFrozenNames" storage="/users/mimarusa/documents/prj/_copilot_/copilot-worktrees/microhack-appinnovation/michalmar-reimagined-fishstick/dotnet/tests/legocatalog.app.tests/bin/debug/net8.0/legocatalog.app.tests.dll" id="ccbfbc7f-e808-6140-944f-d2dbce389070">
      <Execution id="a20b283d-66f4-4634-8bb0-1705d25e6fba" />
      <TestMethod codeBase="/Users/mimarusa/Documents/PRJ/_COPILOT_/copilot-worktrees/MicroHack-AppInnovation/michalmar-reimagined-fishstick/dotnet/tests/LegoCatalog.App.Tests/bin/Debug/net8.0/LegoCatalog.App.Tests.dll" adapterTypeName="executor://xunit/VsTestRunner3/netcore/" className="LegoCatalog.App.Tests.TelemetryContractTests" name="QueryTraceMetricAndFailureLogUseFrozenNames" />
    </UnitTest>
    <UnitTest name="Contract.Telemetry.FinalResponseStatus" storage="/users/mimarusa/documents/prj/_copilot_/copilot-worktrees/microhack-appinnovation/michalmar-reimagined-fishstick/dotnet/tests/legocatalog.app.tests/bin/debug/net8.0/legocatalog.app.tests.dll" id="ea3dea5f-bb79-1842-0534-55a262ba1cf0">
      <Execution id="9e6309bc-29d0-4748-a195-94867764c456" />
      <TestMethod codeBase="/Users/mimarusa/Documents/PRJ/_COPILOT_/copilot-worktrees/MicroHack-AppInnovation/michalmar-reimagined-fishstick/dotnet/tests/LegoCatalog.App.Tests/bin/Debug/net8.0/LegoCatalog.App.Tests.dll" adapterTypeName="executor://xunit/VsTestRunner3/netcore/" className="LegoCatalog.App.Tests.TelemetryContractTests" name="RequestLogUsesMatchedRouteAndFinalStatus" />
    </UnitTest>
    <UnitTest name="Contract.Performance.InvalidKeyReturnsUnauthorized" storage="/users/mimarusa/documents/prj/_copilot_/copilot-worktrees/microhack-appinnovation/michalmar-reimagined-fishstick/dotnet/tests/legocatalog.app.tests/bin/debug/net8.0/legocatalog.app.tests.dll" id="ce72d6b1-2d59-9b88-6ff5-6840f9c2d727">
      <Execution id="6d1a7065-4a96-4a22-99dc-dc60919e3250" />
      <TestMethod codeBase="/Users/mimarusa/Documents/PRJ/_COPILOT_/copilot-worktrees/MicroHack-AppInnovation/michalmar-reimagined-fishstick/dotnet/tests/LegoCatalog.App.Tests/bin/Debug/net8.0/LegoCatalog.App.Tests.dll" adapterTypeName="executor://xunit/VsTestRunner3/netcore/" className="LegoCatalog.App.Tests.PerformanceContractTests" name="InvalidKeyReturnsUnauthorized" />
    </UnitTest>
    <UnitTest name="LegoCatalog.App.Tests.RuntimeIdentityConfigurationTests.MissingRuntimeIdentityVariableFailsFast(variableName: &quot;DEPLOYMENT_ENVIRONMENT&quot;)" storage="/users/mimarusa/documents/prj/_copilot_/copilot-worktrees/microhack-appinnovation/michalmar-reimagined-fishstick/dotnet/tests/legocatalog.app.tests/bin/debug/net8.0/legocatalog.app.tests.dll" id="0920e41b-4e9c-9be7-021d-6012776b6669">
      <Execution id="2858ac0d-4969-4513-985e-7af24d85a012" />
      <TestMethod codeBase="/Users/mimarusa/Documents/PRJ/_COPILOT_/copilot-worktrees/MicroHack-AppInnovation/michalmar-reimagined-fishstick/dotnet/tests/LegoCatalog.App.Tests/bin/Debug/net8.0/LegoCatalog.App.Tests.dll" adapterTypeName="executor://xunit/VsTestRunner3/netcore/" className="LegoCatalog.App.Tests.RuntimeIdentityConfigurationTests" name="MissingRuntimeIdentityVariableFailsFast" />
    </UnitTest>
    <UnitTest name="Contract.Catalog.SearchMatchesNameOnly" storage="/users/mimarusa/documents/prj/_copilot_/copilot-worktrees/microhack-appinnovation/michalmar-reimagined-fishstick/dotnet/tests/legocatalog.app.tests/bin/debug/net8.0/legocatalog.app.tests.dll" id="c57e55de-dfd0-4eda-c65b-4f51a726e921">
      <Execution id="bd973adc-d839-4835-87ab-2c8446a79160" />
      <TestMethod codeBase="/Users/mimarusa/Documents/PRJ/_COPILOT_/copilot-worktrees/MicroHack-AppInnovation/michalmar-reimagined-fishstick/dotnet/tests/LegoCatalog.App.Tests/bin/Debug/net8.0/LegoCatalog.App.Tests.dll" adapterTypeName="executor://xunit/VsTestRunner3/netcore/" className="LegoCatalog.App.Tests.CatalogBehaviorTests" name="SearchMatchesNameCaseInsensitivelyAndIgnoresDescription" />
    </UnitTest>
    <UnitTest name="Contract.Catalog.AliasesAreRejectedBeforeRouting" storage="/users/mimarusa/documents/prj/_copilot_/copilot-worktrees/microhack-appinnovation/michalmar-reimagined-fishstick/dotnet/tests/legocatalog.app.tests/bin/debug/net8.0/legocatalog.app.tests.dll" id="6d6ea39e-a65f-13f6-17b9-d8860817fcb0">
      <Execution id="b60f0751-3307-4b31-ab7d-c6e7fb8afb2b" />
      <TestMethod codeBase="/Users/mimarusa/Documents/PRJ/_COPILOT_/copilot-worktrees/MicroHack-AppInnovation/michalmar-reimagined-fishstick/dotnet/tests/LegoCatalog.App.Tests/bin/Debug/net8.0/LegoCatalog.App.Tests.dll" adapterTypeName="executor://xunit/VsTestRunner3/netcore/" className="LegoCatalog.App.Tests.CatalogBehaviorTests" name="ImageRequestRejectsPathTraversal" />
    </UnitTest>
    <UnitTest name="Contract.Health.ReadinessReportsImportFailure" storage="/users/mimarusa/documents/prj/_copilot_/copilot-worktrees/microhack-appinnovation/michalmar-reimagined-fishstick/dotnet/tests/legocatalog.app.tests/bin/debug/net8.0/legocatalog.app.tests.dll" id="c7f06be5-955e-e07e-1597-a8e0de33df2a">
      <Execution id="7c327490-c72e-432b-9602-78741788805b" />
      <TestMethod codeBase="/Users/mimarusa/Documents/PRJ/_COPILOT_/copilot-worktrees/MicroHack-AppInnovation/michalmar-reimagined-fishstick/dotnet/tests/LegoCatalog.App.Tests/bin/Debug/net8.0/LegoCatalog.App.Tests.dll" adapterTypeName="executor://xunit/VsTestRunner3/netcore/" className="LegoCatalog.App.Tests.HealthContractTests" name="ReadinessReportsImportFailure" />
    </UnitTest>
    <UnitTest name="Contract.Catalog.CategoryFilterAcceptsSlugAndName" storage="/users/mimarusa/documents/prj/_copilot_/copilot-worktrees/microhack-appinnovation/michalmar-reimagined-fishstick/dotnet/tests/legocatalog.app.tests/bin/debug/net8.0/legocatalog.app.tests.dll" id="a06a349f-6beb-d046-2d80-cadcbaa1d0d1">
      <Execution id="f9f76d71-e075-490e-9124-0111f49b9dee" />
      <TestMethod codeBase="/Users/mimarusa/Documents/PRJ/_COPILOT_/copilot-worktrees/MicroHack-AppInnovation/michalmar-reimagined-fishstick/dotnet/tests/LegoCatalog.App.Tests/bin/Debug/net8.0/LegoCatalog.App.Tests.dll" adapterTypeName="executor://xunit/VsTestRunner3/netcore/" className="LegoCatalog.App.Tests.CatalogBehaviorTests" name="CategoryFilterAcceptsSlugAndName" />
    </UnitTest>
    <UnitTest name="LegoCatalog.App.Tests.OriginalRequestTargetMiddlewareTests.UnsafeOriginalTargetsReturnNotFound(rawTarget: &quot;/images/../healthz&quot;)" storage="/users/mimarusa/documents/prj/_copilot_/copilot-worktrees/microhack-appinnovation/michalmar-reimagined-fishstick/dotnet/tests/legocatalog.app.tests/bin/debug/net8.0/legocatalog.app.tests.dll" id="129e97c3-419b-4133-ca44-86260927d19c">
      <Execution id="ace93370-1dfb-4952-8eb5-43ec3e2f9968" />
      <TestMethod codeBase="/Users/mimarusa/Documents/PRJ/_COPILOT_/copilot-worktrees/MicroHack-AppInnovation/michalmar-reimagined-fishstick/dotnet/tests/LegoCatalog.App.Tests/bin/Debug/net8.0/LegoCatalog.App.Tests.dll" adapterTypeName="executor://xunit/VsTestRunner3/netcore/" className="LegoCatalog.App.Tests.OriginalRequestTargetMiddlewareTests" name="UnsafeOriginalTargetsReturnNotFound" />
    </UnitTest>
    <UnitTest name="LegoCatalog.App.Tests.OriginalRequestTargetMiddlewareTests.UnsafeOriginalTargetsReturnNotFound(rawTarget: &quot;/images/%252e%252e%252fhealthz&quot;)" storage="/users/mimarusa/documents/prj/_copilot_/copilot-worktrees/microhack-appinnovation/michalmar-reimagined-fishstick/dotnet/tests/legocatalog.app.tests/bin/debug/net8.0/legocatalog.app.tests.dll" id="09d3d0d4-81d2-a68b-b01a-34756b48a6bc">
      <Execution id="8f2e4ac1-72df-4eee-ad21-58a5a7ebcbc0" />
      <TestMethod codeBase="/Users/mimarusa/Documents/PRJ/_COPILOT_/copilot-worktrees/MicroHack-AppInnovation/michalmar-reimagined-fishstick/dotnet/tests/LegoCatalog.App.Tests/bin/Debug/net8.0/LegoCatalog.App.Tests.dll" adapterTypeName="executor://xunit/VsTestRunner3/netcore/" className="LegoCatalog.App.Tests.OriginalRequestTargetMiddlewareTests" name="UnsafeOriginalTargetsReturnNotFound" />
    </UnitTest>
    <UnitTest name="Contract.Catalog.FigureIdentityIsCanonical" storage="/users/mimarusa/documents/prj/_copilot_/copilot-worktrees/microhack-appinnovation/michalmar-reimagined-fishstick/dotnet/tests/legocatalog.app.tests/bin/debug/net8.0/legocatalog.app.tests.dll" id="959a6fbf-41d5-f526-c12a-b5e9d4349af8">
      <Execution id="256d49c6-aeb7-41f0-9ff9-eb0b8f0ce3e8" />
      <TestMethod codeBase="/Users/mimarusa/Documents/PRJ/_COPILOT_/copilot-worktrees/MicroHack-AppInnovation/michalmar-reimagined-fishstick/dotnet/tests/LegoCatalog.App.Tests/bin/Debug/net8.0/LegoCatalog.App.Tests.dll" adapterTypeName="executor://xunit/VsTestRunner3/netcore/" className="LegoCatalog.App.Tests.CatalogBehaviorTests" name="GetFigureReturns404ForUnknownId" />
    </UnitTest>
    <UnitTest name="Contract.Catalog.StartupImportIsIdempotent" storage="/users/mimarusa/documents/prj/_copilot_/copilot-worktrees/microhack-appinnovation/michalmar-reimagined-fishstick/dotnet/tests/legocatalog.app.tests/bin/debug/net8.0/legocatalog.app.tests.dll" id="1eeea80c-ed54-c6b3-f3c4-6a53f0c987ee">
      <Execution id="2847e5fd-1cd3-4218-9beb-98d686874fba" />
      <TestMethod codeBase="/Users/mimarusa/Documents/PRJ/_COPILOT_/copilot-worktrees/MicroHack-AppInnovation/michalmar-reimagined-fishstick/dotnet/tests/LegoCatalog.App.Tests/bin/Debug/net8.0/LegoCatalog.App.Tests.dll" adapterTypeName="executor://xunit/VsTestRunner3/netcore/" className="LegoCatalog.App.Tests.CatalogBehaviorTests" name="StartupImportIsIdempotentAcrossTwoStarts" />
    </UnitTest>
    <UnitTest name="LegoCatalog.App.Tests.RuntimeIdentityConfigurationTests.MissingRuntimeIdentityVariableFailsFast(variableName: &quot;OTEL_SERVICE_VERSION&quot;)" storage="/users/mimarusa/documents/prj/_copilot_/copilot-worktrees/microhack-appinnovation/michalmar-reimagined-fishstick/dotnet/tests/legocatalog.app.tests/bin/debug/net8.0/legocatalog.app.tests.dll" id="1401504c-503a-c88d-9f98-075f7d04bbd2">
      <Execution id="53da25bc-4e9e-4575-9f57-42f647ae600b" />
      <TestMethod codeBase="/Users/mimarusa/Documents/PRJ/_COPILOT_/copilot-worktrees/MicroHack-AppInnovation/michalmar-reimagined-fishstick/dotnet/tests/LegoCatalog.App.Tests/bin/Debug/net8.0/LegoCatalog.App.Tests.dll" adapterTypeName="executor://xunit/VsTestRunner3/netcore/" className="LegoCatalog.App.Tests.RuntimeIdentityConfigurationTests" name="MissingRuntimeIdentityVariableFailsFast" />
    </UnitTest>
    <UnitTest name="LegoCatalog.App.Tests.RuntimeIdentityConfigurationTests.SuppliedRuntimeIdentityVariablesReachTheOptions" storage="/users/mimarusa/documents/prj/_copilot_/copilot-worktrees/microhack-appinnovation/michalmar-reimagined-fishstick/dotnet/tests/legocatalog.app.tests/bin/debug/net8.0/legocatalog.app.tests.dll" id="9987e4d3-1fdb-d9c3-4313-bba3b71a7d46">
      <Execution id="495240f0-578d-4a71-b9d7-464038293d05" />
      <TestMethod codeBase="/Users/mimarusa/Documents/PRJ/_COPILOT_/copilot-worktrees/MicroHack-AppInnovation/michalmar-reimagined-fishstick/dotnet/tests/LegoCatalog.App.Tests/bin/Debug/net8.0/LegoCatalog.App.Tests.dll" adapterTypeName="executor://xunit/VsTestRunner3/netcore/" className="LegoCatalog.App.Tests.RuntimeIdentityConfigurationTests" name="SuppliedRuntimeIdentityVariablesReachTheOptions" />
    </UnitTest>
    <UnitTest name="LegoCatalog.App.Tests.ImageSecurityTests.RejectsNonCanonicalImageKeys(key: &quot;10000000-0000-4000-8000-000000000001.PNG&quot;)" storage="/users/mimarusa/documents/prj/_copilot_/copilot-worktrees/microhack-appinnovation/michalmar-reimagined-fishstick/dotnet/tests/legocatalog.app.tests/bin/debug/net8.0/legocatalog.app.tests.dll" id="e79834cc-771d-3e79-df91-8b6c66880c61">
      <Execution id="6483602f-b6ba-4ef0-a047-468f48eab998" />
      <TestMethod codeBase="/Users/mimarusa/Documents/PRJ/_COPILOT_/copilot-worktrees/MicroHack-AppInnovation/michalmar-reimagined-fishstick/dotnet/tests/LegoCatalog.App.Tests/bin/Debug/net8.0/LegoCatalog.App.Tests.dll" adapterTypeName="executor://xunit/VsTestRunner3/netcore/" className="LegoCatalog.App.Tests.ImageSecurityTests" name="RejectsNonCanonicalImageKeys" />
    </UnitTest>
    <UnitTest name="LegoCatalog.App.Tests.OriginalRequestTargetMiddlewareTests.UnsafeOriginalTargetsReturnNotFound(rawTarget: &quot;/images\\..\\healthz&quot;)" storage="/users/mimarusa/documents/prj/_copilot_/copilot-worktrees/microhack-appinnovation/michalmar-reimagined-fishstick/dotnet/tests/legocatalog.app.tests/bin/debug/net8.0/legocatalog.app.tests.dll" id="5d9bcb17-6ac3-3dc5-70b8-0f65f574adc6">
      <Execution id="538d9063-0716-42b7-90cc-cf59ea7b537c" />
      <TestMethod codeBase="/Users/mimarusa/Documents/PRJ/_COPILOT_/copilot-worktrees/MicroHack-AppInnovation/michalmar-reimagined-fishstick/dotnet/tests/LegoCatalog.App.Tests/bin/Debug/net8.0/LegoCatalog.App.Tests.dll" adapterTypeName="executor://xunit/VsTestRunner3/netcore/" className="LegoCatalog.App.Tests.OriginalRequestTargetMiddlewareTests" name="UnsafeOriginalTargetsReturnNotFound" />
    </UnitTest>
    <UnitTest name="LegoCatalog.App.Tests.RuntimeIdentityConfigurationTests.DeploymentEnvironmentRejectsValuesOtherThanLab" storage="/users/mimarusa/documents/prj/_copilot_/copilot-worktrees/microhack-appinnovation/michalmar-reimagined-fishstick/dotnet/tests/legocatalog.app.tests/bin/debug/net8.0/legocatalog.app.tests.dll" id="b9189df8-f5c1-d3b4-8fcf-da4c9f5db27f">
      <Execution id="f719dad3-108c-41db-8674-58e5d5513b25" />
      <TestMethod codeBase="/Users/mimarusa/Documents/PRJ/_COPILOT_/copilot-worktrees/MicroHack-AppInnovation/michalmar-reimagined-fishstick/dotnet/tests/LegoCatalog.App.Tests/bin/Debug/net8.0/LegoCatalog.App.Tests.dll" adapterTypeName="executor://xunit/VsTestRunner3/netcore/" className="LegoCatalog.App.Tests.RuntimeIdentityConfigurationTests" name="DeploymentEnvironmentRejectsValuesOtherThanLab" />
    </UnitTest>
    <UnitTest name="LegoCatalog.App.Tests.ImageSecurityTests.RejectsNonCanonicalImageKeys(key: &quot;../catalog.json&quot;)" storage="/users/mimarusa/documents/prj/_copilot_/copilot-worktrees/microhack-appinnovation/michalmar-reimagined-fishstick/dotnet/tests/legocatalog.app.tests/bin/debug/net8.0/legocatalog.app.tests.dll" id="92f06ffb-04b2-b3c0-826a-7c097094788e">
      <Execution id="b39f558d-8859-487e-ae62-4b4c63d0fa2f" />
      <TestMethod codeBase="/Users/mimarusa/Documents/PRJ/_COPILOT_/copilot-worktrees/MicroHack-AppInnovation/michalmar-reimagined-fishstick/dotnet/tests/LegoCatalog.App.Tests/bin/Debug/net8.0/LegoCatalog.App.Tests.dll" adapterTypeName="executor://xunit/VsTestRunner3/netcore/" className="LegoCatalog.App.Tests.ImageSecurityTests" name="RejectsNonCanonicalImageKeys" />
    </UnitTest>
    <UnitTest name="Contract.Conformance.TextValidationVectors" storage="/users/mimarusa/documents/prj/_copilot_/copilot-worktrees/microhack-appinnovation/michalmar-reimagined-fishstick/dotnet/tests/legocatalog.app.tests/bin/debug/net8.0/legocatalog.app.tests.dll" id="347f06e7-354b-a49a-14b8-8e8569b81c43">
      <Execution id="d03c9fa6-371c-47c0-98a1-1f1621984296" />
      <TestMethod codeBase="/Users/mimarusa/Documents/PRJ/_COPILOT_/copilot-worktrees/MicroHack-AppInnovation/michalmar-reimagined-fishstick/dotnet/tests/LegoCatalog.App.Tests/bin/Debug/net8.0/LegoCatalog.App.Tests.dll" adapterTypeName="executor://xunit/VsTestRunner3/netcore/" className="LegoCatalog.App.Tests.ConformanceVectorTests" name="TextValidationMatchesSharedVectors" />
    </UnitTest>
    <UnitTest name="Contract.Conformance.NormalizationVectors" storage="/users/mimarusa/documents/prj/_copilot_/copilot-worktrees/microhack-appinnovation/michalmar-reimagined-fishstick/dotnet/tests/legocatalog.app.tests/bin/debug/net8.0/legocatalog.app.tests.dll" id="da7eb108-9b0b-2fc3-192c-a2ac5c1dab43">
      <Execution id="a2a2bd92-acb2-43bd-95b6-b15c1620a312" />
      <TestMethod codeBase="/Users/mimarusa/Documents/PRJ/_COPILOT_/copilot-worktrees/MicroHack-AppInnovation/michalmar-reimagined-fishstick/dotnet/tests/LegoCatalog.App.Tests/bin/Debug/net8.0/LegoCatalog.App.Tests.dll" adapterTypeName="executor://xunit/VsTestRunner3/netcore/" className="LegoCatalog.App.Tests.ConformanceVectorTests" name="CategorySlugMatchesSharedVectors" />
    </UnitTest>
    <UnitTest name="LegoCatalog.App.Tests.TelemetryContractTests.ResourceIdentityUsesFrozenValues" storage="/users/mimarusa/documents/prj/_copilot_/copilot-worktrees/microhack-appinnovation/michalmar-reimagined-fishstick/dotnet/tests/legocatalog.app.tests/bin/debug/net8.0/legocatalog.app.tests.dll" id="0a704e87-6e0f-336c-73ff-eb2178156d56">
      <Execution id="8a52eb24-487a-446a-9b69-6beb111f3029" />
      <TestMethod codeBase="/Users/mimarusa/Documents/PRJ/_COPILOT_/copilot-worktrees/MicroHack-AppInnovation/michalmar-reimagined-fishstick/dotnet/tests/LegoCatalog.App.Tests/bin/Debug/net8.0/LegoCatalog.App.Tests.dll" adapterTypeName="executor://xunit/VsTestRunner3/netcore/" className="LegoCatalog.App.Tests.TelemetryContractTests" name="ResourceIdentityUsesFrozenValues" />
    </UnitTest>
    <UnitTest name="LegoCatalog.App.Tests.OriginalRequestTargetMiddlewareTests.UnsafeOriginalTargetsReturnNotFound(rawTarget: &quot;/perftest%5ccatalog&quot;)" storage="/users/mimarusa/documents/prj/_copilot_/copilot-worktrees/microhack-appinnovation/michalmar-reimagined-fishstick/dotnet/tests/legocatalog.app.tests/bin/debug/net8.0/legocatalog.app.tests.dll" id="c7cc7c3b-cea9-43f9-0b3c-c029397c31e5">
      <Execution id="803ce6e3-a692-4512-b738-d32f8e8f6e87" />
      <TestMethod codeBase="/Users/mimarusa/Documents/PRJ/_COPILOT_/copilot-worktrees/MicroHack-AppInnovation/michalmar-reimagined-fishstick/dotnet/tests/LegoCatalog.App.Tests/bin/Debug/net8.0/LegoCatalog.App.Tests.dll" adapterTypeName="executor://xunit/VsTestRunner3/netcore/" className="LegoCatalog.App.Tests.OriginalRequestTargetMiddlewareTests" name="UnsafeOriginalTargetsReturnNotFound" />
    </UnitTest>
  </TestDefinitions>
  <TestEntries>
    <TestEntry testId="7990c44b-1aba-5f5e-c6a3-494f35781c9b" executionId="dcbc4283-2f4e-439d-85ad-24ed6c0e357d" testListId="8c84fa94-04c1-424b-9868-57a2d4851a1d" />
    <TestEntry testId="1a54dd62-47b6-c650-73b4-989fb68119dc" executionId="da838e25-82f6-4a05-92e0-a9f7ca98c0b4" testListId="8c84fa94-04c1-424b-9868-57a2d4851a1d" />
    <TestEntry testId="4656b6b0-80fb-06bb-23cf-e8ca170a697f" executionId="da1d4c3e-1aee-4d66-9148-553039a312f5" testListId="8c84fa94-04c1-424b-9868-57a2d4851a1d" />
    <TestEntry testId="1eeea80c-ed54-c6b3-f3c4-6a53f0c987ee" executionId="2847e5fd-1cd3-4218-9beb-98d686874fba" testListId="8c84fa94-04c1-424b-9868-57a2d4851a1d" />
    <TestEntry testId="da7eb108-9b0b-2fc3-192c-a2ac5c1dab43" executionId="a2a2bd92-acb2-43bd-95b6-b15c1620a312" testListId="8c84fa94-04c1-424b-9868-57a2d4851a1d" />
    <TestEntry testId="a06a349f-6beb-d046-2d80-cadcbaa1d0d1" executionId="f9f76d71-e075-490e-9124-0111f49b9dee" testListId="8c84fa94-04c1-424b-9868-57a2d4851a1d" />
    <TestEntry testId="bc28be9d-d770-4cb9-de19-2f48105347db" executionId="e0e46236-ee94-40df-b839-2f82f52567fd" testListId="8c84fa94-04c1-424b-9868-57a2d4851a1d" />
    <TestEntry testId="5e8b2e4c-5ad2-d057-04e4-377f92350cad" executionId="b4d84280-5dae-4ea7-af58-c08e4610bd9a" testListId="8c84fa94-04c1-424b-9868-57a2d4851a1d" />
    <TestEntry testId="c57e55de-dfd0-4eda-c65b-4f51a726e921" executionId="bd973adc-d839-4835-87ab-2c8446a79160" testListId="8c84fa94-04c1-424b-9868-57a2d4851a1d" />
    <TestEntry testId="9987e4d3-1fdb-d9c3-4313-bba3b71a7d46" executionId="495240f0-578d-4a71-b9d7-464038293d05" testListId="8c84fa94-04c1-424b-9868-57a2d4851a1d" />
    <TestEntry testId="b9189df8-f5c1-d3b4-8fcf-da4c9f5db27f" executionId="f719dad3-108c-41db-8674-58e5d5513b25" testListId="8c84fa94-04c1-424b-9868-57a2d4851a1d" />
    <TestEntry testId="3593e72f-ee96-de7e-9a41-1fb1d0ff118b" executionId="b445d47a-6388-4f36-997b-4a89c21e2dbf" testListId="8c84fa94-04c1-424b-9868-57a2d4851a1d" />
    <TestEntry testId="7cef10a2-cdd6-976e-1d6c-f38fe9376522" executionId="a7e6bb56-97e9-473b-9b8b-155e44008c7c" testListId="8c84fa94-04c1-424b-9868-57a2d4851a1d" />
    <TestEntry testId="c778810e-d991-3441-cfb0-317d277265e8" executionId="a3ec8c3f-814b-42b3-8d82-5b95c9edbcef" testListId="8c84fa94-04c1-424b-9868-57a2d4851a1d" />
    <TestEntry testId="87f87a4a-5207-63d4-1fee-c1fa9c75fb4c" executionId="1e5e49a9-2207-4534-a181-522dd45d765e" testListId="8c84fa94-04c1-424b-9868-57a2d4851a1d" />
    <TestEntry testId="74893996-9bd9-bda1-c5f4-7451c2767f2c" executionId="a4806b74-5544-4df7-b94c-e01a906cb0fb" testListId="8c84fa94-04c1-424b-9868-57a2d4851a1d" />
    <TestEntry testId="7e105409-5092-f4b5-a946-d80c90814fb6" executionId="d27aadb0-6972-4719-ae61-477010f4bcec" testListId="8c84fa94-04c1-424b-9868-57a2d4851a1d" />
    <TestEntry testId="6d6ea39e-a65f-13f6-17b9-d8860817fcb0" executionId="b60f0751-3307-4b31-ab7d-c6e7fb8afb2b" testListId="8c84fa94-04c1-424b-9868-57a2d4851a1d" />
    <TestEntry testId="347f06e7-354b-a49a-14b8-8e8569b81c43" executionId="d03c9fa6-371c-47c0-98a1-1f1621984296" testListId="8c84fa94-04c1-424b-9868-57a2d4851a1d" />
    <TestEntry testId="0a704e87-6e0f-336c-73ff-eb2178156d56" executionId="8a52eb24-487a-446a-9b69-6beb111f3029" testListId="8c84fa94-04c1-424b-9868-57a2d4851a1d" />
    <TestEntry testId="09d3d0d4-81d2-a68b-b01a-34756b48a6bc" executionId="8f2e4ac1-72df-4eee-ad21-58a5a7ebcbc0" testListId="8c84fa94-04c1-424b-9868-57a2d4851a1d" />
    <TestEntry testId="5d9bcb17-6ac3-3dc5-70b8-0f65f574adc6" executionId="538d9063-0716-42b7-90cc-cf59ea7b537c" testListId="8c84fa94-04c1-424b-9868-57a2d4851a1d" />
    <TestEntry testId="e917e6db-3b58-4c59-e46e-869efff25bdf" executionId="0c282eb1-78e2-408a-9d64-896fa3d2e18f" testListId="8c84fa94-04c1-424b-9868-57a2d4851a1d" />
    <TestEntry testId="0d9d7505-43c8-572b-ed8c-2b0b3bea890c" executionId="339de01e-808c-466c-9511-0f84ff919b06" testListId="8c84fa94-04c1-424b-9868-57a2d4851a1d" />
    <TestEntry testId="959a6fbf-41d5-f526-c12a-b5e9d4349af8" executionId="256d49c6-aeb7-41f0-9ff9-eb0b8f0ce3e8" testListId="8c84fa94-04c1-424b-9868-57a2d4851a1d" />
    <TestEntry testId="c7f06be5-955e-e07e-1597-a8e0de33df2a" executionId="7c327490-c72e-432b-9602-78741788805b" testListId="8c84fa94-04c1-424b-9868-57a2d4851a1d" />
    <TestEntry testId="ccbfbc7f-e808-6140-944f-d2dbce389070" executionId="a20b283d-66f4-4634-8bb0-1705d25e6fba" testListId="8c84fa94-04c1-424b-9868-57a2d4851a1d" />
    <TestEntry testId="1401504c-503a-c88d-9f98-075f7d04bbd2" executionId="53da25bc-4e9e-4575-9f57-42f647ae600b" testListId="8c84fa94-04c1-424b-9868-57a2d4851a1d" />
    <TestEntry testId="287bd12e-4254-e8a8-506a-d5f0035bad48" executionId="997d636b-5b0a-42e6-a793-fa339049ed58" testListId="8c84fa94-04c1-424b-9868-57a2d4851a1d" />
    <TestEntry testId="ea3dea5f-bb79-1842-0534-55a262ba1cf0" executionId="9e6309bc-29d0-4748-a195-94867764c456" testListId="8c84fa94-04c1-424b-9868-57a2d4851a1d" />
    <TestEntry testId="0920e41b-4e9c-9be7-021d-6012776b6669" executionId="2858ac0d-4969-4513-985e-7af24d85a012" testListId="8c84fa94-04c1-424b-9868-57a2d4851a1d" />
    <TestEntry testId="9219702c-374a-96fd-55b2-70c5a209956b" executionId="aa2b0d8f-e08b-4a21-9b66-1d6b6c7c5116" testListId="8c84fa94-04c1-424b-9868-57a2d4851a1d" />
    <TestEntry testId="e79834cc-771d-3e79-df91-8b6c66880c61" executionId="6483602f-b6ba-4ef0-a047-468f48eab998" testListId="8c84fa94-04c1-424b-9868-57a2d4851a1d" />
    <TestEntry testId="60c4a015-1fbb-72c9-1adc-f85dc7044551" executionId="0eb646e6-1231-4d53-b840-76adaf2142d4" testListId="8c84fa94-04c1-424b-9868-57a2d4851a1d" />
    <TestEntry testId="c6860731-5bff-268b-83db-16ea5ae163bc" executionId="1807a8b3-b76c-453c-ab8e-b6726d00de7f" testListId="8c84fa94-04c1-424b-9868-57a2d4851a1d" />
    <TestEntry testId="04822bb5-d811-f8c3-c3f6-f0b3667d2f98" executionId="11f63009-e7f1-4c49-bb2f-0685884708f5" testListId="8c84fa94-04c1-424b-9868-57a2d4851a1d" />
    <TestEntry testId="ce72d6b1-2d59-9b88-6ff5-6840f9c2d727" executionId="6d1a7065-4a96-4a22-99dc-dc60919e3250" testListId="8c84fa94-04c1-424b-9868-57a2d4851a1d" />
    <TestEntry testId="129e97c3-419b-4133-ca44-86260927d19c" executionId="ace93370-1dfb-4952-8eb5-43ec3e2f9968" testListId="8c84fa94-04c1-424b-9868-57a2d4851a1d" />
    <TestEntry testId="d99169db-fb06-6269-0859-dd931e552ed3" executionId="3478ed2c-5a47-4a45-bf67-080185b2bbba" testListId="8c84fa94-04c1-424b-9868-57a2d4851a1d" />
    <TestEntry testId="0a59c264-124f-7e68-9678-9efc22ccdcfd" executionId="abe49342-9026-4504-ba9d-8ebe2180cc2c" testListId="8c84fa94-04c1-424b-9868-57a2d4851a1d" />
    <TestEntry testId="c7cc7c3b-cea9-43f9-0b3c-c029397c31e5" executionId="803ce6e3-a692-4512-b738-d32f8e8f6e87" testListId="8c84fa94-04c1-424b-9868-57a2d4851a1d" />
    <TestEntry testId="92f06ffb-04b2-b3c0-826a-7c097094788e" executionId="b39f558d-8859-487e-ae62-4b4c63d0fa2f" testListId="8c84fa94-04c1-424b-9868-57a2d4851a1d" />
  </TestEntries>
  <TestLists>
    <TestList name="Results Not in a List" id="8c84fa94-04c1-424b-9868-57a2d4851a1d" />
    <TestList name="All Loaded Results" id="19431567-8539-422a-85d7-44ee4e166bda" />
  </TestLists>
  <ResultSummary outcome="Completed">
    <Counters total="42" executed="42" passed="42" failed="0" error="0" timeout="0" aborted="0" inconclusive="0" passedButRunAborted="0" notRunnable="0" notExecuted="0" disconnected="0" warning="0" completed="0" inProgress="0" pending="0" />
    <Output>
      <StdOut>[xUnit.net 00:00:00.00] xUnit.net VSTest Adapter v3.1.4+50e68bbb8b (64-bit .NET 8.0.30)
[xUnit.net 00:00:00.06]   Discovering: LegoCatalog.App.Tests
[xUnit.net 00:00:00.08]   Discovered:  LegoCatalog.App.Tests
[xUnit.net 00:00:00.10]   Starting:    LegoCatalog.App.Tests
fail: Catalog.Database[0]
      catalog.database.failed
info: LegoCatalog.App.Middleware.RequestTelemetryMiddleware[0]
      http.server.request
info: LegoCatalog.App.Middleware.RequestTelemetryMiddleware[0]
      http.server.request
info: LegoCatalog.App.Middleware.RequestTelemetryMiddleware[0]
      http.server.request
info: LegoCatalog.App.Middleware.RequestTelemetryMiddleware[0]
      http.server.request
info: LegoCatalog.App.Middleware.RequestTelemetryMiddleware[0]
      http.server.request
info: LegoCatalog.App.Middleware.RequestTelemetryMiddleware[0]
      http.server.request
info: Microsoft.EntityFrameworkCore.Database.Command[20101]
      Executed DbCommand (4ms) [Parameters=[], CommandType='Text', CommandTimeout='30']
      CREATE TABLE "Categories" (
          "Id" INTEGER NOT NULL CONSTRAINT "PK_Categories" PRIMARY KEY AUTOINCREMENT,
          "Name" TEXT NOT NULL,
          "Slug" TEXT NOT NULL,
          CONSTRAINT "UQ_Categories_Name" UNIQUE ("Name"),
          CONSTRAINT "UQ_Categories_Slug" UNIQUE ("Slug")
      );
      CREATE TABLE "Figures" (
          "Id" TEXT NOT NULL CONSTRAINT "PK_Figures" PRIMARY KEY,
          "Name" TEXT NOT NULL,
          "CategoryId" INTEGER NOT NULL,
          "Description" TEXT NOT NULL,
          "ImageFile" TEXT NOT NULL,
          "CreatedUtc" datetime2 NOT NULL,
          "LastUpdatedUtc" datetime2 NOT NULL,
          CONSTRAINT "FK_Figures_Categories" FOREIGN KEY ("CategoryId") REFERENCES "Categories" ("Id")
      );
      CREATE INDEX "IX_Figures_CategoryId" ON "Figures" ("CategoryId");
      CREATE INDEX "IX_Figures_Name" ON "Figures" ("Name");
info: LegoCatalog.App.Middleware.RequestTelemetryMiddleware[0]
      http.server.request
info: Microsoft.EntityFrameworkCore.Database.Command[20101]
      Executed DbCommand (1ms) [Parameters=[], CommandType='Text', CommandTimeout='30']
      SELECT "c"."Id", "c"."Name", "c"."Slug"
      FROM "Categories" AS "c"
info: Microsoft.EntityFrameworkCore.Database.Command[20101]
      Executed DbCommand (0ms) [Parameters=[], CommandType='Text', CommandTimeout='30']
      SELECT "f"."Id"
      FROM "Figures" AS "f"
info: Microsoft.EntityFrameworkCore.Database.Command[20101]
      Executed DbCommand (1ms) [Parameters=[@p0='?' (Size = 14), @p1='?' (Size = 14)], CommandType='Text', CommandTimeout='30']
      INSERT INTO "Categories" ("Name", "Slug")
      VALUES (@p0, @p1)
      RETURNING "Id";
info: Microsoft.EntityFrameworkCore.Database.Command[20101]
      Executed DbCommand (0ms) [Parameters=[@p0='?' (Size = 17), @p1='?' (Size = 17)], CommandType='Text', CommandTimeout='30']
      INSERT INTO "Categories" ("Name", "Slug")
      VALUES (@p0, @p1)
      RETURNING "Id";
info: Microsoft.EntityFrameworkCore.Database.Command[20101]
      Executed DbCommand (0ms) [Parameters=[@p2='?' (DbType = Guid), @p3='?' (DbType = Int32), @p4='?' (DbType = DateTime), @p5='?' (Size = 65), @p6='?' (Size = 40), @p7='?' (DbType = DateTime), @p8='?' (Size = 16)], CommandType='Text', CommandTimeout='30']
      INSERT INTO "Figures" ("Id", "CategoryId", "CreatedUtc", "Description", "ImageFile", "LastUpdatedUtc", "Name")
      VALUES (@p2, @p3, @p4, @p5, @p6, @p7, @p8);
info: Microsoft.EntityFrameworkCore.Database.Command[20101]
      Executed DbCommand (0ms) [Parameters=[@p0='?' (DbType = Guid), @p1='?' (DbType = Int32), @p2='?' (DbType = DateTime), @p3='?' (Size = 68), @p4='?' (Size = 40), @p5='?' (DbType = DateTime), @p6='?' (Size = 16)], CommandType='Text', CommandTimeout='30']
      INSERT INTO "Figures" ("Id", "CategoryId", "CreatedUtc", "Description", "ImageFile", "LastUpdatedUtc", "Name")
      VALUES (@p0, @p1, @p2, @p3, @p4, @p5, @p6);
info: Microsoft.EntityFrameworkCore.Database.Command[20101]
      Executed DbCommand (0ms) [Parameters=[@p0='?' (DbType = Guid), @p1='?' (DbType = Int32), @p2='?' (DbType = DateTime), @p3='?' (Size = 74), @p4='?' (Size = 40), @p5='?' (DbType = DateTime), @p6='?' (Size = 16)], CommandType='Text', CommandTimeout='30']
      INSERT INTO "Figures" ("Id", "CategoryId", "CreatedUtc", "Description", "ImageFile", "LastUpdatedUtc", "Name")
      VALUES (@p0, @p1, @p2, @p3, @p4, @p5, @p6);
info: Microsoft.EntityFrameworkCore.Database.Command[20101]
      Executed DbCommand (0ms) [Parameters=[@p0='?' (DbType = Guid), @p1='?' (DbType = Int32), @p2='?' (DbType = DateTime), @p3='?' (Size = 89), @p4='?' (Size = 40), @p5='?' (DbType = DateTime), @p6='?' (Size = 21)], CommandType='Text', CommandTimeout='30']
      INSERT INTO "Figures" ("Id", "CategoryId", "CreatedUtc", "Description", "ImageFile", "LastUpdatedUtc", "Name")
      VALUES (@p0, @p1, @p2, @p3, @p4, @p5, @p6);
info: LegoCatalog.App.Services.ImportService[0]
      catalog.import.completed inserted=4 skipped=0
info: Microsoft.EntityFrameworkCore.Database.Command[20101]
      Executed DbCommand (0ms) [Parameters=[], CommandType='Text', CommandTimeout='30']
      SELECT "c"."Id", "c"."Name", "c"."Slug"
      FROM "Categories" AS "c"
      ORDER BY "c"."Name"
info: Microsoft.EntityFrameworkCore.Database.Command[20101]
      Executed DbCommand (0ms) [Parameters=[@__categoryFilter_0='?' (Size = 14)], CommandType='Text', CommandTimeout='30']
      SELECT "f"."Id", "f"."CategoryId", "f"."CreatedUtc", "f"."Description", "f"."ImageFile", "f"."LastUpdatedUtc", "f"."Name", "c"."Id", "c"."Name", "c"."Slug"
      FROM "Figures" AS "f"
      INNER JOIN "Categories" AS "c" ON "f"."CategoryId" = "c"."Id"
      WHERE "c"."Slug" = @__categoryFilter_0 OR "c"."Name" COLLATE Latin1_General_100_CI_AS = @__categoryFilter_0
info: LegoCatalog.App.Middleware.RequestTelemetryMiddleware[0]
      http.server.request
info: Microsoft.EntityFrameworkCore.Database.Command[20101]
      Executed DbCommand (0ms) [Parameters=[], CommandType='Text', CommandTimeout='30']
      SELECT "c"."Id", "c"."Name", "c"."Slug"
      FROM "Categories" AS "c"
      ORDER BY "c"."Name"
info: Microsoft.EntityFrameworkCore.Database.Command[20101]
      Executed DbCommand (0ms) [Parameters=[@__categoryFilter_0='?' (Size = 14)], CommandType='Text', CommandTimeout='30']
      SELECT "f"."Id", "f"."CategoryId", "f"."CreatedUtc", "f"."Description", "f"."ImageFile", "f"."LastUpdatedUtc", "f"."Name", "c"."Id", "c"."Name", "c"."Slug"
      FROM "Figures" AS "f"
      INNER JOIN "Categories" AS "c" ON "f"."CategoryId" = "c"."Id"
      WHERE "c"."Slug" = @__categoryFilter_0 OR "c"."Name" COLLATE Latin1_General_100_CI_AS = @__categoryFilter_0
info: LegoCatalog.App.Middleware.RequestTelemetryMiddleware[0]
      http.server.request
info: Microsoft.EntityFrameworkCore.Database.Command[20101]
      Executed DbCommand (0ms) [Parameters=[], CommandType='Text', CommandTimeout='30']
      SELECT "c"."Id", "c"."Name", "c"."Slug"
      FROM "Categories" AS "c"
      ORDER BY "c"."Name"
info: Microsoft.EntityFrameworkCore.Database.Command[20101]
      Executed DbCommand (0ms) [Parameters=[@__categoryFilter_0='?' (Size = 14)], CommandType='Text', CommandTimeout='30']
      SELECT "f"."Id", "f"."CategoryId", "f"."CreatedUtc", "f"."Description", "f"."ImageFile", "f"."LastUpdatedUtc", "f"."Name", "c"."Id", "c"."Name", "c"."Slug"
      FROM "Figures" AS "f"
      INNER JOIN "Categories" AS "c" ON "f"."CategoryId" = "c"."Id"
      WHERE "c"."Slug" = @__categoryFilter_0 OR "c"."Name" COLLATE Latin1_General_100_CI_AS = @__categoryFilter_0
info: LegoCatalog.App.Middleware.RequestTelemetryMiddleware[0]
      http.server.request
info: Microsoft.EntityFrameworkCore.Database.Command[20101]
      Executed DbCommand (0ms) [Parameters=[], CommandType='Text', CommandTimeout='30']
      SELECT "c"."Id", "c"."Name", "c"."Slug"
      FROM "Categories" AS "c"
      ORDER BY "c"."Name"
info: Microsoft.EntityFrameworkCore.Database.Command[20101]
      Executed DbCommand (0ms) [Parameters=[@__categoryFilter_0='?' (Size = 17)], CommandType='Text', CommandTimeout='30']
      SELECT "f"."Id", "f"."CategoryId", "f"."CreatedUtc", "f"."Description", "f"."ImageFile", "f"."LastUpdatedUtc", "f"."Name", "c"."Id", "c"."Name", "c"."Slug"
      FROM "Figures" AS "f"
      INNER JOIN "Categories" AS "c" ON "f"."CategoryId" = "c"."Id"
      WHERE "c"."Slug" = @__categoryFilter_0 OR "c"."Name" COLLATE Latin1_General_100_CI_AS = @__categoryFilter_0
info: LegoCatalog.App.Middleware.RequestTelemetryMiddleware[0]
      http.server.request
info: Microsoft.EntityFrameworkCore.Database.Command[20101]
      Executed DbCommand (0ms) [Parameters=[], CommandType='Text', CommandTimeout='30']
      SELECT "c"."Id", "c"."Name", "c"."Slug"
      FROM "Categories" AS "c"
      ORDER BY "c"."Name"
info: Microsoft.EntityFrameworkCore.Database.Command[20101]
      Executed DbCommand (0ms) [Parameters=[@__categoryFilter_0='?' (Size = 14), @__Format_2='?' (Size = 4)], CommandType='Text', CommandTimeout='30']
      SELECT "f"."Id", "f"."CategoryId", "f"."CreatedUtc", "f"."Description", "f"."ImageFile", "f"."LastUpdatedUtc", "f"."Name", "c"."Id", "c"."Name", "c"."Slug"
      FROM "Figures" AS "f"
      INNER JOIN "Categories" AS "c" ON "f"."CategoryId" = "c"."Id"
      WHERE ("c"."Slug" = @__categoryFilter_0 OR "c"."Name" COLLATE Latin1_General_100_CI_AS = @__categoryFilter_0) AND "f"."Name" COLLATE Latin1_General_100_CI_AS LIKE @__Format_2 ESCAPE '\'
info: LegoCatalog.App.Middleware.RequestTelemetryMiddleware[0]
      http.server.request
info: Microsoft.EntityFrameworkCore.Database.Command[20101]
      Executed DbCommand (0ms) [Parameters=[], CommandType='Text', CommandTimeout='30']
      SELECT "c"."Id", "c"."Name", "c"."Slug"
      FROM "Categories" AS "c"
      ORDER BY "c"."Name"
info: Microsoft.EntityFrameworkCore.Database.Command[20101]
      Executed DbCommand (0ms) [Parameters=[@__categoryFilter_0='?' (Size = 14), @__Format_2='?' (Size = 3)], CommandType='Text', CommandTimeout='30']
      SELECT "f"."Id", "f"."CategoryId", "f"."CreatedUtc", "f"."Description", "f"."ImageFile", "f"."LastUpdatedUtc", "f"."Name", "c"."Id", "c"."Name", "c"."Slug"
      FROM "Figures" AS "f"
      INNER JOIN "Categories" AS "c" ON "f"."CategoryId" = "c"."Id"
      WHERE ("c"."Slug" = @__categoryFilter_0 OR "c"."Name" COLLATE Latin1_General_100_CI_AS = @__categoryFilter_0) AND "f"."Name" COLLATE Latin1_General_100_CI_AS LIKE @__Format_2 ESCAPE '\'
info: LegoCatalog.App.Middleware.RequestTelemetryMiddleware[0]
      http.server.request
info: Microsoft.EntityFrameworkCore.Database.Command[20101]
      Executed DbCommand (0ms) [Parameters=[], CommandType='Text', CommandTimeout='30']
      SELECT "c"."Id", "c"."Name", "c"."Slug"
      FROM "Categories" AS "c"
      ORDER BY "c"."Name"
info: Microsoft.EntityFrameworkCore.Database.Command[20101]
      Executed DbCommand (0ms) [Parameters=[@__categoryFilter_0='?' (Size = 14)], CommandType='Text', CommandTimeout='30']
      SELECT "f"."Id", "f"."CategoryId", "f"."CreatedUtc", "f"."Description", "f"."ImageFile", "f"."LastUpdatedUtc", "f"."Name", "c"."Id", "c"."Name", "c"."Slug"
      FROM "Figures" AS "f"
      INNER JOIN "Categories" AS "c" ON "f"."CategoryId" = "c"."Id"
      WHERE "c"."Slug" = @__categoryFilter_0 OR "c"."Name" COLLATE Latin1_General_100_CI_AS = @__categoryFilter_0
info: LegoCatalog.App.Middleware.RequestTelemetryMiddleware[0]
      http.server.request
info: Microsoft.EntityFrameworkCore.Database.Command[20101]
      Executed DbCommand (0ms) [Parameters=[], CommandType='Text', CommandTimeout='30']
      SELECT "c"."Id", "c"."Name", "c"."Slug"
      FROM "Categories" AS "c"
      ORDER BY "c"."Name"
info: Microsoft.EntityFrameworkCore.Database.Command[20101]
      Executed DbCommand (0ms) [Parameters=[@__categoryFilter_0='?' (Size = 16)], CommandType='Text', CommandTimeout='30']
      SELECT "f"."Id", "f"."CategoryId", "f"."CreatedUtc", "f"."Description", "f"."ImageFile", "f"."LastUpdatedUtc", "f"."Name", "c"."Id", "c"."Name", "c"."Slug"
      FROM "Figures" AS "f"
      INNER JOIN "Categories" AS "c" ON "f"."CategoryId" = "c"."Id"
      WHERE "c"."Slug" = @__categoryFilter_0 OR "c"."Name" COLLATE Latin1_General_100_CI_AS = @__categoryFilter_0
info: LegoCatalog.App.Middleware.RequestTelemetryMiddleware[0]
      http.server.request
info: Microsoft.EntityFrameworkCore.Database.Command[20101]
      Executed DbCommand (0ms) [Parameters=[], CommandType='Text', CommandTimeout='30']
      CREATE TABLE "Categories" (
          "Id" INTEGER NOT NULL CONSTRAINT "PK_Categories" PRIMARY KEY AUTOINCREMENT,
          "Name" TEXT NOT NULL,
          "Slug" TEXT NOT NULL,
          CONSTRAINT "UQ_Categories_Name" UNIQUE ("Name"),
          CONSTRAINT "UQ_Categories_Slug" UNIQUE ("Slug")
      );
      CREATE TABLE "Figures" (
          "Id" TEXT NOT NULL CONSTRAINT "PK_Figures" PRIMARY KEY,
          "Name" TEXT NOT NULL,
          "CategoryId" INTEGER NOT NULL,
          "Description" TEXT NOT NULL,
          "ImageFile" TEXT NOT NULL,
          "CreatedUtc" datetime2 NOT NULL,
          "LastUpdatedUtc" datetime2 NOT NULL,
          CONSTRAINT "FK_Figures_Categories" FOREIGN KEY ("CategoryId") REFERENCES "Categories" ("Id")
      );
      CREATE INDEX "IX_Figures_CategoryId" ON "Figures" ("CategoryId");
      CREATE INDEX "IX_Figures_Name" ON "Figures" ("Name");
info: Microsoft.EntityFrameworkCore.Database.Command[20101]
      Executed DbCommand (0ms) [Parameters=[], CommandType='Text', CommandTimeout='30']
      SELECT "c"."Id", "c"."Name", "c"."Slug"
      FROM "Categories" AS "c"
info: Microsoft.EntityFrameworkCore.Database.Command[20101]
      Executed DbCommand (0ms) [Parameters=[], CommandType='Text', CommandTimeout='30']
      SELECT "f"."Id"
      FROM "Figures" AS "f"
info: Microsoft.EntityFrameworkCore.Database.Command[20101]
      Executed DbCommand (0ms) [Parameters=[@p0='?' (Size = 14), @p1='?' (Size = 14)], CommandType='Text', CommandTimeout='30']
      INSERT INTO "Categories" ("Name", "Slug")
      VALUES (@p0, @p1)
      RETURNING "Id";
info: Microsoft.EntityFrameworkCore.Database.Command[20101]
      Executed DbCommand (0ms) [Parameters=[@p0='?' (Size = 17), @p1='?' (Size = 17)], CommandType='Text', CommandTimeout='30']
      INSERT INTO "Categories" ("Name", "Slug")
      VALUES (@p0, @p1)
      RETURNING "Id";
info: Microsoft.EntityFrameworkCore.Database.Command[20101]
      Executed DbCommand (0ms) [Parameters=[@p2='?' (DbType = Guid), @p3='?' (DbType = Int32), @p4='?' (DbType = DateTime), @p5='?' (Size = 65), @p6='?' (Size = 40), @p7='?' (DbType = DateTime), @p8='?' (Size = 16)], CommandType='Text', CommandTimeout='30']
      INSERT INTO "Figures" ("Id", "CategoryId", "CreatedUtc", "Description", "ImageFile", "LastUpdatedUtc", "Name")
      VALUES (@p2, @p3, @p4, @p5, @p6, @p7, @p8);
info: Microsoft.EntityFrameworkCore.Database.Command[20101]
      Executed DbCommand (0ms) [Parameters=[@p0='?' (DbType = Guid), @p1='?' (DbType = Int32), @p2='?' (DbType = DateTime), @p3='?' (Size = 68), @p4='?' (Size = 40), @p5='?' (DbType = DateTime), @p6='?' (Size = 16)], CommandType='Text', CommandTimeout='30']
      INSERT INTO "Figures" ("Id", "CategoryId", "CreatedUtc", "Description", "ImageFile", "LastUpdatedUtc", "Name")
      VALUES (@p0, @p1, @p2, @p3, @p4, @p5, @p6);
info: Microsoft.EntityFrameworkCore.Database.Command[20101]
[...]
      Executed DbCommand (0ms) [Parameters=[@p0='?' (DbType = Guid), @p1='?' (DbType = Int32), @p2='?' (DbType = DateTime), @p3='?' (Size = 102), @p4='?' (Size = 40), @p5='?' (DbType = DateTime), @p6='?' (Size = 22)], CommandType='Text', CommandTimeout='30']
      INSERT INTO "Figures" ("Id", "CategoryId", "CreatedUtc", "Description", "ImageFile", "LastUpdatedUtc", "Name")
      VALUES (@p0, @p1, @p2, @p3, @p4, @p5, @p6);
info: Microsoft.EntityFrameworkCore.Database.Command[20101]
      Executed DbCommand (0ms) [Parameters=[@p0='?' (DbType = Guid), @p1='?' (DbType = Int32), @p2='?' (DbType = DateTime), @p3='?' (Size = 85), @p4='?' (Size = 40), @p5='?' (DbType = DateTime), @p6='?' (Size = 20)], CommandType='Text', CommandTimeout='30']
      INSERT INTO "Figures" ("Id", "CategoryId", "CreatedUtc", "Description", "ImageFile", "LastUpdatedUtc", "Name")
      VALUES (@p0, @p1, @p2, @p3, @p4, @p5, @p6);
info: Microsoft.EntityFrameworkCore.Database.Command[20101]
      Executed DbCommand (0ms) [Parameters=[@p0='?' (DbType = Guid), @p1='?' (DbType = Int32), @p2='?' (DbType = DateTime), @p3='?' (Size = 111), @p4='?' (Size = 40), @p5='?' (DbType = DateTime), @p6='?' (Size = 22)], CommandType='Text', CommandTimeout='30']
      INSERT INTO "Figures" ("Id", "CategoryId", "CreatedUtc", "Description", "ImageFile", "LastUpdatedUtc", "Name")
      VALUES (@p0, @p1, @p2, @p3, @p4, @p5, @p6);
info: Microsoft.EntityFrameworkCore.Database.Command[20101]
      Executed DbCommand (0ms) [Parameters=[@p0='?' (DbType = Guid), @p1='?' (DbType = Int32), @p2='?' (DbType = DateTime), @p3='?' (Size = 73), @p4='?' (Size = 40), @p5='?' (DbType = DateTime), @p6='?' (Size = 23)], CommandType='Text', CommandTimeout='30']
      INSERT INTO "Figures" ("Id", "CategoryId", "CreatedUtc", "Description", "ImageFile", "LastUpdatedUtc", "Name")
      VALUES (@p0, @p1, @p2, @p3, @p4, @p5, @p6);
info: Microsoft.EntityFrameworkCore.Database.Command[20101]
      Executed DbCommand (0ms) [Parameters=[@p0='?' (DbType = Guid), @p1='?' (DbType = Int32), @p2='?' (DbType = DateTime), @p3='?' (Size = 77), @p4='?' (Size = 40), @p5='?' (DbType = DateTime), @p6='?' (Size = 21)], CommandType='Text', CommandTimeout='30']
      INSERT INTO "Figures" ("Id", "CategoryId", "CreatedUtc", "Description", "ImageFile", "LastUpdatedUtc", "Name")
      VALUES (@p0, @p1, @p2, @p3, @p4, @p5, @p6);
info: Microsoft.EntityFrameworkCore.Database.Command[20101]
      Executed DbCommand (0ms) [Parameters=[@p0='?' (DbType = Guid), @p1='?' (DbType = Int32), @p2='?' (DbType = DateTime), @p3='?' (Size = 109), @p4='?' (Size = 40), @p5='?' (DbType = DateTime), @p6='?' (Size = 26)], CommandType='Text', CommandTimeout='30']
      INSERT INTO "Figures" ("Id", "CategoryId", "CreatedUtc", "Description", "ImageFile", "LastUpdatedUtc", "Name")
      VALUES (@p0, @p1, @p2, @p3, @p4, @p5, @p6);
info: Microsoft.EntityFrameworkCore.Database.Command[20101]
      Executed DbCommand (0ms) [Parameters=[@p0='?' (DbType = Guid), @p1='?' (DbType = Int32), @p2='?' (DbType = DateTime), @p3='?' (Size = 107), @p4='?' (Size = 40), @p5='?' (DbType = DateTime), @p6='?' (Size = 22)], CommandType='Text', CommandTimeout='30']
      INSERT INTO "Figures" ("Id", "CategoryId", "CreatedUtc", "Description", "ImageFile", "LastUpdatedUtc", "Name")
      VALUES (@p0, @p1, @p2, @p3, @p4, @p5, @p6);
info: Microsoft.EntityFrameworkCore.Database.Command[20101]
      Executed DbCommand (0ms) [Parameters=[@p0='?' (DbType = Guid), @p1='?' (DbType = Int32), @p2='?' (DbType = DateTime), @p3='?' (Size = 116), @p4='?' (Size = 40), @p5='?' (DbType = DateTime), @p6='?' (Size = 21)], CommandType='Text', CommandTimeout='30']
      INSERT INTO "Figures" ("Id", "CategoryId", "CreatedUtc", "Description", "ImageFile", "LastUpdatedUtc", "Name")
      VALUES (@p0, @p1, @p2, @p3, @p4, @p5, @p6);
info: Microsoft.EntityFrameworkCore.Database.Command[20101]
      Executed DbCommand (0ms) [Parameters=[@p0='?' (DbType = Guid), @p1='?' (DbType = Int32), @p2='?' (DbType = DateTime), @p3='?' (Size = 76), @p4='?' (Size = 40), @p5='?' (DbType = DateTime), @p6='?' (Size = 21)], CommandType='Text', CommandTimeout='30']
      INSERT INTO "Figures" ("Id", "CategoryId", "CreatedUtc", "Description", "ImageFile", "LastUpdatedUtc", "Name")
      VALUES (@p0, @p1, @p2, @p3, @p4, @p5, @p6);
info: Microsoft.EntityFrameworkCore.Database.Command[20101]
      Executed DbCommand (0ms) [Parameters=[@p0='?' (DbType = Guid), @p1='?' (DbType = Int32), @p2='?' (DbType = DateTime), @p3='?' (Size = 115), @p4='?' (Size = 40), @p5='?' (DbType = DateTime), @p6='?' (Size = 22)], CommandType='Text', CommandTimeout='30']
      INSERT INTO "Figures" ("Id", "CategoryId", "CreatedUtc", "Description", "ImageFile", "LastUpdatedUtc", "Name")
      VALUES (@p0, @p1, @p2, @p3, @p4, @p5, @p6);
info: Microsoft.EntityFrameworkCore.Database.Command[20101]
      Executed DbCommand (0ms) [Parameters=[@p0='?' (DbType = Guid), @p1='?' (DbType = Int32), @p2='?' (DbType = DateTime), @p3='?' (Size = 127), @p4='?' (Size = 40), @p5='?' (DbType = DateTime), @p6='?' (Size = 20)], CommandType='Text', CommandTimeout='30']
      INSERT INTO "Figures" ("Id", "CategoryId", "CreatedUtc", "Description", "ImageFile", "LastUpdatedUtc", "Name")
      VALUES (@p0, @p1, @p2, @p3, @p4, @p5, @p6);
info: Microsoft.EntityFrameworkCore.Database.Command[20101]
      Executed DbCommand (0ms) [Parameters=[@p0='?' (DbType = Guid), @p1='?' (DbType = Int32), @p2='?' (DbType = DateTime), @p3='?' (Size = 99), @p4='?' (Size = 40), @p5='?' (DbType = DateTime), @p6='?' (Size = 18)], CommandType='Text', CommandTimeout='30']
      INSERT INTO "Figures" ("Id", "CategoryId", "CreatedUtc", "Description", "ImageFile", "LastUpdatedUtc", "Name")
      VALUES (@p0, @p1, @p2, @p3, @p4, @p5, @p6);
info: Microsoft.EntityFrameworkCore.Database.Command[20101]
      Executed DbCommand (0ms) [Parameters=[@p0='?' (DbType = Guid), @p1='?' (DbType = Int32), @p2='?' (DbType = DateTime), @p3='?' (Size = 68), @p4='?' (Size = 40), @p5='?' (DbType = DateTime), @p6='?' (Size = 21)], CommandType='Text', CommandTimeout='30']
      INSERT INTO "Figures" ("Id", "CategoryId", "CreatedUtc", "Description", "ImageFile", "LastUpdatedUtc", "Name")
      VALUES (@p0, @p1, @p2, @p3, @p4, @p5, @p6);
info: Microsoft.EntityFrameworkCore.Database.Command[20101]
      Executed DbCommand (0ms) [Parameters=[@p0='?' (DbType = Guid), @p1='?' (DbType = Int32), @p2='?' (DbType = DateTime), @p3='?' (Size = 118), @p4='?' (Size = 40), @p5='?' (DbType = DateTime), @p6='?' (Size = 19)], CommandType='Text', CommandTimeout='30']
      INSERT INTO "Figures" ("Id", "CategoryId", "CreatedUtc", "Description", "ImageFile", "LastUpdatedUtc", "Name")
      VALUES (@p0, @p1, @p2, @p3, @p4, @p5, @p6);
info: Microsoft.EntityFrameworkCore.Database.Command[20101]
      Executed DbCommand (0ms) [Parameters=[@p0='?' (DbType = Guid), @p1='?' (DbType = Int32), @p2='?' (DbType = DateTime), @p3='?' (Size = 119), @p4='?' (Size = 40), @p5='?' (DbType = DateTime), @p6='?' (Size = 18)], CommandType='Text', CommandTimeout='30']
      INSERT INTO "Figures" ("Id", "CategoryId", "CreatedUtc", "Description", "ImageFile", "LastUpdatedUtc", "Name")
      VALUES (@p0, @p1, @p2, @p3, @p4, @p5, @p6);
info: Microsoft.EntityFrameworkCore.Database.Command[20101]
      Executed DbCommand (0ms) [Parameters=[@p0='?' (DbType = Guid), @p1='?' (DbType = Int32), @p2='?' (DbType = DateTime), @p3='?' (Size = 146), @p4='?' (Size = 40), @p5='?' (DbType = DateTime), @p6='?' (Size = 26)], CommandType='Text', CommandTimeout='30']
      INSERT INTO "Figures" ("Id", "CategoryId", "CreatedUtc", "Description", "ImageFile", "LastUpdatedUtc", "Name")
      VALUES (@p0, @p1, @p2, @p3, @p4, @p5, @p6);
info: Microsoft.EntityFrameworkCore.Database.Command[20101]
      Executed DbCommand (0ms) [Parameters=[@p0='?' (DbType = Guid), @p1='?' (DbType = Int32), @p2='?' (DbType = DateTime), @p3='?' (Size = 93), @p4='?' (Size = 40), @p5='?' (DbType = DateTime), @p6='?' (Size = 24)], CommandType='Text', CommandTimeout='30']
      INSERT INTO "Figures" ("Id", "CategoryId", "CreatedUtc", "Description", "ImageFile", "LastUpdatedUtc", "Name")
      VALUES (@p0, @p1, @p2, @p3, @p4, @p5, @p6);
info: LegoCatalog.App.Services.ImportService[0]
      catalog.import.completed inserted=198 skipped=0
info: Microsoft.EntityFrameworkCore.Database.Command[20101]
      Executed DbCommand (0ms) [Parameters=[], CommandType='Text', CommandTimeout='30']
      SELECT COUNT(*)
      FROM "Figures" AS "f"
info: Microsoft.EntityFrameworkCore.Database.Command[20101]
      Executed DbCommand (0ms) [Parameters=[], CommandType='Text', CommandTimeout='30']
      SELECT COUNT(*)
      FROM "Categories" AS "c"
info: Microsoft.EntityFrameworkCore.Database.Command[20101]
      Executed DbCommand (0ms) [Parameters=[], CommandType='Text', CommandTimeout='30']
      SELECT "c"."Id", "c"."Name", "c"."Slug"
      FROM "Categories" AS "c"
info: Microsoft.EntityFrameworkCore.Database.Command[20101]
      Executed DbCommand (0ms) [Parameters=[], CommandType='Text', CommandTimeout='30']
      SELECT "f"."Id"
      FROM "Figures" AS "f"
info: LegoCatalog.App.Services.ImportService[0]
      catalog.import.completed inserted=0 skipped=198
info: Microsoft.EntityFrameworkCore.Database.Command[20101]
      Executed DbCommand (0ms) [Parameters=[], CommandType='Text', CommandTimeout='30']
      SELECT COUNT(*)
      FROM "Figures" AS "f"
info: Microsoft.EntityFrameworkCore.Database.Command[20101]
      Executed DbCommand (0ms) [Parameters=[], CommandType='Text', CommandTimeout='30']
      SELECT COUNT(*)
      FROM "Categories" AS "c"
info: Microsoft.EntityFrameworkCore.Database.Command[20101]
      Executed DbCommand (0ms) [Parameters=[], CommandType='Text', CommandTimeout='30']
      SELECT "c"."Id", "c"."Name", "c"."Slug"
      FROM "Categories" AS "c"
info: Microsoft.EntityFrameworkCore.Database.Command[20101]
      Executed DbCommand (0ms) [Parameters=[], CommandType='Text', CommandTimeout='30']
      SELECT "f"."Id"
      FROM "Figures" AS "f"
info: Microsoft.EntityFrameworkCore.Database.Command[20101]
      Executed DbCommand (0ms) [Parameters=[@p0='?' (Size = 14), @p1='?' (Size = 14)], CommandType='Text', CommandTimeout='30']
      INSERT INTO "Categories" ("Name", "Slug")
      VALUES (@p0, @p1)
      RETURNING "Id";
info: Microsoft.EntityFrameworkCore.Database.Command[20101]
      Executed DbCommand (0ms) [Parameters=[@p0='?' (Size = 17), @p1='?' (Size = 17)], CommandType='Text', CommandTimeout='30']
      INSERT INTO "Categories" ("Name", "Slug")
      VALUES (@p0, @p1)
      RETURNING "Id";
info: Microsoft.EntityFrameworkCore.Database.Command[20101]
      Executed DbCommand (0ms) [Parameters=[@p2='?' (DbType = Guid), @p3='?' (DbType = Int32), @p4='?' (DbType = DateTime), @p5='?' (Size = 65), @p6='?' (Size = 40), @p7='?' (DbType = DateTime), @p8='?' (Size = 16)], CommandType='Text', CommandTimeout='30']
      INSERT INTO "Figures" ("Id", "CategoryId", "CreatedUtc", "Description", "ImageFile", "LastUpdatedUtc", "Name")
      VALUES (@p2, @p3, @p4, @p5, @p6, @p7, @p8);
info: Microsoft.EntityFrameworkCore.Database.Command[20101]
      Executed DbCommand (0ms) [Parameters=[@p0='?' (DbType = Guid), @p1='?' (DbType = Int32), @p2='?' (DbType = DateTime), @p3='?' (Size = 68), @p4='?' (Size = 40), @p5='?' (DbType = DateTime), @p6='?' (Size = 16)], CommandType='Text', CommandTimeout='30']
      INSERT INTO "Figures" ("Id", "CategoryId", "CreatedUtc", "Description", "ImageFile", "LastUpdatedUtc", "Name")
      VALUES (@p0, @p1, @p2, @p3, @p4, @p5, @p6);
info: Microsoft.EntityFrameworkCore.Database.Command[20101]
      Executed DbCommand (0ms) [Parameters=[@p0='?' (DbType = Guid), @p1='?' (DbType = Int32), @p2='?' (DbType = DateTime), @p3='?' (Size = 74), @p4='?' (Size = 40), @p5='?' (DbType = DateTime), @p6='?' (Size = 16)], CommandType='Text', CommandTimeout='30']
      INSERT INTO "Figures" ("Id", "CategoryId", "CreatedUtc", "Description", "ImageFile", "LastUpdatedUtc", "Name")
      VALUES (@p0, @p1, @p2, @p3, @p4, @p5, @p6);
info: Microsoft.EntityFrameworkCore.Database.Command[20101]
      Executed DbCommand (0ms) [Parameters=[@p0='?' (DbType = Guid), @p1='?' (DbType = Int32), @p2='?' (DbType = DateTime), @p3='?' (Size = 89), @p4='?' (Size = 40), @p5='?' (DbType = DateTime), @p6='?' (Size = 21)], CommandType='Text', CommandTimeout='30']
      INSERT INTO "Figures" ("Id", "CategoryId", "CreatedUtc", "Description", "ImageFile", "LastUpdatedUtc", "Name")
      VALUES (@p0, @p1, @p2, @p3, @p4, @p5, @p6);
info: LegoCatalog.App.Services.ImportService[0]
      catalog.import.completed inserted=4 skipped=0
info: Microsoft.EntityFrameworkCore.Database.Command[20101]
      Executed DbCommand (0ms) [Parameters=[], CommandType='Text', CommandTimeout='30']
      SELECT COUNT(*)
      FROM "Figures" AS "f"
info: Microsoft.EntityFrameworkCore.Database.Command[20101]
      Executed DbCommand (0ms) [Parameters=[], CommandType='Text', CommandTimeout='30']
      SELECT COUNT(*)
      FROM "Categories" AS "c"
info: Microsoft.EntityFrameworkCore.Database.Command[20101]
      Executed DbCommand (0ms) [Parameters=[], CommandType='Text', CommandTimeout='30']
      SELECT "c"."Id", "c"."Name", "c"."Slug"
      FROM "Categories" AS "c"
info: Microsoft.EntityFrameworkCore.Database.Command[20101]
      Executed DbCommand (0ms) [Parameters=[], CommandType='Text', CommandTimeout='30']
      SELECT "f"."Id"
      FROM "Figures" AS "f"
info: LegoCatalog.App.Services.ImportService[0]
      catalog.import.completed inserted=0 skipped=4
info: Microsoft.EntityFrameworkCore.Database.Command[20101]
      Executed DbCommand (0ms) [Parameters=[], CommandType='Text', CommandTimeout='30']
      SELECT COUNT(*)
      FROM "Figures" AS "f"
info: Microsoft.EntityFrameworkCore.Database.Command[20101]
      Executed DbCommand (0ms) [Parameters=[], CommandType='Text', CommandTimeout='30']
      SELECT COUNT(*)
      FROM "Categories" AS "c"
info: LegoCatalog.App.Middleware.RequestTelemetryMiddleware[0]
      http.server.request
info: LegoCatalog.App.Middleware.RequestTelemetryMiddleware[0]
      http.server.request
info: LegoCatalog.App.Middleware.RequestTelemetryMiddleware[0]
      http.server.request
info: Microsoft.EntityFrameworkCore.Database.Command[20101]
      Executed DbCommand (0ms) [Parameters=[], CommandType='Text', CommandTimeout='30']
      CREATE TABLE "Categories" (
          "Id" INTEGER NOT NULL CONSTRAINT "PK_Categories" PRIMARY KEY AUTOINCREMENT,
          "Name" TEXT NOT NULL,
          "Slug" TEXT NOT NULL,
          CONSTRAINT "UQ_Categories_Name" UNIQUE ("Name"),
          CONSTRAINT "UQ_Categories_Slug" UNIQUE ("Slug")
      );
      CREATE TABLE "Figures" (
          "Id" TEXT NOT NULL CONSTRAINT "PK_Figures" PRIMARY KEY,
          "Name" TEXT NOT NULL,
          "CategoryId" INTEGER NOT NULL,
          "Description" TEXT NOT NULL,
          "ImageFile" TEXT NOT NULL,
          "CreatedUtc" datetime2 NOT NULL,
          "LastUpdatedUtc" datetime2 NOT NULL,
          CONSTRAINT "FK_Figures_Categories" FOREIGN KEY ("CategoryId") REFERENCES "Categories" ("Id")
      );
      CREATE INDEX "IX_Figures_CategoryId" ON "Figures" ("CategoryId");
      CREATE INDEX "IX_Figures_Name" ON "Figures" ("Name");
info: Microsoft.EntityFrameworkCore.Database.Command[20101]
      Executed DbCommand (0ms) [Parameters=[], CommandType='Text', CommandTimeout='30']
      SELECT "c"."Id", "c"."Name", "c"."Slug"
      FROM "Categories" AS "c"
info: Microsoft.EntityFrameworkCore.Database.Command[20101]
      Executed DbCommand (0ms) [Parameters=[], CommandType='Text', CommandTimeout='30']
      SELECT "f"."Id"
      FROM "Figures" AS "f"
info: Microsoft.EntityFrameworkCore.Database.Command[20101]
      Executed DbCommand (0ms) [Parameters=[@p0='?' (Size = 14), @p1='?' (Size = 14)], CommandType='Text', CommandTimeout='30']
      INSERT INTO "Categories" ("Name", "Slug")
      VALUES (@p0, @p1)
      RETURNING "Id";
info: Microsoft.EntityFrameworkCore.Database.Command[20101]
      Executed DbCommand (0ms) [Parameters=[@p0='?' (Size = 17), @p1='?' (Size = 17)], CommandType='Text', CommandTimeout='30']
      INSERT INTO "Categories" ("Name", "Slug")
      VALUES (@p0, @p1)
      RETURNING "Id";
info: Microsoft.EntityFrameworkCore.Database.Command[20101]
      Executed DbCommand (0ms) [Parameters=[@p2='?' (DbType = Guid), @p3='?' (DbType = Int32), @p4='?' (DbType = DateTime), @p5='?' (Size = 65), @p6='?' (Size = 40), @p7='?' (DbType = DateTime), @p8='?' (Size = 16)], CommandType='Text', CommandTimeout='30']
      INSERT INTO "Figures" ("Id", "CategoryId", "CreatedUtc", "Description", "ImageFile", "LastUpdatedUtc", "Name")
      VALUES (@p2, @p3, @p4, @p5, @p6, @p7, @p8);
info: Microsoft.EntityFrameworkCore.Database.Command[20101]
      Executed DbCommand (0ms) [Parameters=[@p0='?' (DbType = Guid), @p1='?' (DbType = Int32), @p2='?' (DbType = DateTime), @p3='?' (Size = 68), @p4='?' (Size = 40), @p5='?' (DbType = DateTime), @p6='?' (Size = 16)], CommandType='Text', CommandTimeout='30']
      INSERT INTO "Figures" ("Id", "CategoryId", "CreatedUtc", "Description", "ImageFile", "LastUpdatedUtc", "Name")
      VALUES (@p0, @p1, @p2, @p3, @p4, @p5, @p6);
info: Microsoft.EntityFrameworkCore.Database.Command[20101]
      Executed DbCommand (0ms) [Parameters=[@p0='?' (DbType = Guid), @p1='?' (DbType = Int32), @p2='?' (DbType = DateTime), @p3='?' (Size = 74), @p4='?' (Size = 40), @p5='?' (DbType = DateTime), @p6='?' (Size = 16)], CommandType='Text', CommandTimeout='30']
      INSERT INTO "Figures" ("Id", "CategoryId", "CreatedUtc", "Description", "ImageFile", "LastUpdatedUtc", "Name")
      VALUES (@p0, @p1, @p2, @p3, @p4, @p5, @p6);
info: Microsoft.EntityFrameworkCore.Database.Command[20101]
      Executed DbCommand (0ms) [Parameters=[@p0='?' (DbType = Guid), @p1='?' (DbType = Int32), @p2='?' (DbType = DateTime), @p3='?' (Size = 89), @p4='?' (Size = 40), @p5='?' (DbType = DateTime), @p6='?' (Size = 21)], CommandType='Text', CommandTimeout='30']
      INSERT INTO "Figures" ("Id", "CategoryId", "CreatedUtc", "Description", "ImageFile", "LastUpdatedUtc", "Name")
      VALUES (@p0, @p1, @p2, @p3, @p4, @p5, @p6);
info: LegoCatalog.App.Services.ImportService[0]
      catalog.import.completed inserted=4 skipped=0
info: Microsoft.EntityFrameworkCore.Database.Command[20101]
      Executed DbCommand (0ms) [Parameters=[@__id_0='?' (DbType = Guid)], CommandType='Text', CommandTimeout='30']
      SELECT "f"."Id", "f"."CategoryId", "f"."CreatedUtc", "f"."Description", "f"."ImageFile", "f"."LastUpdatedUtc", "f"."Name", "c"."Id", "c"."Name", "c"."Slug"
      FROM "Figures" AS "f"
      INNER JOIN "Categories" AS "c" ON "f"."CategoryId" = "c"."Id"
      WHERE "f"."Id" = @__id_0
      LIMIT 1
info: LegoCatalog.App.Middleware.RequestTelemetryMiddleware[0]
      http.server.request
info: LegoCatalog.App.Middleware.RequestTelemetryMiddleware[0]
      http.server.request
info: Microsoft.EntityFrameworkCore.Database.Command[20101]
      Executed DbCommand (0ms) [Parameters=[@__id_0='?' (DbType = Guid)], CommandType='Text', CommandTimeout='30']
      SELECT "f"."Id", "f"."CategoryId", "f"."CreatedUtc", "f"."Description", "f"."ImageFile", "f"."LastUpdatedUtc", "f"."Name", "c"."Id", "c"."Name", "c"."Slug"
      FROM "Figures" AS "f"
      INNER JOIN "Categories" AS "c" ON "f"."CategoryId" = "c"."Id"
      WHERE "f"."Id" = @__id_0
      LIMIT 1
info: LegoCatalog.App.Middleware.RequestTelemetryMiddleware[0]
      http.server.request
info: LegoCatalog.App.Middleware.RequestTelemetryMiddleware[0]
      http.server.request
info: LegoCatalog.App.Middleware.RequestTelemetryMiddleware[0]
      http.server.request
info: LegoCatalog.App.Middleware.RequestTelemetryMiddleware[0]
      http.server.request
info: LegoCatalog.App.Middleware.RequestTelemetryMiddleware[0]
      http.server.request
[xUnit.net 00:00:02.13]   Finished:    LegoCatalog.App.Tests
</StdOut>
    </Output>
  </ResultSummary>
</TestRun>